<?xml version="1.0" encoding="UTF-8"?>
<testsuites name="Item detail test" time="1225.462" tests="51" failures="2" errors="0">
   <testsuite name="Item detail test" tests="51" failures="2" errors="0" time="1225.462" timestamp="2022-04-07 10:57:10" hostname="Lexoter - DESKTOP-IJBB9BE" id="Test Suites/Item detail test">
      <properties>
         <property name="deviceName" value=""/>
         <property name="devicePlatform" value=""/>
         <property name="logFolder" value="K:\\Work\\GitHub\\find-item-detail-test_v2\\Reports\\20220407_105703\\Item detail test\\20220407_105703"/>
         <property name="logFiles" value="K:\\Work\\GitHub\\find-item-detail-test_v2\\Reports\\20220407_105703\\Item detail test\\20220407_105703\\execution0.log"/>
         <property name="attachments" value="K:\\Work\\GitHub\\find-item-detail-test_v2\\Reports\\20220407_105703\\Item detail test\\20220407_105703\\1649300584242.png, K:\\Work\\GitHub\\find-item-detail-test_v2\\Reports\\20220407_105703\\Item detail test\\20220407_105703\\1649301454063.png"/>
         <property name="hostName" value="Lexoter - DESKTOP-IJBB9BE"/>
         <property name="os" value="Windows 10 64bit"/>
         <property name="katalonVersion" value="7.7.0.205"/>
         <property name="browser" value="Chrome 99.0.4844.84"/>
         <property name="hostAddress" value="192.168.1.2"/>
         <property name="sessionId" value="2cf318305f54f88efd8a9e9f1aaa0546"/>
         <property name="seleniumVersion" value="3.141.59"/>
         <property name="proxyInformation" value="ProxyInformation { proxyOption=NO_PROXY, proxyServerType=HTTP, username=, password=********, proxyServerAddress=, proxyServerPort=0, executionList=&quot;&quot;, isApplyToDesiredCapabilities=true }"/>
         <property name="platform" value="Windows 10"/>
      </properties>
      <testcase name="Test Cases/Custom Item Details/TEST CASE/TC_DETAILS_UI_001" time="15.222" classname="Test Cases/Custom Item Details/TEST CASE/TC_DETAILS_UI_001" status="PASSED">
         <system-out><![CDATA[2022-04-07 10:57:10 - [TEST_CASE][PASSED] - Test Cases/Custom Item Details/TEST CASE/TC_DETAILS_UI_001: Test Cases/Custom Item Details/TEST CASE/TC_DETAILS_UI_001

2022-04-07 10:57:10 - [TEST_STEP][PASSED] - callTestCase(findTestCase("Custom Item Details/UTILITIES/OPEN_BROWSER"), [:], STOP_ON_FAILURE): Call Test Case 'Test Cases/Custom Item Details/UTILITIES/OPEN_BROWSER' successfully

2022-04-07 10:57:10 - [TEST_CASE][PASSED] - Test Cases/Custom Item Details/UTILITIES/OPEN_BROWSER: Test Cases/Custom Item Details/UTILITIES/OPEN_BROWSER

2022-04-07 10:57:10 - [TEST_STEP][PASSED] - openBrowser("https://diagnostics.staging.arcadier.io/"): Browser is opened with url: 'https://diagnostics.staging.arcadier.io/'

2022-04-07 10:57:11 - [MESSAGE][INFO] - Starting 'Chrome' driver

2022-04-07 10:57:11 - [MESSAGE][INFO] - Action delay is set to 0 milliseconds

2022-04-07 10:57:15 - [MESSAGE][PASSED] - Browser is opened with url: 'https://diagnostics.staging.arcadier.io/'

2022-04-07 10:57:15 - [TEST_STEP][PASSED] - maximizeWindow(): Current window maximized

2022-04-07 10:57:15 - [MESSAGE][PASSED] - Current window maximized

2022-04-07 10:57:15 - [TEST_STEP][PASSED] - click(findTestObject("Item Details Objects/Page_diagnostics/a_Accept Cookies")): Object: 'Object Repository/Item Details Objects/Page_diagnostics/a_Accept Cookies' is clicked on

2022-04-07 10:57:17 - [MESSAGE][PASSED] - Object: 'Object Repository/Item Details Objects/Page_diagnostics/a_Accept Cookies' is clicked on

2022-04-07 10:57:17 - [TEST_STEP][PASSED] - click(findTestObject("New_Homepage/Page_diagnostics/a_COVID-19 DIAGNOSTICS"), STOP_ON_FAILURE): Object: 'Object Repository/New_Homepage/Page_diagnostics/a_COVID-19 DIAGNOSTICS' is clicked on

2022-04-07 10:57:18 - [MESSAGE][PASSED] - Object: 'Object Repository/New_Homepage/Page_diagnostics/a_COVID-19 DIAGNOSTICS' is clicked on

2022-04-07 10:57:18 - [TEST_STEP][PASSED] - mouseOver(findTestObject("New_Homepage/Page_diagnostics/a_Abbott Rapid Diagnostics PANBIO COVID-19 Ag Rapid Test Device (Nasopharyngeal)")): Object: 'Object Repository/New_Homepage/Page_diagnostics/a_Abbott Rapid Diagnostics PANBIO COVID-19 Ag Rapid Test Device (Nasopharyngeal)' is hovered

2022-04-07 10:57:20 - [MESSAGE][PASSED] - Object: 'Object Repository/New_Homepage/Page_diagnostics/a_Abbott Rapid Diagnostics PANBIO COVID-19 Ag Rapid Test Device (Nasopharyngeal)' is hovered

2022-04-07 10:57:20 - [TEST_STEP][PASSED] - click(findTestObject("New_Homepage/Page_diagnostics/a_Abbott Rapid Diagnostics PANBIO COVID-19 Ag Rapid Test Device (Nasopharyngeal)")): Object: 'Object Repository/New_Homepage/Page_diagnostics/a_Abbott Rapid Diagnostics PANBIO COVID-19 Ag Rapid Test Device (Nasopharyngeal)' is clicked on

2022-04-07 10:57:23 - [MESSAGE][PASSED] - Object: 'Object Repository/New_Homepage/Page_diagnostics/a_Abbott Rapid Diagnostics PANBIO COVID-19 Ag Rapid Test Device (Nasopharyngeal)' is clicked on

2022-04-07 10:57:23 - [MESSAGE][PASSED] - Call Test Case 'Test Cases/Custom Item Details/UTILITIES/OPEN_BROWSER' successfully

2022-04-07 10:57:23 - [TEST_STEP][PASSED] - waitForElementVisible(findTestObject("Item Details Objects/Page_diagnostics/div.item-details"), 0): Object 'Object Repository/Item Details Objects/Page_diagnostics/div.item-details' is visible

2022-04-07 10:57:23 - [MESSAGE][WARNING] - Timeout '0' is invalid. Using default page load timeout: '30'

2022-04-07 10:57:24 - [MESSAGE][PASSED] - Object 'Object Repository/Item Details Objects/Page_diagnostics/div.item-details' is visible

2022-04-07 10:57:24 - [TEST_STEP][PASSED] - callTestCase(findTestCase("Custom Item Details/UTILITIES/CLOSE_BROWSER"), [:], STOP_ON_FAILURE): Call Test Case 'Test Cases/Custom Item Details/UTILITIES/CLOSE_BROWSER' successfully

2022-04-07 10:57:24 - [TEST_CASE][PASSED] - Test Cases/Custom Item Details/UTILITIES/CLOSE_BROWSER: Test Cases/Custom Item Details/UTILITIES/CLOSE_BROWSER

2022-04-07 10:57:24 - [TEST_STEP][PASSED] - closeBrowser(): Browser is closed

2022-04-07 10:57:25 - [MESSAGE][PASSED] - Browser is closed

2022-04-07 10:57:25 - [MESSAGE][PASSED] - Call Test Case 'Test Cases/Custom Item Details/UTILITIES/CLOSE_BROWSER' successfully]]></system-out>
         <system-err><![CDATA[]]></system-err>
      </testcase>
      <testcase name="Test Cases/Custom Item Details/TEST CASE/TC_DETAILS_UI_002" time="15.425" classname="Test Cases/Custom Item Details/TEST CASE/TC_DETAILS_UI_002" status="PASSED">
         <system-out><![CDATA[2022-04-07 10:57:25 - [TEST_CASE][PASSED] - Test Cases/Custom Item Details/TEST CASE/TC_DETAILS_UI_002: Test Cases/Custom Item Details/TEST CASE/TC_DETAILS_UI_002

2022-04-07 10:57:25 - [TEST_STEP][PASSED] - callTestCase(findTestCase("Custom Item Details/UTILITIES/OPEN_BROWSER"), [:], STOP_ON_FAILURE): Call Test Case 'Test Cases/Custom Item Details/UTILITIES/OPEN_BROWSER' successfully

2022-04-07 10:57:25 - [TEST_CASE][PASSED] - Test Cases/Custom Item Details/UTILITIES/OPEN_BROWSER: Test Cases/Custom Item Details/UTILITIES/OPEN_BROWSER

2022-04-07 10:57:25 - [TEST_STEP][PASSED] - openBrowser("https://diagnostics.staging.arcadier.io/"): Browser is opened with url: 'https://diagnostics.staging.arcadier.io/'

2022-04-07 10:57:25 - [MESSAGE][INFO] - Starting 'Chrome' driver

2022-04-07 10:57:25 - [MESSAGE][INFO] - Action delay is set to 0 milliseconds

2022-04-07 10:57:28 - [MESSAGE][PASSED] - Browser is opened with url: 'https://diagnostics.staging.arcadier.io/'

2022-04-07 10:57:28 - [TEST_STEP][PASSED] - maximizeWindow(): Current window maximized

2022-04-07 10:57:29 - [MESSAGE][PASSED] - Current window maximized

2022-04-07 10:57:29 - [TEST_STEP][PASSED] - click(findTestObject("Item Details Objects/Page_diagnostics/a_Accept Cookies")): Object: 'Object Repository/Item Details Objects/Page_diagnostics/a_Accept Cookies' is clicked on

2022-04-07 10:57:30 - [MESSAGE][PASSED] - Object: 'Object Repository/Item Details Objects/Page_diagnostics/a_Accept Cookies' is clicked on

2022-04-07 10:57:30 - [TEST_STEP][PASSED] - click(findTestObject("New_Homepage/Page_diagnostics/a_COVID-19 DIAGNOSTICS"), STOP_ON_FAILURE): Object: 'Object Repository/New_Homepage/Page_diagnostics/a_COVID-19 DIAGNOSTICS' is clicked on

2022-04-07 10:57:33 - [MESSAGE][PASSED] - Object: 'Object Repository/New_Homepage/Page_diagnostics/a_COVID-19 DIAGNOSTICS' is clicked on

2022-04-07 10:57:33 - [TEST_STEP][PASSED] - mouseOver(findTestObject("New_Homepage/Page_diagnostics/a_Abbott Rapid Diagnostics PANBIO COVID-19 Ag Rapid Test Device (Nasopharyngeal)")): Object: 'Object Repository/New_Homepage/Page_diagnostics/a_Abbott Rapid Diagnostics PANBIO COVID-19 Ag Rapid Test Device (Nasopharyngeal)' is hovered

2022-04-07 10:57:35 - [MESSAGE][PASSED] - Object: 'Object Repository/New_Homepage/Page_diagnostics/a_Abbott Rapid Diagnostics PANBIO COVID-19 Ag Rapid Test Device (Nasopharyngeal)' is hovered

2022-04-07 10:57:35 - [TEST_STEP][PASSED] - click(findTestObject("New_Homepage/Page_diagnostics/a_Abbott Rapid Diagnostics PANBIO COVID-19 Ag Rapid Test Device (Nasopharyngeal)")): Object: 'Object Repository/New_Homepage/Page_diagnostics/a_Abbott Rapid Diagnostics PANBIO COVID-19 Ag Rapid Test Device (Nasopharyngeal)' is clicked on

2022-04-07 10:57:38 - [MESSAGE][PASSED] - Object: 'Object Repository/New_Homepage/Page_diagnostics/a_Abbott Rapid Diagnostics PANBIO COVID-19 Ag Rapid Test Device (Nasopharyngeal)' is clicked on

2022-04-07 10:57:38 - [MESSAGE][PASSED] - Call Test Case 'Test Cases/Custom Item Details/UTILITIES/OPEN_BROWSER' successfully

2022-04-07 10:57:38 - [TEST_STEP][PASSED] - waitForElementVisible(findTestObject("Item Details Objects/Page_diagnostics/div.item-detail-right"), 0): Object 'Object Repository/Item Details Objects/Page_diagnostics/div.item-detail-right' is visible

2022-04-07 10:57:38 - [MESSAGE][WARNING] - Timeout '0' is invalid. Using default page load timeout: '30'

2022-04-07 10:57:40 - [MESSAGE][PASSED] - Object 'Object Repository/Item Details Objects/Page_diagnostics/div.item-detail-right' is visible

2022-04-07 10:57:40 - [TEST_STEP][PASSED] - callTestCase(findTestCase("Custom Item Details/UTILITIES/CLOSE_BROWSER"), [:], STOP_ON_FAILURE): Call Test Case 'Test Cases/Custom Item Details/UTILITIES/CLOSE_BROWSER' successfully

2022-04-07 10:57:40 - [TEST_CASE][PASSED] - Test Cases/Custom Item Details/UTILITIES/CLOSE_BROWSER: Test Cases/Custom Item Details/UTILITIES/CLOSE_BROWSER

2022-04-07 10:57:40 - [TEST_STEP][PASSED] - closeBrowser(): Browser is closed

2022-04-07 10:57:41 - [MESSAGE][PASSED] - Browser is closed

2022-04-07 10:57:41 - [MESSAGE][PASSED] - Call Test Case 'Test Cases/Custom Item Details/UTILITIES/CLOSE_BROWSER' successfully]]></system-out>
         <system-err><![CDATA[]]></system-err>
      </testcase>
      <testcase name="Test Cases/Custom Item Details/TEST CASE/TC_DETAILS_UI_003" time="14.29" classname="Test Cases/Custom Item Details/TEST CASE/TC_DETAILS_UI_003" status="PASSED">
         <system-out><![CDATA[2022-04-07 10:57:41 - [TEST_CASE][PASSED] - Test Cases/Custom Item Details/TEST CASE/TC_DETAILS_UI_003: Test Cases/Custom Item Details/TEST CASE/TC_DETAILS_UI_003

2022-04-07 10:57:41 - [TEST_STEP][PASSED] - callTestCase(findTestCase("Custom Item Details/UTILITIES/OPEN_BROWSER"), [:], STOP_ON_FAILURE): Call Test Case 'Test Cases/Custom Item Details/UTILITIES/OPEN_BROWSER' successfully

2022-04-07 10:57:41 - [TEST_CASE][PASSED] - Test Cases/Custom Item Details/UTILITIES/OPEN_BROWSER: Test Cases/Custom Item Details/UTILITIES/OPEN_BROWSER

2022-04-07 10:57:41 - [TEST_STEP][PASSED] - openBrowser("https://diagnostics.staging.arcadier.io/"): Browser is opened with url: 'https://diagnostics.staging.arcadier.io/'

2022-04-07 10:57:41 - [MESSAGE][INFO] - Starting 'Chrome' driver

2022-04-07 10:57:41 - [MESSAGE][INFO] - Action delay is set to 0 milliseconds

2022-04-07 10:57:44 - [MESSAGE][PASSED] - Browser is opened with url: 'https://diagnostics.staging.arcadier.io/'

2022-04-07 10:57:44 - [TEST_STEP][PASSED] - maximizeWindow(): Current window maximized

2022-04-07 10:57:44 - [MESSAGE][PASSED] - Current window maximized

2022-04-07 10:57:44 - [TEST_STEP][PASSED] - click(findTestObject("Item Details Objects/Page_diagnostics/a_Accept Cookies")): Object: 'Object Repository/Item Details Objects/Page_diagnostics/a_Accept Cookies' is clicked on

2022-04-07 10:57:46 - [MESSAGE][PASSED] - Object: 'Object Repository/Item Details Objects/Page_diagnostics/a_Accept Cookies' is clicked on

2022-04-07 10:57:46 - [TEST_STEP][PASSED] - click(findTestObject("New_Homepage/Page_diagnostics/a_COVID-19 DIAGNOSTICS"), STOP_ON_FAILURE): Object: 'Object Repository/New_Homepage/Page_diagnostics/a_COVID-19 DIAGNOSTICS' is clicked on

2022-04-07 10:57:48 - [MESSAGE][PASSED] - Object: 'Object Repository/New_Homepage/Page_diagnostics/a_COVID-19 DIAGNOSTICS' is clicked on

2022-04-07 10:57:48 - [TEST_STEP][PASSED] - mouseOver(findTestObject("New_Homepage/Page_diagnostics/a_Abbott Rapid Diagnostics PANBIO COVID-19 Ag Rapid Test Device (Nasopharyngeal)")): Object: 'Object Repository/New_Homepage/Page_diagnostics/a_Abbott Rapid Diagnostics PANBIO COVID-19 Ag Rapid Test Device (Nasopharyngeal)' is hovered

2022-04-07 10:57:50 - [MESSAGE][PASSED] - Object: 'Object Repository/New_Homepage/Page_diagnostics/a_Abbott Rapid Diagnostics PANBIO COVID-19 Ag Rapid Test Device (Nasopharyngeal)' is hovered

2022-04-07 10:57:50 - [TEST_STEP][PASSED] - click(findTestObject("New_Homepage/Page_diagnostics/a_Abbott Rapid Diagnostics PANBIO COVID-19 Ag Rapid Test Device (Nasopharyngeal)")): Object: 'Object Repository/New_Homepage/Page_diagnostics/a_Abbott Rapid Diagnostics PANBIO COVID-19 Ag Rapid Test Device (Nasopharyngeal)' is clicked on

2022-04-07 10:57:53 - [MESSAGE][PASSED] - Object: 'Object Repository/New_Homepage/Page_diagnostics/a_Abbott Rapid Diagnostics PANBIO COVID-19 Ag Rapid Test Device (Nasopharyngeal)' is clicked on

2022-04-07 10:57:53 - [MESSAGE][PASSED] - Call Test Case 'Test Cases/Custom Item Details/UTILITIES/OPEN_BROWSER' successfully

2022-04-07 10:57:53 - [TEST_STEP][PASSED] - waitForElementVisible(findTestObject("Item Details Objects/Page_diagnostics/img.Item"), 0): Object 'Object Repository/Item Details Objects/Page_diagnostics/img.Item' is visible

2022-04-07 10:57:53 - [MESSAGE][WARNING] - Timeout '0' is invalid. Using default page load timeout: '30'

2022-04-07 10:57:54 - [MESSAGE][PASSED] - Object 'Object Repository/Item Details Objects/Page_diagnostics/img.Item' is visible

2022-04-07 10:57:54 - [TEST_STEP][PASSED] - callTestCase(findTestCase("Custom Item Details/UTILITIES/CLOSE_BROWSER"), [:], STOP_ON_FAILURE): Call Test Case 'Test Cases/Custom Item Details/UTILITIES/CLOSE_BROWSER' successfully

2022-04-07 10:57:54 - [TEST_CASE][PASSED] - Test Cases/Custom Item Details/UTILITIES/CLOSE_BROWSER: Test Cases/Custom Item Details/UTILITIES/CLOSE_BROWSER

2022-04-07 10:57:54 - [TEST_STEP][PASSED] - closeBrowser(): Browser is closed

2022-04-07 10:57:55 - [MESSAGE][PASSED] - Browser is closed

2022-04-07 10:57:55 - [MESSAGE][PASSED] - Call Test Case 'Test Cases/Custom Item Details/UTILITIES/CLOSE_BROWSER' successfully]]></system-out>
         <system-err><![CDATA[]]></system-err>
      </testcase>
      <testcase name="Test Cases/Custom Item Details/TEST CASE/TC_DETAILS_UI_004" time="13.378" classname="Test Cases/Custom Item Details/TEST CASE/TC_DETAILS_UI_004" status="PASSED">
         <system-out><![CDATA[2022-04-07 10:57:55 - [TEST_CASE][PASSED] - Test Cases/Custom Item Details/TEST CASE/TC_DETAILS_UI_004: Test Cases/Custom Item Details/TEST CASE/TC_DETAILS_UI_004

2022-04-07 10:57:55 - [TEST_STEP][PASSED] - callTestCase(findTestCase("Custom Item Details/UTILITIES/OPEN_BROWSER"), [:], STOP_ON_FAILURE): Call Test Case 'Test Cases/Custom Item Details/UTILITIES/OPEN_BROWSER' successfully

2022-04-07 10:57:55 - [TEST_CASE][PASSED] - Test Cases/Custom Item Details/UTILITIES/OPEN_BROWSER: Test Cases/Custom Item Details/UTILITIES/OPEN_BROWSER

2022-04-07 10:57:55 - [TEST_STEP][PASSED] - openBrowser("https://diagnostics.staging.arcadier.io/"): Browser is opened with url: 'https://diagnostics.staging.arcadier.io/'

2022-04-07 10:57:55 - [MESSAGE][INFO] - Starting 'Chrome' driver

2022-04-07 10:57:55 - [MESSAGE][INFO] - Action delay is set to 0 milliseconds

2022-04-07 10:57:58 - [MESSAGE][PASSED] - Browser is opened with url: 'https://diagnostics.staging.arcadier.io/'

2022-04-07 10:57:58 - [TEST_STEP][PASSED] - maximizeWindow(): Current window maximized

2022-04-07 10:57:58 - [MESSAGE][PASSED] - Current window maximized

2022-04-07 10:57:58 - [TEST_STEP][PASSED] - click(findTestObject("Item Details Objects/Page_diagnostics/a_Accept Cookies")): Object: 'Object Repository/Item Details Objects/Page_diagnostics/a_Accept Cookies' is clicked on

2022-04-07 10:58:00 - [MESSAGE][PASSED] - Object: 'Object Repository/Item Details Objects/Page_diagnostics/a_Accept Cookies' is clicked on

2022-04-07 10:58:00 - [TEST_STEP][PASSED] - click(findTestObject("New_Homepage/Page_diagnostics/a_COVID-19 DIAGNOSTICS"), STOP_ON_FAILURE): Object: 'Object Repository/New_Homepage/Page_diagnostics/a_COVID-19 DIAGNOSTICS' is clicked on

2022-04-07 10:58:01 - [MESSAGE][PASSED] - Object: 'Object Repository/New_Homepage/Page_diagnostics/a_COVID-19 DIAGNOSTICS' is clicked on

2022-04-07 10:58:01 - [TEST_STEP][PASSED] - mouseOver(findTestObject("New_Homepage/Page_diagnostics/a_Abbott Rapid Diagnostics PANBIO COVID-19 Ag Rapid Test Device (Nasopharyngeal)")): Object: 'Object Repository/New_Homepage/Page_diagnostics/a_Abbott Rapid Diagnostics PANBIO COVID-19 Ag Rapid Test Device (Nasopharyngeal)' is hovered

2022-04-07 10:58:03 - [MESSAGE][PASSED] - Object: 'Object Repository/New_Homepage/Page_diagnostics/a_Abbott Rapid Diagnostics PANBIO COVID-19 Ag Rapid Test Device (Nasopharyngeal)' is hovered

2022-04-07 10:58:03 - [TEST_STEP][PASSED] - click(findTestObject("New_Homepage/Page_diagnostics/a_Abbott Rapid Diagnostics PANBIO COVID-19 Ag Rapid Test Device (Nasopharyngeal)")): Object: 'Object Repository/New_Homepage/Page_diagnostics/a_Abbott Rapid Diagnostics PANBIO COVID-19 Ag Rapid Test Device (Nasopharyngeal)' is clicked on

2022-04-07 10:58:06 - [MESSAGE][PASSED] - Object: 'Object Repository/New_Homepage/Page_diagnostics/a_Abbott Rapid Diagnostics PANBIO COVID-19 Ag Rapid Test Device (Nasopharyngeal)' is clicked on

2022-04-07 10:58:06 - [MESSAGE][PASSED] - Call Test Case 'Test Cases/Custom Item Details/UTILITIES/OPEN_BROWSER' successfully

2022-04-07 10:58:06 - [TEST_STEP][PASSED] - waitForElementVisible(findTestObject("Item Details Objects/Page_diagnostics/div.merchant-name2"), 0): Object 'Object Repository/Item Details Objects/Page_diagnostics/div.merchant-name2' is visible

2022-04-07 10:58:06 - [MESSAGE][WARNING] - Timeout '0' is invalid. Using default page load timeout: '30'

2022-04-07 10:58:07 - [MESSAGE][PASSED] - Object 'Object Repository/Item Details Objects/Page_diagnostics/div.merchant-name2' is visible

2022-04-07 10:58:07 - [TEST_STEP][PASSED] - callTestCase(findTestCase("Custom Item Details/UTILITIES/CLOSE_BROWSER"), [:], STOP_ON_FAILURE): Call Test Case 'Test Cases/Custom Item Details/UTILITIES/CLOSE_BROWSER' successfully

2022-04-07 10:58:08 - [TEST_CASE][PASSED] - Test Cases/Custom Item Details/UTILITIES/CLOSE_BROWSER: Test Cases/Custom Item Details/UTILITIES/CLOSE_BROWSER

2022-04-07 10:58:08 - [TEST_STEP][PASSED] - closeBrowser(): Browser is closed

2022-04-07 10:58:08 - [MESSAGE][PASSED] - Browser is closed

2022-04-07 10:58:08 - [MESSAGE][PASSED] - Call Test Case 'Test Cases/Custom Item Details/UTILITIES/CLOSE_BROWSER' successfully]]></system-out>
         <system-err><![CDATA[]]></system-err>
      </testcase>
      <testcase name="Test Cases/Custom Item Details/TEST CASE/TC_DETAILS_UI_005" time="16.365" classname="Test Cases/Custom Item Details/TEST CASE/TC_DETAILS_UI_005" status="PASSED">
         <system-out><![CDATA[2022-04-07 10:58:08 - [TEST_CASE][PASSED] - Test Cases/Custom Item Details/TEST CASE/TC_DETAILS_UI_005: Test Cases/Custom Item Details/TEST CASE/TC_DETAILS_UI_005

2022-04-07 10:58:08 - [TEST_STEP][PASSED] - callTestCase(findTestCase("Custom Item Details/UTILITIES/OPEN_BROWSER"), [:], STOP_ON_FAILURE): Call Test Case 'Test Cases/Custom Item Details/UTILITIES/OPEN_BROWSER' successfully

2022-04-07 10:58:08 - [TEST_CASE][PASSED] - Test Cases/Custom Item Details/UTILITIES/OPEN_BROWSER: Test Cases/Custom Item Details/UTILITIES/OPEN_BROWSER

2022-04-07 10:58:08 - [TEST_STEP][PASSED] - openBrowser("https://diagnostics.staging.arcadier.io/"): Browser is opened with url: 'https://diagnostics.staging.arcadier.io/'

2022-04-07 10:58:08 - [MESSAGE][INFO] - Starting 'Chrome' driver

2022-04-07 10:58:08 - [MESSAGE][INFO] - Action delay is set to 0 milliseconds

2022-04-07 10:58:12 - [MESSAGE][PASSED] - Browser is opened with url: 'https://diagnostics.staging.arcadier.io/'

2022-04-07 10:58:12 - [TEST_STEP][PASSED] - maximizeWindow(): Current window maximized

2022-04-07 10:58:12 - [MESSAGE][PASSED] - Current window maximized

2022-04-07 10:58:12 - [TEST_STEP][PASSED] - click(findTestObject("Item Details Objects/Page_diagnostics/a_Accept Cookies")): Object: 'Object Repository/Item Details Objects/Page_diagnostics/a_Accept Cookies' is clicked on

2022-04-07 10:58:13 - [MESSAGE][PASSED] - Object: 'Object Repository/Item Details Objects/Page_diagnostics/a_Accept Cookies' is clicked on

2022-04-07 10:58:13 - [TEST_STEP][PASSED] - click(findTestObject("New_Homepage/Page_diagnostics/a_COVID-19 DIAGNOSTICS"), STOP_ON_FAILURE): Object: 'Object Repository/New_Homepage/Page_diagnostics/a_COVID-19 DIAGNOSTICS' is clicked on

2022-04-07 10:58:16 - [MESSAGE][PASSED] - Object: 'Object Repository/New_Homepage/Page_diagnostics/a_COVID-19 DIAGNOSTICS' is clicked on

2022-04-07 10:58:16 - [TEST_STEP][PASSED] - mouseOver(findTestObject("New_Homepage/Page_diagnostics/a_Abbott Rapid Diagnostics PANBIO COVID-19 Ag Rapid Test Device (Nasopharyngeal)")): Object: 'Object Repository/New_Homepage/Page_diagnostics/a_Abbott Rapid Diagnostics PANBIO COVID-19 Ag Rapid Test Device (Nasopharyngeal)' is hovered

2022-04-07 10:58:18 - [MESSAGE][PASSED] - Object: 'Object Repository/New_Homepage/Page_diagnostics/a_Abbott Rapid Diagnostics PANBIO COVID-19 Ag Rapid Test Device (Nasopharyngeal)' is hovered

2022-04-07 10:58:18 - [TEST_STEP][PASSED] - click(findTestObject("New_Homepage/Page_diagnostics/a_Abbott Rapid Diagnostics PANBIO COVID-19 Ag Rapid Test Device (Nasopharyngeal)")): Object: 'Object Repository/New_Homepage/Page_diagnostics/a_Abbott Rapid Diagnostics PANBIO COVID-19 Ag Rapid Test Device (Nasopharyngeal)' is clicked on

2022-04-07 10:58:22 - [MESSAGE][PASSED] - Object: 'Object Repository/New_Homepage/Page_diagnostics/a_Abbott Rapid Diagnostics PANBIO COVID-19 Ag Rapid Test Device (Nasopharyngeal)' is clicked on

2022-04-07 10:58:22 - [MESSAGE][PASSED] - Call Test Case 'Test Cases/Custom Item Details/UTILITIES/OPEN_BROWSER' successfully

2022-04-07 10:58:22 - [TEST_STEP][PASSED] - waitForElementVisible(findTestObject("Item Details Objects/Page_diagnostics/Merchant_name"), 0): Object 'Object Repository/Item Details Objects/Page_diagnostics/Merchant_name' is visible

2022-04-07 10:58:22 - [MESSAGE][WARNING] - Timeout '0' is invalid. Using default page load timeout: '30'

2022-04-07 10:58:24 - [MESSAGE][PASSED] - Object 'Object Repository/Item Details Objects/Page_diagnostics/Merchant_name' is visible

2022-04-07 10:58:24 - [TEST_STEP][PASSED] - verifyElementClickable(findTestObject("Item Details Objects/Page_diagnostics/Merchant_name")): Object 'Object Repository/Item Details Objects/Page_diagnostics/Merchant_name' is clickable

2022-04-07 10:58:24 - [MESSAGE][PASSED] - Object 'Object Repository/Item Details Objects/Page_diagnostics/Merchant_name' is clickable

2022-04-07 10:58:24 - [TEST_STEP][PASSED] - callTestCase(findTestCase("Custom Item Details/UTILITIES/CLOSE_BROWSER"), [:], STOP_ON_FAILURE): Call Test Case 'Test Cases/Custom Item Details/UTILITIES/CLOSE_BROWSER' successfully

2022-04-07 10:58:24 - [TEST_CASE][PASSED] - Test Cases/Custom Item Details/UTILITIES/CLOSE_BROWSER: Test Cases/Custom Item Details/UTILITIES/CLOSE_BROWSER

2022-04-07 10:58:24 - [TEST_STEP][PASSED] - closeBrowser(): Browser is closed

2022-04-07 10:58:25 - [MESSAGE][PASSED] - Browser is closed

2022-04-07 10:58:25 - [MESSAGE][PASSED] - Call Test Case 'Test Cases/Custom Item Details/UTILITIES/CLOSE_BROWSER' successfully]]></system-out>
         <system-err><![CDATA[]]></system-err>
      </testcase>
      <testcase name="Test Cases/Custom Item Details/TEST CASE/TC_DETAILS_UI_006" time="15.198" classname="Test Cases/Custom Item Details/TEST CASE/TC_DETAILS_UI_006" status="PASSED">
         <system-out><![CDATA[2022-04-07 10:58:25 - [TEST_CASE][PASSED] - Test Cases/Custom Item Details/TEST CASE/TC_DETAILS_UI_006: Test Cases/Custom Item Details/TEST CASE/TC_DETAILS_UI_006

2022-04-07 10:58:25 - [TEST_STEP][PASSED] - callTestCase(findTestCase("Custom Item Details/UTILITIES/OPEN_BROWSER"), [:], STOP_ON_FAILURE): Call Test Case 'Test Cases/Custom Item Details/UTILITIES/OPEN_BROWSER' successfully

2022-04-07 10:58:25 - [TEST_CASE][PASSED] - Test Cases/Custom Item Details/UTILITIES/OPEN_BROWSER: Test Cases/Custom Item Details/UTILITIES/OPEN_BROWSER

2022-04-07 10:58:25 - [TEST_STEP][PASSED] - openBrowser("https://diagnostics.staging.arcadier.io/"): Browser is opened with url: 'https://diagnostics.staging.arcadier.io/'

2022-04-07 10:58:25 - [MESSAGE][INFO] - Starting 'Chrome' driver

2022-04-07 10:58:25 - [MESSAGE][INFO] - Action delay is set to 0 milliseconds

2022-04-07 10:58:28 - [MESSAGE][PASSED] - Browser is opened with url: 'https://diagnostics.staging.arcadier.io/'

2022-04-07 10:58:28 - [TEST_STEP][PASSED] - maximizeWindow(): Current window maximized

2022-04-07 10:58:28 - [MESSAGE][PASSED] - Current window maximized

2022-04-07 10:58:28 - [TEST_STEP][PASSED] - click(findTestObject("Item Details Objects/Page_diagnostics/a_Accept Cookies")): Object: 'Object Repository/Item Details Objects/Page_diagnostics/a_Accept Cookies' is clicked on

2022-04-07 10:58:30 - [MESSAGE][PASSED] - Object: 'Object Repository/Item Details Objects/Page_diagnostics/a_Accept Cookies' is clicked on

2022-04-07 10:58:30 - [TEST_STEP][PASSED] - click(findTestObject("New_Homepage/Page_diagnostics/a_COVID-19 DIAGNOSTICS"), STOP_ON_FAILURE): Object: 'Object Repository/New_Homepage/Page_diagnostics/a_COVID-19 DIAGNOSTICS' is clicked on

2022-04-07 10:58:32 - [MESSAGE][PASSED] - Object: 'Object Repository/New_Homepage/Page_diagnostics/a_COVID-19 DIAGNOSTICS' is clicked on

2022-04-07 10:58:32 - [TEST_STEP][PASSED] - mouseOver(findTestObject("New_Homepage/Page_diagnostics/a_Abbott Rapid Diagnostics PANBIO COVID-19 Ag Rapid Test Device (Nasopharyngeal)")): Object: 'Object Repository/New_Homepage/Page_diagnostics/a_Abbott Rapid Diagnostics PANBIO COVID-19 Ag Rapid Test Device (Nasopharyngeal)' is hovered

2022-04-07 10:58:34 - [MESSAGE][PASSED] - Object: 'Object Repository/New_Homepage/Page_diagnostics/a_Abbott Rapid Diagnostics PANBIO COVID-19 Ag Rapid Test Device (Nasopharyngeal)' is hovered

2022-04-07 10:58:34 - [TEST_STEP][PASSED] - click(findTestObject("New_Homepage/Page_diagnostics/a_Abbott Rapid Diagnostics PANBIO COVID-19 Ag Rapid Test Device (Nasopharyngeal)")): Object: 'Object Repository/New_Homepage/Page_diagnostics/a_Abbott Rapid Diagnostics PANBIO COVID-19 Ag Rapid Test Device (Nasopharyngeal)' is clicked on

2022-04-07 10:58:37 - [MESSAGE][PASSED] - Object: 'Object Repository/New_Homepage/Page_diagnostics/a_Abbott Rapid Diagnostics PANBIO COVID-19 Ag Rapid Test Device (Nasopharyngeal)' is clicked on

2022-04-07 10:58:37 - [MESSAGE][PASSED] - Call Test Case 'Test Cases/Custom Item Details/UTILITIES/OPEN_BROWSER' successfully

2022-04-07 10:58:37 - [TEST_STEP][PASSED] - waitForElementVisible(findTestObject("Item Details Objects/Page_diagnostics/a_Contact_seller_btn"), 0): Object 'Object Repository/Item Details Objects/Page_diagnostics/a_Contact_seller_btn' is visible

2022-04-07 10:58:37 - [MESSAGE][WARNING] - Timeout '0' is invalid. Using default page load timeout: '30'

2022-04-07 10:58:38 - [MESSAGE][PASSED] - Object 'Object Repository/Item Details Objects/Page_diagnostics/a_Contact_seller_btn' is visible

2022-04-07 10:58:38 - [TEST_STEP][PASSED] - verifyElementClickable(findTestObject("Item Details Objects/Page_diagnostics/a_Contact_seller_btn")): Object 'Object Repository/Item Details Objects/Page_diagnostics/a_Contact_seller_btn' is clickable

2022-04-07 10:58:39 - [MESSAGE][PASSED] - Object 'Object Repository/Item Details Objects/Page_diagnostics/a_Contact_seller_btn' is clickable

2022-04-07 10:58:39 - [TEST_STEP][PASSED] - verifyElementText(findTestObject("Item Details Objects/Page_diagnostics/a_Contact_seller_btn"), "ASK THE SELLER"): Actual text and expected text of test object 'Object Repository/Item Details Objects/Page_diagnostics/a_Contact_seller_btn' are matched.

2022-04-07 10:58:39 - [MESSAGE][PASSED] - Actual text and expected text of test object 'Object Repository/Item Details Objects/Page_diagnostics/a_Contact_seller_btn' are matched.

2022-04-07 10:58:39 - [TEST_STEP][PASSED] - callTestCase(findTestCase("Custom Item Details/UTILITIES/CLOSE_BROWSER"), [:], STOP_ON_FAILURE): Call Test Case 'Test Cases/Custom Item Details/UTILITIES/CLOSE_BROWSER' successfully

2022-04-07 10:58:39 - [TEST_CASE][PASSED] - Test Cases/Custom Item Details/UTILITIES/CLOSE_BROWSER: Test Cases/Custom Item Details/UTILITIES/CLOSE_BROWSER

2022-04-07 10:58:39 - [TEST_STEP][PASSED] - closeBrowser(): Browser is closed

2022-04-07 10:58:40 - [MESSAGE][PASSED] - Browser is closed

2022-04-07 10:58:40 - [MESSAGE][PASSED] - Call Test Case 'Test Cases/Custom Item Details/UTILITIES/CLOSE_BROWSER' successfully]]></system-out>
         <system-err><![CDATA[]]></system-err>
      </testcase>
      <testcase name="Test Cases/Custom Item Details/TEST CASE/TC_DETAILS_UI_007" time="14.08" classname="Test Cases/Custom Item Details/TEST CASE/TC_DETAILS_UI_007" status="PASSED">
         <system-out><![CDATA[2022-04-07 10:58:40 - [TEST_CASE][PASSED] - Test Cases/Custom Item Details/TEST CASE/TC_DETAILS_UI_007: Test Cases/Custom Item Details/TEST CASE/TC_DETAILS_UI_007

2022-04-07 10:58:40 - [TEST_STEP][PASSED] - callTestCase(findTestCase("Custom Item Details/UTILITIES/OPEN_BROWSER"), [:], STOP_ON_FAILURE): Call Test Case 'Test Cases/Custom Item Details/UTILITIES/OPEN_BROWSER' successfully

2022-04-07 10:58:40 - [TEST_CASE][PASSED] - Test Cases/Custom Item Details/UTILITIES/OPEN_BROWSER: Test Cases/Custom Item Details/UTILITIES/OPEN_BROWSER

2022-04-07 10:58:40 - [TEST_STEP][PASSED] - openBrowser("https://diagnostics.staging.arcadier.io/"): Browser is opened with url: 'https://diagnostics.staging.arcadier.io/'

2022-04-07 10:58:40 - [MESSAGE][INFO] - Starting 'Chrome' driver

2022-04-07 10:58:40 - [MESSAGE][INFO] - Action delay is set to 0 milliseconds

2022-04-07 10:58:43 - [MESSAGE][PASSED] - Browser is opened with url: 'https://diagnostics.staging.arcadier.io/'

2022-04-07 10:58:43 - [TEST_STEP][PASSED] - maximizeWindow(): Current window maximized

2022-04-07 10:58:43 - [MESSAGE][PASSED] - Current window maximized

2022-04-07 10:58:43 - [TEST_STEP][PASSED] - click(findTestObject("Item Details Objects/Page_diagnostics/a_Accept Cookies")): Object: 'Object Repository/Item Details Objects/Page_diagnostics/a_Accept Cookies' is clicked on

2022-04-07 10:58:45 - [MESSAGE][PASSED] - Object: 'Object Repository/Item Details Objects/Page_diagnostics/a_Accept Cookies' is clicked on

2022-04-07 10:58:45 - [TEST_STEP][PASSED] - click(findTestObject("New_Homepage/Page_diagnostics/a_COVID-19 DIAGNOSTICS"), STOP_ON_FAILURE): Object: 'Object Repository/New_Homepage/Page_diagnostics/a_COVID-19 DIAGNOSTICS' is clicked on

2022-04-07 10:58:47 - [MESSAGE][PASSED] - Object: 'Object Repository/New_Homepage/Page_diagnostics/a_COVID-19 DIAGNOSTICS' is clicked on

2022-04-07 10:58:47 - [TEST_STEP][PASSED] - mouseOver(findTestObject("New_Homepage/Page_diagnostics/a_Abbott Rapid Diagnostics PANBIO COVID-19 Ag Rapid Test Device (Nasopharyngeal)")): Object: 'Object Repository/New_Homepage/Page_diagnostics/a_Abbott Rapid Diagnostics PANBIO COVID-19 Ag Rapid Test Device (Nasopharyngeal)' is hovered

2022-04-07 10:58:49 - [MESSAGE][PASSED] - Object: 'Object Repository/New_Homepage/Page_diagnostics/a_Abbott Rapid Diagnostics PANBIO COVID-19 Ag Rapid Test Device (Nasopharyngeal)' is hovered

2022-04-07 10:58:49 - [TEST_STEP][PASSED] - click(findTestObject("New_Homepage/Page_diagnostics/a_Abbott Rapid Diagnostics PANBIO COVID-19 Ag Rapid Test Device (Nasopharyngeal)")): Object: 'Object Repository/New_Homepage/Page_diagnostics/a_Abbott Rapid Diagnostics PANBIO COVID-19 Ag Rapid Test Device (Nasopharyngeal)' is clicked on

2022-04-07 10:58:52 - [MESSAGE][PASSED] - Object: 'Object Repository/New_Homepage/Page_diagnostics/a_Abbott Rapid Diagnostics PANBIO COVID-19 Ag Rapid Test Device (Nasopharyngeal)' is clicked on

2022-04-07 10:58:52 - [MESSAGE][PASSED] - Call Test Case 'Test Cases/Custom Item Details/UTILITIES/OPEN_BROWSER' successfully

2022-04-07 10:58:52 - [TEST_STEP][PASSED] - waitForElementVisible(findTestObject("Item Details Objects/Page_diagnostics/div.item-detail-left"), 0): Object 'Object Repository/Item Details Objects/Page_diagnostics/div.item-detail-left' is visible

2022-04-07 10:58:52 - [MESSAGE][WARNING] - Timeout '0' is invalid. Using default page load timeout: '30'

2022-04-07 10:58:53 - [MESSAGE][PASSED] - Object 'Object Repository/Item Details Objects/Page_diagnostics/div.item-detail-left' is visible

2022-04-07 10:58:53 - [TEST_STEP][PASSED] - callTestCase(findTestCase("Custom Item Details/UTILITIES/CLOSE_BROWSER"), [:], STOP_ON_FAILURE): Call Test Case 'Test Cases/Custom Item Details/UTILITIES/CLOSE_BROWSER' successfully

2022-04-07 10:58:53 - [TEST_CASE][PASSED] - Test Cases/Custom Item Details/UTILITIES/CLOSE_BROWSER: Test Cases/Custom Item Details/UTILITIES/CLOSE_BROWSER

2022-04-07 10:58:53 - [TEST_STEP][PASSED] - closeBrowser(): Browser is closed

2022-04-07 10:58:54 - [MESSAGE][PASSED] - Browser is closed

2022-04-07 10:58:54 - [MESSAGE][PASSED] - Call Test Case 'Test Cases/Custom Item Details/UTILITIES/CLOSE_BROWSER' successfully]]></system-out>
         <system-err><![CDATA[]]></system-err>
      </testcase>
      <testcase name="Test Cases/Custom Item Details/TEST CASE/TC_DETAILS_UI_008" time="14.339" classname="Test Cases/Custom Item Details/TEST CASE/TC_DETAILS_UI_008" status="PASSED">
         <system-out><![CDATA[2022-04-07 10:58:54 - [TEST_CASE][PASSED] - Test Cases/Custom Item Details/TEST CASE/TC_DETAILS_UI_008: Test Cases/Custom Item Details/TEST CASE/TC_DETAILS_UI_008

2022-04-07 10:58:54 - [TEST_STEP][PASSED] - callTestCase(findTestCase("Custom Item Details/UTILITIES/OPEN_BROWSER"), [:], STOP_ON_FAILURE): Call Test Case 'Test Cases/Custom Item Details/UTILITIES/OPEN_BROWSER' successfully

2022-04-07 10:58:54 - [TEST_CASE][PASSED] - Test Cases/Custom Item Details/UTILITIES/OPEN_BROWSER: Test Cases/Custom Item Details/UTILITIES/OPEN_BROWSER

2022-04-07 10:58:54 - [TEST_STEP][PASSED] - openBrowser("https://diagnostics.staging.arcadier.io/"): Browser is opened with url: 'https://diagnostics.staging.arcadier.io/'

2022-04-07 10:58:54 - [MESSAGE][INFO] - Starting 'Chrome' driver

2022-04-07 10:58:54 - [MESSAGE][INFO] - Action delay is set to 0 milliseconds

2022-04-07 10:58:57 - [MESSAGE][PASSED] - Browser is opened with url: 'https://diagnostics.staging.arcadier.io/'

2022-04-07 10:58:57 - [TEST_STEP][PASSED] - maximizeWindow(): Current window maximized

2022-04-07 10:58:57 - [MESSAGE][PASSED] - Current window maximized

2022-04-07 10:58:57 - [TEST_STEP][PASSED] - click(findTestObject("Item Details Objects/Page_diagnostics/a_Accept Cookies")): Object: 'Object Repository/Item Details Objects/Page_diagnostics/a_Accept Cookies' is clicked on

2022-04-07 10:58:59 - [MESSAGE][PASSED] - Object: 'Object Repository/Item Details Objects/Page_diagnostics/a_Accept Cookies' is clicked on

2022-04-07 10:58:59 - [TEST_STEP][PASSED] - click(findTestObject("New_Homepage/Page_diagnostics/a_COVID-19 DIAGNOSTICS"), STOP_ON_FAILURE): Object: 'Object Repository/New_Homepage/Page_diagnostics/a_COVID-19 DIAGNOSTICS' is clicked on

2022-04-07 10:59:01 - [MESSAGE][PASSED] - Object: 'Object Repository/New_Homepage/Page_diagnostics/a_COVID-19 DIAGNOSTICS' is clicked on

2022-04-07 10:59:01 - [TEST_STEP][PASSED] - mouseOver(findTestObject("New_Homepage/Page_diagnostics/a_Abbott Rapid Diagnostics PANBIO COVID-19 Ag Rapid Test Device (Nasopharyngeal)")): Object: 'Object Repository/New_Homepage/Page_diagnostics/a_Abbott Rapid Diagnostics PANBIO COVID-19 Ag Rapid Test Device (Nasopharyngeal)' is hovered

2022-04-07 10:59:03 - [MESSAGE][PASSED] - Object: 'Object Repository/New_Homepage/Page_diagnostics/a_Abbott Rapid Diagnostics PANBIO COVID-19 Ag Rapid Test Device (Nasopharyngeal)' is hovered

2022-04-07 10:59:03 - [TEST_STEP][PASSED] - click(findTestObject("New_Homepage/Page_diagnostics/a_Abbott Rapid Diagnostics PANBIO COVID-19 Ag Rapid Test Device (Nasopharyngeal)")): Object: 'Object Repository/New_Homepage/Page_diagnostics/a_Abbott Rapid Diagnostics PANBIO COVID-19 Ag Rapid Test Device (Nasopharyngeal)' is clicked on

2022-04-07 10:59:06 - [MESSAGE][PASSED] - Object: 'Object Repository/New_Homepage/Page_diagnostics/a_Abbott Rapid Diagnostics PANBIO COVID-19 Ag Rapid Test Device (Nasopharyngeal)' is clicked on

2022-04-07 10:59:06 - [MESSAGE][PASSED] - Call Test Case 'Test Cases/Custom Item Details/UTILITIES/OPEN_BROWSER' successfully

2022-04-07 10:59:06 - [TEST_STEP][PASSED] - waitForElementVisible(findTestObject("Item Details Objects/Page_diagnostics/div_itemDetailName"), 0): Object 'Object Repository/Item Details Objects/Page_diagnostics/div_itemDetailName' is visible

2022-04-07 10:59:06 - [MESSAGE][WARNING] - Timeout '0' is invalid. Using default page load timeout: '30'

2022-04-07 10:59:07 - [MESSAGE][PASSED] - Object 'Object Repository/Item Details Objects/Page_diagnostics/div_itemDetailName' is visible

2022-04-07 10:59:07 - [TEST_STEP][PASSED] - callTestCase(findTestCase("Custom Item Details/UTILITIES/CLOSE_BROWSER"), [:], STOP_ON_FAILURE): Call Test Case 'Test Cases/Custom Item Details/UTILITIES/CLOSE_BROWSER' successfully

2022-04-07 10:59:08 - [TEST_CASE][PASSED] - Test Cases/Custom Item Details/UTILITIES/CLOSE_BROWSER: Test Cases/Custom Item Details/UTILITIES/CLOSE_BROWSER

2022-04-07 10:59:08 - [TEST_STEP][PASSED] - closeBrowser(): Browser is closed

2022-04-07 10:59:08 - [MESSAGE][PASSED] - Browser is closed

2022-04-07 10:59:08 - [MESSAGE][PASSED] - Call Test Case 'Test Cases/Custom Item Details/UTILITIES/CLOSE_BROWSER' successfully]]></system-out>
         <system-err><![CDATA[]]></system-err>
      </testcase>
      <testcase name="Test Cases/Custom Item Details/TEST CASE/TC_DETAILS_UI_009" time="44.497" classname="Test Cases/Custom Item Details/TEST CASE/TC_DETAILS_UI_009" status="PASSED">
         <system-out><![CDATA[2022-04-07 10:59:08 - [TEST_CASE][PASSED] - Test Cases/Custom Item Details/TEST CASE/TC_DETAILS_UI_009: Test Cases/Custom Item Details/TEST CASE/TC_DETAILS_UI_009

2022-04-07 10:59:08 - [TEST_STEP][PASSED] - callTestCase(findTestCase("Custom Item Details/UTILITIES/OPEN_BROWSER"), [:], STOP_ON_FAILURE): Call Test Case 'Test Cases/Custom Item Details/UTILITIES/OPEN_BROWSER' successfully

2022-04-07 10:59:08 - [TEST_CASE][PASSED] - Test Cases/Custom Item Details/UTILITIES/OPEN_BROWSER: Test Cases/Custom Item Details/UTILITIES/OPEN_BROWSER

2022-04-07 10:59:08 - [TEST_STEP][PASSED] - openBrowser("https://diagnostics.staging.arcadier.io/"): Browser is opened with url: 'https://diagnostics.staging.arcadier.io/'

2022-04-07 10:59:08 - [MESSAGE][INFO] - Starting 'Chrome' driver

2022-04-07 10:59:08 - [MESSAGE][INFO] - Action delay is set to 0 milliseconds

2022-04-07 10:59:12 - [MESSAGE][PASSED] - Browser is opened with url: 'https://diagnostics.staging.arcadier.io/'

2022-04-07 10:59:12 - [TEST_STEP][PASSED] - maximizeWindow(): Current window maximized

2022-04-07 10:59:12 - [MESSAGE][PASSED] - Current window maximized

2022-04-07 10:59:12 - [TEST_STEP][PASSED] - click(findTestObject("Item Details Objects/Page_diagnostics/a_Accept Cookies")): Object: 'Object Repository/Item Details Objects/Page_diagnostics/a_Accept Cookies' is clicked on

2022-04-07 10:59:13 - [MESSAGE][PASSED] - Object: 'Object Repository/Item Details Objects/Page_diagnostics/a_Accept Cookies' is clicked on

2022-04-07 10:59:13 - [TEST_STEP][PASSED] - click(findTestObject("New_Homepage/Page_diagnostics/a_COVID-19 DIAGNOSTICS"), STOP_ON_FAILURE): Object: 'Object Repository/New_Homepage/Page_diagnostics/a_COVID-19 DIAGNOSTICS' is clicked on

2022-04-07 10:59:16 - [MESSAGE][PASSED] - Object: 'Object Repository/New_Homepage/Page_diagnostics/a_COVID-19 DIAGNOSTICS' is clicked on

2022-04-07 10:59:16 - [TEST_STEP][PASSED] - mouseOver(findTestObject("New_Homepage/Page_diagnostics/a_Abbott Rapid Diagnostics PANBIO COVID-19 Ag Rapid Test Device (Nasopharyngeal)")): Object: 'Object Repository/New_Homepage/Page_diagnostics/a_Abbott Rapid Diagnostics PANBIO COVID-19 Ag Rapid Test Device (Nasopharyngeal)' is hovered

2022-04-07 10:59:18 - [MESSAGE][PASSED] - Object: 'Object Repository/New_Homepage/Page_diagnostics/a_Abbott Rapid Diagnostics PANBIO COVID-19 Ag Rapid Test Device (Nasopharyngeal)' is hovered

2022-04-07 10:59:18 - [TEST_STEP][PASSED] - click(findTestObject("New_Homepage/Page_diagnostics/a_Abbott Rapid Diagnostics PANBIO COVID-19 Ag Rapid Test Device (Nasopharyngeal)")): Object: 'Object Repository/New_Homepage/Page_diagnostics/a_Abbott Rapid Diagnostics PANBIO COVID-19 Ag Rapid Test Device (Nasopharyngeal)' is clicked on

2022-04-07 10:59:20 - [MESSAGE][PASSED] - Object: 'Object Repository/New_Homepage/Page_diagnostics/a_Abbott Rapid Diagnostics PANBIO COVID-19 Ag Rapid Test Device (Nasopharyngeal)' is clicked on

2022-04-07 10:59:20 - [MESSAGE][PASSED] - Call Test Case 'Test Cases/Custom Item Details/UTILITIES/OPEN_BROWSER' successfully

2022-04-07 10:59:20 - [TEST_STEP][PASSED] - waitForElementVisible(findTestObject("Item Details Objects/Page_diagnostics/div.item-id"), 0): Object 'Object Repository/Item Details Objects/Page_diagnostics/div.item-id' is not visible after 30 second(s)

2022-04-07 10:59:20 - [MESSAGE][WARNING] - Timeout '0' is invalid. Using default page load timeout: '30'

2022-04-07 10:59:52 - [MESSAGE][WARNING] - Object 'Object Repository/Item Details Objects/Page_diagnostics/div.item-id' is not visible after 30 second(s)

2022-04-07 10:59:52 - [TEST_STEP][PASSED] - callTestCase(findTestCase("Custom Item Details/UTILITIES/CLOSE_BROWSER"), [:], STOP_ON_FAILURE): Call Test Case 'Test Cases/Custom Item Details/UTILITIES/CLOSE_BROWSER' successfully

2022-04-07 10:59:52 - [TEST_CASE][PASSED] - Test Cases/Custom Item Details/UTILITIES/CLOSE_BROWSER: Test Cases/Custom Item Details/UTILITIES/CLOSE_BROWSER

2022-04-07 10:59:52 - [TEST_STEP][PASSED] - closeBrowser(): Browser is closed

2022-04-07 10:59:53 - [MESSAGE][PASSED] - Browser is closed

2022-04-07 10:59:53 - [MESSAGE][PASSED] - Call Test Case 'Test Cases/Custom Item Details/UTILITIES/CLOSE_BROWSER' successfully]]></system-out>
         <system-err><![CDATA[]]></system-err>
      </testcase>
      <testcase name="Test Cases/Custom Item Details/TEST CASE/TC_DETAILS_UI_010" time="14.293" classname="Test Cases/Custom Item Details/TEST CASE/TC_DETAILS_UI_010" status="PASSED">
         <system-out><![CDATA[2022-04-07 10:59:53 - [TEST_CASE][PASSED] - Test Cases/Custom Item Details/TEST CASE/TC_DETAILS_UI_010: Test Cases/Custom Item Details/TEST CASE/TC_DETAILS_UI_010

2022-04-07 10:59:53 - [TEST_STEP][PASSED] - callTestCase(findTestCase("Custom Item Details/UTILITIES/OPEN_BROWSER"), [:], STOP_ON_FAILURE): Call Test Case 'Test Cases/Custom Item Details/UTILITIES/OPEN_BROWSER' successfully

2022-04-07 10:59:53 - [TEST_CASE][PASSED] - Test Cases/Custom Item Details/UTILITIES/OPEN_BROWSER: Test Cases/Custom Item Details/UTILITIES/OPEN_BROWSER

2022-04-07 10:59:53 - [TEST_STEP][PASSED] - openBrowser("https://diagnostics.staging.arcadier.io/"): Browser is opened with url: 'https://diagnostics.staging.arcadier.io/'

2022-04-07 10:59:53 - [MESSAGE][INFO] - Starting 'Chrome' driver

2022-04-07 10:59:53 - [MESSAGE][INFO] - Action delay is set to 0 milliseconds

2022-04-07 10:59:56 - [MESSAGE][PASSED] - Browser is opened with url: 'https://diagnostics.staging.arcadier.io/'

2022-04-07 10:59:56 - [TEST_STEP][PASSED] - maximizeWindow(): Current window maximized

2022-04-07 10:59:56 - [MESSAGE][PASSED] - Current window maximized

2022-04-07 10:59:56 - [TEST_STEP][PASSED] - click(findTestObject("Item Details Objects/Page_diagnostics/a_Accept Cookies")): Object: 'Object Repository/Item Details Objects/Page_diagnostics/a_Accept Cookies' is clicked on

2022-04-07 10:59:58 - [MESSAGE][PASSED] - Object: 'Object Repository/Item Details Objects/Page_diagnostics/a_Accept Cookies' is clicked on

2022-04-07 10:59:58 - [TEST_STEP][PASSED] - click(findTestObject("New_Homepage/Page_diagnostics/a_COVID-19 DIAGNOSTICS"), STOP_ON_FAILURE): Object: 'Object Repository/New_Homepage/Page_diagnostics/a_COVID-19 DIAGNOSTICS' is clicked on

2022-04-07 11:00:00 - [MESSAGE][PASSED] - Object: 'Object Repository/New_Homepage/Page_diagnostics/a_COVID-19 DIAGNOSTICS' is clicked on

2022-04-07 11:00:00 - [TEST_STEP][PASSED] - mouseOver(findTestObject("New_Homepage/Page_diagnostics/a_Abbott Rapid Diagnostics PANBIO COVID-19 Ag Rapid Test Device (Nasopharyngeal)")): Object: 'Object Repository/New_Homepage/Page_diagnostics/a_Abbott Rapid Diagnostics PANBIO COVID-19 Ag Rapid Test Device (Nasopharyngeal)' is hovered

2022-04-07 11:00:02 - [MESSAGE][PASSED] - Object: 'Object Repository/New_Homepage/Page_diagnostics/a_Abbott Rapid Diagnostics PANBIO COVID-19 Ag Rapid Test Device (Nasopharyngeal)' is hovered

2022-04-07 11:00:02 - [TEST_STEP][PASSED] - click(findTestObject("New_Homepage/Page_diagnostics/a_Abbott Rapid Diagnostics PANBIO COVID-19 Ag Rapid Test Device (Nasopharyngeal)")): Object: 'Object Repository/New_Homepage/Page_diagnostics/a_Abbott Rapid Diagnostics PANBIO COVID-19 Ag Rapid Test Device (Nasopharyngeal)' is clicked on

2022-04-07 11:00:05 - [MESSAGE][PASSED] - Object: 'Object Repository/New_Homepage/Page_diagnostics/a_Abbott Rapid Diagnostics PANBIO COVID-19 Ag Rapid Test Device (Nasopharyngeal)' is clicked on

2022-04-07 11:00:05 - [MESSAGE][PASSED] - Call Test Case 'Test Cases/Custom Item Details/UTILITIES/OPEN_BROWSER' successfully

2022-04-07 11:00:05 - [TEST_STEP][PASSED] - waitForElementVisible(findTestObject("Item Details Objects/Page_diagnostics/div.new-button-area"), 0): Object 'Object Repository/Item Details Objects/Page_diagnostics/div.new-button-area' is visible

2022-04-07 11:00:05 - [MESSAGE][WARNING] - Timeout '0' is invalid. Using default page load timeout: '30'

2022-04-07 11:00:06 - [MESSAGE][PASSED] - Object 'Object Repository/Item Details Objects/Page_diagnostics/div.new-button-area' is visible

2022-04-07 11:00:06 - [TEST_STEP][PASSED] - callTestCase(findTestCase("Custom Item Details/UTILITIES/CLOSE_BROWSER"), [:], STOP_ON_FAILURE): Call Test Case 'Test Cases/Custom Item Details/UTILITIES/CLOSE_BROWSER' successfully

2022-04-07 11:00:06 - [TEST_CASE][PASSED] - Test Cases/Custom Item Details/UTILITIES/CLOSE_BROWSER: Test Cases/Custom Item Details/UTILITIES/CLOSE_BROWSER

2022-04-07 11:00:06 - [TEST_STEP][PASSED] - closeBrowser(): Browser is closed

2022-04-07 11:00:07 - [MESSAGE][PASSED] - Browser is closed

2022-04-07 11:00:07 - [MESSAGE][PASSED] - Call Test Case 'Test Cases/Custom Item Details/UTILITIES/CLOSE_BROWSER' successfully]]></system-out>
         <system-err><![CDATA[]]></system-err>
      </testcase>
      <testcase name="Test Cases/Custom Item Details/TEST CASE/TC_DETAILS_UI_011" time="14.82" classname="Test Cases/Custom Item Details/TEST CASE/TC_DETAILS_UI_011" status="PASSED">
         <system-out><![CDATA[2022-04-07 11:00:07 - [TEST_CASE][PASSED] - Test Cases/Custom Item Details/TEST CASE/TC_DETAILS_UI_011: Test Cases/Custom Item Details/TEST CASE/TC_DETAILS_UI_011

2022-04-07 11:00:07 - [TEST_STEP][PASSED] - callTestCase(findTestCase("Custom Item Details/UTILITIES/OPEN_BROWSER"), [:], STOP_ON_FAILURE): Call Test Case 'Test Cases/Custom Item Details/UTILITIES/OPEN_BROWSER' successfully

2022-04-07 11:00:07 - [TEST_CASE][PASSED] - Test Cases/Custom Item Details/UTILITIES/OPEN_BROWSER: Test Cases/Custom Item Details/UTILITIES/OPEN_BROWSER

2022-04-07 11:00:07 - [TEST_STEP][PASSED] - openBrowser("https://diagnostics.staging.arcadier.io/"): Browser is opened with url: 'https://diagnostics.staging.arcadier.io/'

2022-04-07 11:00:07 - [MESSAGE][INFO] - Starting 'Chrome' driver

2022-04-07 11:00:07 - [MESSAGE][INFO] - Action delay is set to 0 milliseconds

2022-04-07 11:00:11 - [MESSAGE][PASSED] - Browser is opened with url: 'https://diagnostics.staging.arcadier.io/'

2022-04-07 11:00:11 - [TEST_STEP][PASSED] - maximizeWindow(): Current window maximized

2022-04-07 11:00:11 - [MESSAGE][PASSED] - Current window maximized

2022-04-07 11:00:11 - [TEST_STEP][PASSED] - click(findTestObject("Item Details Objects/Page_diagnostics/a_Accept Cookies")): Object: 'Object Repository/Item Details Objects/Page_diagnostics/a_Accept Cookies' is clicked on

2022-04-07 11:00:12 - [MESSAGE][PASSED] - Object: 'Object Repository/Item Details Objects/Page_diagnostics/a_Accept Cookies' is clicked on

2022-04-07 11:00:12 - [TEST_STEP][PASSED] - click(findTestObject("New_Homepage/Page_diagnostics/a_COVID-19 DIAGNOSTICS"), STOP_ON_FAILURE): Object: 'Object Repository/New_Homepage/Page_diagnostics/a_COVID-19 DIAGNOSTICS' is clicked on

2022-04-07 11:00:15 - [MESSAGE][PASSED] - Object: 'Object Repository/New_Homepage/Page_diagnostics/a_COVID-19 DIAGNOSTICS' is clicked on

2022-04-07 11:00:15 - [TEST_STEP][PASSED] - mouseOver(findTestObject("New_Homepage/Page_diagnostics/a_Abbott Rapid Diagnostics PANBIO COVID-19 Ag Rapid Test Device (Nasopharyngeal)")): Object: 'Object Repository/New_Homepage/Page_diagnostics/a_Abbott Rapid Diagnostics PANBIO COVID-19 Ag Rapid Test Device (Nasopharyngeal)' is hovered

2022-04-07 11:00:17 - [MESSAGE][PASSED] - Object: 'Object Repository/New_Homepage/Page_diagnostics/a_Abbott Rapid Diagnostics PANBIO COVID-19 Ag Rapid Test Device (Nasopharyngeal)' is hovered

2022-04-07 11:00:17 - [TEST_STEP][PASSED] - click(findTestObject("New_Homepage/Page_diagnostics/a_Abbott Rapid Diagnostics PANBIO COVID-19 Ag Rapid Test Device (Nasopharyngeal)")): Object: 'Object Repository/New_Homepage/Page_diagnostics/a_Abbott Rapid Diagnostics PANBIO COVID-19 Ag Rapid Test Device (Nasopharyngeal)' is clicked on

2022-04-07 11:00:20 - [MESSAGE][PASSED] - Object: 'Object Repository/New_Homepage/Page_diagnostics/a_Abbott Rapid Diagnostics PANBIO COVID-19 Ag Rapid Test Device (Nasopharyngeal)' is clicked on

2022-04-07 11:00:20 - [MESSAGE][PASSED] - Call Test Case 'Test Cases/Custom Item Details/UTILITIES/OPEN_BROWSER' successfully

2022-04-07 11:00:20 - [TEST_STEP][PASSED] - waitForElementVisible(findTestObject("Item Details Objects/Page_diagnostics/div.item-price-text"), 0): Object 'Object Repository/Item Details Objects/Page_diagnostics/div.item-price-text' is visible

2022-04-07 11:00:20 - [MESSAGE][WARNING] - Timeout '0' is invalid. Using default page load timeout: '30'

2022-04-07 11:00:21 - [MESSAGE][PASSED] - Object 'Object Repository/Item Details Objects/Page_diagnostics/div.item-price-text' is visible

2022-04-07 11:00:21 - [TEST_STEP][PASSED] - callTestCase(findTestCase("Custom Item Details/UTILITIES/CLOSE_BROWSER"), [:], STOP_ON_FAILURE): Call Test Case 'Test Cases/Custom Item Details/UTILITIES/CLOSE_BROWSER' successfully

2022-04-07 11:00:21 - [TEST_CASE][PASSED] - Test Cases/Custom Item Details/UTILITIES/CLOSE_BROWSER: Test Cases/Custom Item Details/UTILITIES/CLOSE_BROWSER

2022-04-07 11:00:21 - [TEST_STEP][PASSED] - closeBrowser(): Browser is closed

2022-04-07 11:00:22 - [MESSAGE][PASSED] - Browser is closed

2022-04-07 11:00:22 - [MESSAGE][PASSED] - Call Test Case 'Test Cases/Custom Item Details/UTILITIES/CLOSE_BROWSER' successfully]]></system-out>
         <system-err><![CDATA[]]></system-err>
      </testcase>
      <testcase name="Test Cases/Custom Item Details/TEST CASE/TC_DETAILS_UI_012" time="14.285" classname="Test Cases/Custom Item Details/TEST CASE/TC_DETAILS_UI_012" status="PASSED">
         <system-out><![CDATA[2022-04-07 11:00:22 - [TEST_CASE][PASSED] - Test Cases/Custom Item Details/TEST CASE/TC_DETAILS_UI_012: Test Cases/Custom Item Details/TEST CASE/TC_DETAILS_UI_012

2022-04-07 11:00:22 - [TEST_STEP][PASSED] - callTestCase(findTestCase("Custom Item Details/UTILITIES/OPEN_BROWSER"), [:], STOP_ON_FAILURE): Call Test Case 'Test Cases/Custom Item Details/UTILITIES/OPEN_BROWSER' successfully

2022-04-07 11:00:22 - [TEST_CASE][PASSED] - Test Cases/Custom Item Details/UTILITIES/OPEN_BROWSER: Test Cases/Custom Item Details/UTILITIES/OPEN_BROWSER

2022-04-07 11:00:22 - [TEST_STEP][PASSED] - openBrowser("https://diagnostics.staging.arcadier.io/"): Browser is opened with url: 'https://diagnostics.staging.arcadier.io/'

2022-04-07 11:00:22 - [MESSAGE][INFO] - Starting 'Chrome' driver

2022-04-07 11:00:22 - [MESSAGE][INFO] - Action delay is set to 0 milliseconds

2022-04-07 11:00:25 - [MESSAGE][PASSED] - Browser is opened with url: 'https://diagnostics.staging.arcadier.io/'

2022-04-07 11:00:25 - [TEST_STEP][PASSED] - maximizeWindow(): Current window maximized

2022-04-07 11:00:25 - [MESSAGE][PASSED] - Current window maximized

2022-04-07 11:00:25 - [TEST_STEP][PASSED] - click(findTestObject("Item Details Objects/Page_diagnostics/a_Accept Cookies")): Object: 'Object Repository/Item Details Objects/Page_diagnostics/a_Accept Cookies' is clicked on

2022-04-07 11:00:27 - [MESSAGE][PASSED] - Object: 'Object Repository/Item Details Objects/Page_diagnostics/a_Accept Cookies' is clicked on

2022-04-07 11:00:27 - [TEST_STEP][PASSED] - click(findTestObject("New_Homepage/Page_diagnostics/a_COVID-19 DIAGNOSTICS"), STOP_ON_FAILURE): Object: 'Object Repository/New_Homepage/Page_diagnostics/a_COVID-19 DIAGNOSTICS' is clicked on

2022-04-07 11:00:29 - [MESSAGE][PASSED] - Object: 'Object Repository/New_Homepage/Page_diagnostics/a_COVID-19 DIAGNOSTICS' is clicked on

2022-04-07 11:00:29 - [TEST_STEP][PASSED] - mouseOver(findTestObject("New_Homepage/Page_diagnostics/a_Abbott Rapid Diagnostics PANBIO COVID-19 Ag Rapid Test Device (Nasopharyngeal)")): Object: 'Object Repository/New_Homepage/Page_diagnostics/a_Abbott Rapid Diagnostics PANBIO COVID-19 Ag Rapid Test Device (Nasopharyngeal)' is hovered

2022-04-07 11:00:30 - [MESSAGE][PASSED] - Object: 'Object Repository/New_Homepage/Page_diagnostics/a_Abbott Rapid Diagnostics PANBIO COVID-19 Ag Rapid Test Device (Nasopharyngeal)' is hovered

2022-04-07 11:00:30 - [TEST_STEP][PASSED] - click(findTestObject("New_Homepage/Page_diagnostics/a_Abbott Rapid Diagnostics PANBIO COVID-19 Ag Rapid Test Device (Nasopharyngeal)")): Object: 'Object Repository/New_Homepage/Page_diagnostics/a_Abbott Rapid Diagnostics PANBIO COVID-19 Ag Rapid Test Device (Nasopharyngeal)' is clicked on

2022-04-07 11:00:33 - [MESSAGE][PASSED] - Object: 'Object Repository/New_Homepage/Page_diagnostics/a_Abbott Rapid Diagnostics PANBIO COVID-19 Ag Rapid Test Device (Nasopharyngeal)' is clicked on

2022-04-07 11:00:33 - [MESSAGE][PASSED] - Call Test Case 'Test Cases/Custom Item Details/UTILITIES/OPEN_BROWSER' successfully

2022-04-07 11:00:33 - [TEST_STEP][PASSED] - waitForElementVisible(findTestObject("Item Details Objects/Page_diagnostics/a_Procure_Directly_From_Seller"), 0): Object 'Object Repository/Item Details Objects/Page_diagnostics/a_Procure_Directly_From_Seller' is visible

2022-04-07 11:00:33 - [MESSAGE][WARNING] - Timeout '0' is invalid. Using default page load timeout: '30'

2022-04-07 11:00:34 - [MESSAGE][PASSED] - Object 'Object Repository/Item Details Objects/Page_diagnostics/a_Procure_Directly_From_Seller' is visible

2022-04-07 11:00:34 - [TEST_STEP][PASSED] - verifyElementClickable(findTestObject("Item Details Objects/Page_diagnostics/a_Procure_Directly_From_Seller")): Object 'Object Repository/Item Details Objects/Page_diagnostics/a_Procure_Directly_From_Seller' is clickable

2022-04-07 11:00:34 - [MESSAGE][PASSED] - Object 'Object Repository/Item Details Objects/Page_diagnostics/a_Procure_Directly_From_Seller' is clickable

2022-04-07 11:00:34 - [TEST_STEP][PASSED] - click(findTestObject("Item Details Objects/Page_diagnostics/a_Procure_Directly_From_Seller")): Object: 'Object Repository/Item Details Objects/Page_diagnostics/a_Procure_Directly_From_Seller' is clicked on

2022-04-07 11:00:35 - [MESSAGE][PASSED] - Object: 'Object Repository/Item Details Objects/Page_diagnostics/a_Procure_Directly_From_Seller' is clicked on

2022-04-07 11:00:35 - [TEST_STEP][PASSED] - callTestCase(findTestCase("Custom Item Details/UTILITIES/CLOSE_BROWSER"), [:], STOP_ON_FAILURE): Call Test Case 'Test Cases/Custom Item Details/UTILITIES/CLOSE_BROWSER' successfully

2022-04-07 11:00:35 - [TEST_CASE][PASSED] - Test Cases/Custom Item Details/UTILITIES/CLOSE_BROWSER: Test Cases/Custom Item Details/UTILITIES/CLOSE_BROWSER

2022-04-07 11:00:35 - [TEST_STEP][PASSED] - closeBrowser(): Browser is closed

2022-04-07 11:00:36 - [MESSAGE][PASSED] - Browser is closed

2022-04-07 11:00:36 - [MESSAGE][PASSED] - Call Test Case 'Test Cases/Custom Item Details/UTILITIES/CLOSE_BROWSER' successfully]]></system-out>
         <system-err><![CDATA[]]></system-err>
      </testcase>
      <testcase name="Test Cases/Custom Item Details/TEST CASE/TC_DETAILS_UI_013" time="14.426" classname="Test Cases/Custom Item Details/TEST CASE/TC_DETAILS_UI_013" status="PASSED">
         <system-out><![CDATA[2022-04-07 11:00:36 - [TEST_CASE][PASSED] - Test Cases/Custom Item Details/TEST CASE/TC_DETAILS_UI_013: Test Cases/Custom Item Details/TEST CASE/TC_DETAILS_UI_013

2022-04-07 11:00:36 - [TEST_STEP][PASSED] - callTestCase(findTestCase("Custom Item Details/UTILITIES/OPEN_BROWSER"), [:], STOP_ON_FAILURE): Call Test Case 'Test Cases/Custom Item Details/UTILITIES/OPEN_BROWSER' successfully

2022-04-07 11:00:36 - [TEST_CASE][PASSED] - Test Cases/Custom Item Details/UTILITIES/OPEN_BROWSER: Test Cases/Custom Item Details/UTILITIES/OPEN_BROWSER

2022-04-07 11:00:36 - [TEST_STEP][PASSED] - openBrowser("https://diagnostics.staging.arcadier.io/"): Browser is opened with url: 'https://diagnostics.staging.arcadier.io/'

2022-04-07 11:00:36 - [MESSAGE][INFO] - Starting 'Chrome' driver

2022-04-07 11:00:36 - [MESSAGE][INFO] - Action delay is set to 0 milliseconds

2022-04-07 11:00:39 - [MESSAGE][PASSED] - Browser is opened with url: 'https://diagnostics.staging.arcadier.io/'

2022-04-07 11:00:39 - [TEST_STEP][PASSED] - maximizeWindow(): Current window maximized

2022-04-07 11:00:40 - [MESSAGE][PASSED] - Current window maximized

2022-04-07 11:00:40 - [TEST_STEP][PASSED] - click(findTestObject("Item Details Objects/Page_diagnostics/a_Accept Cookies")): Object: 'Object Repository/Item Details Objects/Page_diagnostics/a_Accept Cookies' is clicked on

2022-04-07 11:00:41 - [MESSAGE][PASSED] - Object: 'Object Repository/Item Details Objects/Page_diagnostics/a_Accept Cookies' is clicked on

2022-04-07 11:00:41 - [TEST_STEP][PASSED] - click(findTestObject("New_Homepage/Page_diagnostics/a_COVID-19 DIAGNOSTICS"), STOP_ON_FAILURE): Object: 'Object Repository/New_Homepage/Page_diagnostics/a_COVID-19 DIAGNOSTICS' is clicked on

2022-04-07 11:00:43 - [MESSAGE][PASSED] - Object: 'Object Repository/New_Homepage/Page_diagnostics/a_COVID-19 DIAGNOSTICS' is clicked on

2022-04-07 11:00:43 - [TEST_STEP][PASSED] - mouseOver(findTestObject("New_Homepage/Page_diagnostics/a_Abbott Rapid Diagnostics PANBIO COVID-19 Ag Rapid Test Device (Nasopharyngeal)")): Object: 'Object Repository/New_Homepage/Page_diagnostics/a_Abbott Rapid Diagnostics PANBIO COVID-19 Ag Rapid Test Device (Nasopharyngeal)' is hovered

2022-04-07 11:00:45 - [MESSAGE][PASSED] - Object: 'Object Repository/New_Homepage/Page_diagnostics/a_Abbott Rapid Diagnostics PANBIO COVID-19 Ag Rapid Test Device (Nasopharyngeal)' is hovered

2022-04-07 11:00:45 - [TEST_STEP][PASSED] - click(findTestObject("New_Homepage/Page_diagnostics/a_Abbott Rapid Diagnostics PANBIO COVID-19 Ag Rapid Test Device (Nasopharyngeal)")): Object: 'Object Repository/New_Homepage/Page_diagnostics/a_Abbott Rapid Diagnostics PANBIO COVID-19 Ag Rapid Test Device (Nasopharyngeal)' is clicked on

2022-04-07 11:00:48 - [MESSAGE][PASSED] - Object: 'Object Repository/New_Homepage/Page_diagnostics/a_Abbott Rapid Diagnostics PANBIO COVID-19 Ag Rapid Test Device (Nasopharyngeal)' is clicked on

2022-04-07 11:00:48 - [MESSAGE][PASSED] - Call Test Case 'Test Cases/Custom Item Details/UTILITIES/OPEN_BROWSER' successfully

2022-04-07 11:00:48 - [TEST_STEP][PASSED] - waitForElementPresent(findTestObject("Item Details Objects/Page_diagnostics/btn_Procure_grey"), 0): Object 'Object Repository/Item Details Objects/Page_diagnostics/btn_Procure_grey' is present

2022-04-07 11:00:48 - [MESSAGE][WARNING] - Timeout '0' is invalid. Using default page load timeout: '30'

2022-04-07 11:00:50 - [MESSAGE][PASSED] - Object 'Object Repository/Item Details Objects/Page_diagnostics/btn_Procure_grey' is present

2022-04-07 11:00:50 - [TEST_STEP][PASSED] - callTestCase(findTestCase("Custom Item Details/UTILITIES/CLOSE_BROWSER"), [:], STOP_ON_FAILURE): Call Test Case 'Test Cases/Custom Item Details/UTILITIES/CLOSE_BROWSER' successfully

2022-04-07 11:00:50 - [TEST_CASE][PASSED] - Test Cases/Custom Item Details/UTILITIES/CLOSE_BROWSER: Test Cases/Custom Item Details/UTILITIES/CLOSE_BROWSER

2022-04-07 11:00:50 - [TEST_STEP][PASSED] - closeBrowser(): Browser is closed

2022-04-07 11:00:51 - [MESSAGE][PASSED] - Browser is closed

2022-04-07 11:00:51 - [MESSAGE][PASSED] - Call Test Case 'Test Cases/Custom Item Details/UTILITIES/CLOSE_BROWSER' successfully]]></system-out>
         <system-err><![CDATA[]]></system-err>
      </testcase>
      <testcase name="Test Cases/Custom Item Details/TEST CASE/TC_DETAILS_UI_014" time="14.918" classname="Test Cases/Custom Item Details/TEST CASE/TC_DETAILS_UI_014" status="PASSED">
         <system-out><![CDATA[2022-04-07 11:00:51 - [TEST_CASE][PASSED] - Test Cases/Custom Item Details/TEST CASE/TC_DETAILS_UI_014: Test Cases/Custom Item Details/TEST CASE/TC_DETAILS_UI_014

2022-04-07 11:00:51 - [TEST_STEP][PASSED] - callTestCase(findTestCase("Custom Item Details/UTILITIES/OPEN_BROWSER"), [:], STOP_ON_FAILURE): Call Test Case 'Test Cases/Custom Item Details/UTILITIES/OPEN_BROWSER' successfully

2022-04-07 11:00:51 - [TEST_CASE][PASSED] - Test Cases/Custom Item Details/UTILITIES/OPEN_BROWSER: Test Cases/Custom Item Details/UTILITIES/OPEN_BROWSER

2022-04-07 11:00:51 - [TEST_STEP][PASSED] - openBrowser("https://diagnostics.staging.arcadier.io/"): Browser is opened with url: 'https://diagnostics.staging.arcadier.io/'

2022-04-07 11:00:51 - [MESSAGE][INFO] - Starting 'Chrome' driver

2022-04-07 11:00:51 - [MESSAGE][INFO] - Action delay is set to 0 milliseconds

2022-04-07 11:00:54 - [MESSAGE][PASSED] - Browser is opened with url: 'https://diagnostics.staging.arcadier.io/'

2022-04-07 11:00:54 - [TEST_STEP][PASSED] - maximizeWindow(): Current window maximized

2022-04-07 11:00:55 - [MESSAGE][PASSED] - Current window maximized

2022-04-07 11:00:55 - [TEST_STEP][PASSED] - click(findTestObject("Item Details Objects/Page_diagnostics/a_Accept Cookies")): Object: 'Object Repository/Item Details Objects/Page_diagnostics/a_Accept Cookies' is clicked on

2022-04-07 11:00:57 - [MESSAGE][PASSED] - Object: 'Object Repository/Item Details Objects/Page_diagnostics/a_Accept Cookies' is clicked on

2022-04-07 11:00:57 - [TEST_STEP][PASSED] - click(findTestObject("New_Homepage/Page_diagnostics/a_COVID-19 DIAGNOSTICS"), STOP_ON_FAILURE): Object: 'Object Repository/New_Homepage/Page_diagnostics/a_COVID-19 DIAGNOSTICS' is clicked on

2022-04-07 11:00:58 - [MESSAGE][PASSED] - Object: 'Object Repository/New_Homepage/Page_diagnostics/a_COVID-19 DIAGNOSTICS' is clicked on

2022-04-07 11:00:58 - [TEST_STEP][PASSED] - mouseOver(findTestObject("New_Homepage/Page_diagnostics/a_Abbott Rapid Diagnostics PANBIO COVID-19 Ag Rapid Test Device (Nasopharyngeal)")): Object: 'Object Repository/New_Homepage/Page_diagnostics/a_Abbott Rapid Diagnostics PANBIO COVID-19 Ag Rapid Test Device (Nasopharyngeal)' is hovered

2022-04-07 11:01:00 - [MESSAGE][PASSED] - Object: 'Object Repository/New_Homepage/Page_diagnostics/a_Abbott Rapid Diagnostics PANBIO COVID-19 Ag Rapid Test Device (Nasopharyngeal)' is hovered

2022-04-07 11:01:00 - [TEST_STEP][PASSED] - click(findTestObject("New_Homepage/Page_diagnostics/a_Abbott Rapid Diagnostics PANBIO COVID-19 Ag Rapid Test Device (Nasopharyngeal)")): Object: 'Object Repository/New_Homepage/Page_diagnostics/a_Abbott Rapid Diagnostics PANBIO COVID-19 Ag Rapid Test Device (Nasopharyngeal)' is clicked on

2022-04-07 11:01:02 - [MESSAGE][PASSED] - Object: 'Object Repository/New_Homepage/Page_diagnostics/a_Abbott Rapid Diagnostics PANBIO COVID-19 Ag Rapid Test Device (Nasopharyngeal)' is clicked on

2022-04-07 11:01:02 - [MESSAGE][PASSED] - Call Test Case 'Test Cases/Custom Item Details/UTILITIES/OPEN_BROWSER' successfully

2022-04-07 11:01:02 - [TEST_STEP][PASSED] - waitForElementVisible(findTestObject("Staging Objects/Page_diagnostics/div_Description"), 0): Object 'Object Repository/Staging Objects/Page_diagnostics/div_Description' is visible

2022-04-07 11:01:02 - [MESSAGE][WARNING] - Timeout '0' is invalid. Using default page load timeout: '30'

2022-04-07 11:01:04 - [MESSAGE][PASSED] - Object 'Object Repository/Staging Objects/Page_diagnostics/div_Description' is visible

2022-04-07 11:01:04 - [TEST_STEP][PASSED] - verifyElementClickable(findTestObject("Staging Objects/Page_diagnostics/div_Description")): Object 'Object Repository/Staging Objects/Page_diagnostics/div_Description' is clickable

2022-04-07 11:01:04 - [MESSAGE][PASSED] - Object 'Object Repository/Staging Objects/Page_diagnostics/div_Description' is clickable

2022-04-07 11:01:04 - [TEST_STEP][PASSED] - verifyElementText(findTestObject("Staging Objects/Page_diagnostics/div_Description"), "Description"): Actual text and expected text of test object 'Object Repository/Staging Objects/Page_diagnostics/div_Description' are matched.

2022-04-07 11:01:04 - [MESSAGE][PASSED] - Actual text and expected text of test object 'Object Repository/Staging Objects/Page_diagnostics/div_Description' are matched.

2022-04-07 11:01:04 - [TEST_STEP][PASSED] - click(findTestObject("Staging Objects/Page_diagnostics/div_Description")): Object: 'Object Repository/Staging Objects/Page_diagnostics/div_Description' is clicked on

2022-04-07 11:01:05 - [MESSAGE][PASSED] - Object: 'Object Repository/Staging Objects/Page_diagnostics/div_Description' is clicked on

2022-04-07 11:01:05 - [TEST_STEP][PASSED] - callTestCase(findTestCase("Custom Item Details/UTILITIES/CLOSE_BROWSER"), [:], STOP_ON_FAILURE): Call Test Case 'Test Cases/Custom Item Details/UTILITIES/CLOSE_BROWSER' successfully

2022-04-07 11:01:05 - [TEST_CASE][PASSED] - Test Cases/Custom Item Details/UTILITIES/CLOSE_BROWSER: Test Cases/Custom Item Details/UTILITIES/CLOSE_BROWSER

2022-04-07 11:01:05 - [TEST_STEP][PASSED] - closeBrowser(): Browser is closed

2022-04-07 11:01:05 - [MESSAGE][PASSED] - Browser is closed

2022-04-07 11:01:05 - [MESSAGE][PASSED] - Call Test Case 'Test Cases/Custom Item Details/UTILITIES/CLOSE_BROWSER' successfully]]></system-out>
         <system-err><![CDATA[]]></system-err>
      </testcase>
      <testcase name="Test Cases/Custom Item Details/TEST CASE/TC_DETAILS_UI_015" time="32.921" classname="Test Cases/Custom Item Details/TEST CASE/TC_DETAILS_UI_015" status="PASSED">
         <system-out><![CDATA[2022-04-07 11:01:05 - [TEST_CASE][PASSED] - Test Cases/Custom Item Details/TEST CASE/TC_DETAILS_UI_015: Test Cases/Custom Item Details/TEST CASE/TC_DETAILS_UI_015

2022-04-07 11:01:06 - [TEST_STEP][PASSED] - callTestCase(findTestCase("Custom Item Details/UTILITIES/OPEN_BROWSER"), [:], STOP_ON_FAILURE): Call Test Case 'Test Cases/Custom Item Details/UTILITIES/OPEN_BROWSER' successfully

2022-04-07 11:01:06 - [TEST_CASE][PASSED] - Test Cases/Custom Item Details/UTILITIES/OPEN_BROWSER: Test Cases/Custom Item Details/UTILITIES/OPEN_BROWSER

2022-04-07 11:01:06 - [TEST_STEP][PASSED] - openBrowser("https://diagnostics.staging.arcadier.io/"): Browser is opened with url: 'https://diagnostics.staging.arcadier.io/'

2022-04-07 11:01:06 - [MESSAGE][INFO] - Starting 'Chrome' driver

2022-04-07 11:01:06 - [MESSAGE][INFO] - Action delay is set to 0 milliseconds

2022-04-07 11:01:29 - [MESSAGE][PASSED] - Browser is opened with url: 'https://diagnostics.staging.arcadier.io/'

2022-04-07 11:01:29 - [TEST_STEP][PASSED] - maximizeWindow(): Current window maximized

2022-04-07 11:01:30 - [MESSAGE][PASSED] - Current window maximized

2022-04-07 11:01:30 - [TEST_STEP][PASSED] - click(findTestObject("Item Details Objects/Page_diagnostics/a_Accept Cookies")): Object: 'Object Repository/Item Details Objects/Page_diagnostics/a_Accept Cookies' is clicked on

2022-04-07 11:01:30 - [MESSAGE][PASSED] - Object: 'Object Repository/Item Details Objects/Page_diagnostics/a_Accept Cookies' is clicked on

2022-04-07 11:01:30 - [TEST_STEP][PASSED] - click(findTestObject("New_Homepage/Page_diagnostics/a_COVID-19 DIAGNOSTICS"), STOP_ON_FAILURE): Object: 'Object Repository/New_Homepage/Page_diagnostics/a_COVID-19 DIAGNOSTICS' is clicked on

2022-04-07 11:01:31 - [MESSAGE][PASSED] - Object: 'Object Repository/New_Homepage/Page_diagnostics/a_COVID-19 DIAGNOSTICS' is clicked on

2022-04-07 11:01:31 - [TEST_STEP][PASSED] - mouseOver(findTestObject("New_Homepage/Page_diagnostics/a_Abbott Rapid Diagnostics PANBIO COVID-19 Ag Rapid Test Device (Nasopharyngeal)")): Object: 'Object Repository/New_Homepage/Page_diagnostics/a_Abbott Rapid Diagnostics PANBIO COVID-19 Ag Rapid Test Device (Nasopharyngeal)' is hovered

2022-04-07 11:01:33 - [MESSAGE][PASSED] - Object: 'Object Repository/New_Homepage/Page_diagnostics/a_Abbott Rapid Diagnostics PANBIO COVID-19 Ag Rapid Test Device (Nasopharyngeal)' is hovered

2022-04-07 11:01:33 - [TEST_STEP][PASSED] - click(findTestObject("New_Homepage/Page_diagnostics/a_Abbott Rapid Diagnostics PANBIO COVID-19 Ag Rapid Test Device (Nasopharyngeal)")): Object: 'Object Repository/New_Homepage/Page_diagnostics/a_Abbott Rapid Diagnostics PANBIO COVID-19 Ag Rapid Test Device (Nasopharyngeal)' is clicked on

2022-04-07 11:01:35 - [MESSAGE][PASSED] - Object: 'Object Repository/New_Homepage/Page_diagnostics/a_Abbott Rapid Diagnostics PANBIO COVID-19 Ag Rapid Test Device (Nasopharyngeal)' is clicked on

2022-04-07 11:01:35 - [MESSAGE][PASSED] - Call Test Case 'Test Cases/Custom Item Details/UTILITIES/OPEN_BROWSER' successfully

2022-04-07 11:01:35 - [TEST_STEP][PASSED] - waitForElementVisible(findTestObject("Staging Objects/Page_diagnostics/div_Technical Specifications"), 0): Object 'Object Repository/Staging Objects/Page_diagnostics/div_Technical Specifications' is visible

2022-04-07 11:01:35 - [MESSAGE][WARNING] - Timeout '0' is invalid. Using default page load timeout: '30'

2022-04-07 11:01:37 - [MESSAGE][PASSED] - Object 'Object Repository/Staging Objects/Page_diagnostics/div_Technical Specifications' is visible

2022-04-07 11:01:37 - [TEST_STEP][PASSED] - verifyElementClickable(findTestObject("Staging Objects/Page_diagnostics/div_Technical Specifications")): Object 'Object Repository/Staging Objects/Page_diagnostics/div_Technical Specifications' is clickable

2022-04-07 11:01:37 - [MESSAGE][PASSED] - Object 'Object Repository/Staging Objects/Page_diagnostics/div_Technical Specifications' is clickable

2022-04-07 11:01:37 - [TEST_STEP][PASSED] - verifyElementText(findTestObject("Staging Objects/Page_diagnostics/div_Technical Specifications"), "Technical Specifications"): Actual text and expected text of test object 'Object Repository/Staging Objects/Page_diagnostics/div_Technical Specifications' are matched.

2022-04-07 11:01:37 - [MESSAGE][PASSED] - Actual text and expected text of test object 'Object Repository/Staging Objects/Page_diagnostics/div_Technical Specifications' are matched.

2022-04-07 11:01:37 - [TEST_STEP][PASSED] - click(findTestObject("Staging Objects/Page_diagnostics/div_Technical Specifications")): Object: 'Object Repository/Staging Objects/Page_diagnostics/div_Technical Specifications' is clicked on

2022-04-07 11:01:38 - [MESSAGE][PASSED] - Object: 'Object Repository/Staging Objects/Page_diagnostics/div_Technical Specifications' is clicked on

2022-04-07 11:01:38 - [TEST_STEP][PASSED] - callTestCase(findTestCase("Custom Item Details/UTILITIES/CLOSE_BROWSER"), [:], STOP_ON_FAILURE): Call Test Case 'Test Cases/Custom Item Details/UTILITIES/CLOSE_BROWSER' successfully

2022-04-07 11:01:38 - [TEST_CASE][PASSED] - Test Cases/Custom Item Details/UTILITIES/CLOSE_BROWSER: Test Cases/Custom Item Details/UTILITIES/CLOSE_BROWSER

2022-04-07 11:01:38 - [TEST_STEP][PASSED] - closeBrowser(): Browser is closed

2022-04-07 11:01:38 - [MESSAGE][PASSED] - Browser is closed

2022-04-07 11:01:38 - [MESSAGE][PASSED] - Call Test Case 'Test Cases/Custom Item Details/UTILITIES/CLOSE_BROWSER' successfully]]></system-out>
         <system-err><![CDATA[]]></system-err>
      </testcase>
      <testcase name="Test Cases/Custom Item Details/TEST CASE/TC_DETAILS_UI_016" time="15.976" classname="Test Cases/Custom Item Details/TEST CASE/TC_DETAILS_UI_016" status="PASSED">
         <system-out><![CDATA[2022-04-07 11:01:38 - [TEST_CASE][PASSED] - Test Cases/Custom Item Details/TEST CASE/TC_DETAILS_UI_016: Test Cases/Custom Item Details/TEST CASE/TC_DETAILS_UI_016

2022-04-07 11:01:39 - [TEST_STEP][PASSED] - callTestCase(findTestCase("Custom Item Details/UTILITIES/OPEN_BROWSER"), [:], STOP_ON_FAILURE): Call Test Case 'Test Cases/Custom Item Details/UTILITIES/OPEN_BROWSER' successfully

2022-04-07 11:01:39 - [TEST_CASE][PASSED] - Test Cases/Custom Item Details/UTILITIES/OPEN_BROWSER: Test Cases/Custom Item Details/UTILITIES/OPEN_BROWSER

2022-04-07 11:01:39 - [TEST_STEP][PASSED] - openBrowser("https://diagnostics.staging.arcadier.io/"): Browser is opened with url: 'https://diagnostics.staging.arcadier.io/'

2022-04-07 11:01:39 - [MESSAGE][INFO] - Starting 'Chrome' driver

2022-04-07 11:01:39 - [MESSAGE][INFO] - Action delay is set to 0 milliseconds

2022-04-07 11:01:42 - [MESSAGE][PASSED] - Browser is opened with url: 'https://diagnostics.staging.arcadier.io/'

2022-04-07 11:01:42 - [TEST_STEP][PASSED] - maximizeWindow(): Current window maximized

2022-04-07 11:01:42 - [MESSAGE][PASSED] - Current window maximized

2022-04-07 11:01:42 - [TEST_STEP][PASSED] - click(findTestObject("Item Details Objects/Page_diagnostics/a_Accept Cookies")): Object: 'Object Repository/Item Details Objects/Page_diagnostics/a_Accept Cookies' is clicked on

2022-04-07 11:01:43 - [MESSAGE][PASSED] - Object: 'Object Repository/Item Details Objects/Page_diagnostics/a_Accept Cookies' is clicked on

2022-04-07 11:01:43 - [TEST_STEP][PASSED] - click(findTestObject("New_Homepage/Page_diagnostics/a_COVID-19 DIAGNOSTICS"), STOP_ON_FAILURE): Object: 'Object Repository/New_Homepage/Page_diagnostics/a_COVID-19 DIAGNOSTICS' is clicked on

2022-04-07 11:01:46 - [MESSAGE][PASSED] - Object: 'Object Repository/New_Homepage/Page_diagnostics/a_COVID-19 DIAGNOSTICS' is clicked on

2022-04-07 11:01:46 - [TEST_STEP][PASSED] - mouseOver(findTestObject("New_Homepage/Page_diagnostics/a_Abbott Rapid Diagnostics PANBIO COVID-19 Ag Rapid Test Device (Nasopharyngeal)")): Object: 'Object Repository/New_Homepage/Page_diagnostics/a_Abbott Rapid Diagnostics PANBIO COVID-19 Ag Rapid Test Device (Nasopharyngeal)' is hovered

2022-04-07 11:01:48 - [MESSAGE][PASSED] - Object: 'Object Repository/New_Homepage/Page_diagnostics/a_Abbott Rapid Diagnostics PANBIO COVID-19 Ag Rapid Test Device (Nasopharyngeal)' is hovered

2022-04-07 11:01:48 - [TEST_STEP][PASSED] - click(findTestObject("New_Homepage/Page_diagnostics/a_Abbott Rapid Diagnostics PANBIO COVID-19 Ag Rapid Test Device (Nasopharyngeal)")): Object: 'Object Repository/New_Homepage/Page_diagnostics/a_Abbott Rapid Diagnostics PANBIO COVID-19 Ag Rapid Test Device (Nasopharyngeal)' is clicked on

2022-04-07 11:01:51 - [MESSAGE][PASSED] - Object: 'Object Repository/New_Homepage/Page_diagnostics/a_Abbott Rapid Diagnostics PANBIO COVID-19 Ag Rapid Test Device (Nasopharyngeal)' is clicked on

2022-04-07 11:01:51 - [MESSAGE][PASSED] - Call Test Case 'Test Cases/Custom Item Details/UTILITIES/OPEN_BROWSER' successfully

2022-04-07 11:01:51 - [TEST_STEP][PASSED] - waitForElementVisible(findTestObject("Staging Objects/Page_diagnostics/div_Product Attributes"), 0): Object 'Object Repository/Staging Objects/Page_diagnostics/div_Product Attributes' is visible

2022-04-07 11:01:51 - [MESSAGE][WARNING] - Timeout '0' is invalid. Using default page load timeout: '30'

2022-04-07 11:01:53 - [MESSAGE][PASSED] - Object 'Object Repository/Staging Objects/Page_diagnostics/div_Product Attributes' is visible

2022-04-07 11:01:53 - [TEST_STEP][PASSED] - verifyElementClickable(findTestObject("Staging Objects/Page_diagnostics/div_Product Attributes")): Object 'Object Repository/Staging Objects/Page_diagnostics/div_Product Attributes' is clickable

2022-04-07 11:01:53 - [MESSAGE][PASSED] - Object 'Object Repository/Staging Objects/Page_diagnostics/div_Product Attributes' is clickable

2022-04-07 11:01:53 - [TEST_STEP][PASSED] - verifyElementText(findTestObject("Staging Objects/Page_diagnostics/div_Product Attributes"), "Product Attributes"): Actual text and expected text of test object 'Object Repository/Staging Objects/Page_diagnostics/div_Product Attributes' are matched.

2022-04-07 11:01:53 - [MESSAGE][PASSED] - Actual text and expected text of test object 'Object Repository/Staging Objects/Page_diagnostics/div_Product Attributes' are matched.

2022-04-07 11:01:53 - [TEST_STEP][PASSED] - click(findTestObject("Staging Objects/Page_diagnostics/div_Product Attributes")): Object: 'Object Repository/Staging Objects/Page_diagnostics/div_Product Attributes' is clicked on

2022-04-07 11:01:54 - [MESSAGE][PASSED] - Object: 'Object Repository/Staging Objects/Page_diagnostics/div_Product Attributes' is clicked on

2022-04-07 11:01:54 - [TEST_STEP][PASSED] - callTestCase(findTestCase("Custom Item Details/UTILITIES/CLOSE_BROWSER"), [:], STOP_ON_FAILURE): Call Test Case 'Test Cases/Custom Item Details/UTILITIES/CLOSE_BROWSER' successfully

2022-04-07 11:01:54 - [TEST_CASE][PASSED] - Test Cases/Custom Item Details/UTILITIES/CLOSE_BROWSER: Test Cases/Custom Item Details/UTILITIES/CLOSE_BROWSER

2022-04-07 11:01:54 - [TEST_STEP][PASSED] - closeBrowser(): Browser is closed

2022-04-07 11:01:54 - [MESSAGE][PASSED] - Browser is closed

2022-04-07 11:01:54 - [MESSAGE][PASSED] - Call Test Case 'Test Cases/Custom Item Details/UTILITIES/CLOSE_BROWSER' successfully]]></system-out>
         <system-err><![CDATA[]]></system-err>
      </testcase>
      <testcase name="Test Cases/Custom Item Details/TEST CASE/TC_DETAILS_UI_017" time="14.129" classname="Test Cases/Custom Item Details/TEST CASE/TC_DETAILS_UI_017" status="PASSED">
         <system-out><![CDATA[2022-04-07 11:01:54 - [TEST_CASE][PASSED] - Test Cases/Custom Item Details/TEST CASE/TC_DETAILS_UI_017: Test Cases/Custom Item Details/TEST CASE/TC_DETAILS_UI_017

2022-04-07 11:01:55 - [TEST_STEP][PASSED] - callTestCase(findTestCase("Custom Item Details/UTILITIES/OPEN_BROWSER"), [:], STOP_ON_FAILURE): Call Test Case 'Test Cases/Custom Item Details/UTILITIES/OPEN_BROWSER' successfully

[...]
	at org.openqa.selenium.remote.http.W3CHttpResponseCodec.createException(W3CHttpResponseCodec.java:187)
	at org.openqa.selenium.remote.http.W3CHttpResponseCodec.decode(W3CHttpResponseCodec.java:122)
	at org.openqa.selenium.remote.http.W3CHttpResponseCodec.decode(W3CHttpResponseCodec.java:49)
	at org.openqa.selenium.remote.HttpCommandExecutor.execute(HttpCommandExecutor.java:158)
	at org.openqa.selenium.remote.service.DriverCommandExecutor.execute(DriverCommandExecutor.java:83)
	at org.openqa.selenium.remote.RemoteWebDriver.execute(RemoteWebDriver.java:552)
	at com.kms.katalon.selenium.driver.CChromeDriver.execute(CChromeDriver.java:19)
	at org.openqa.selenium.remote.RemoteWebElement.execute(RemoteWebElement.java:285)
	at org.openqa.selenium.remote.RemoteWebElement.click(RemoteWebElement.java:84)
	at org.openqa.selenium.support.events.EventFiringWebDriver$EventFiringWebElement.lambda$new$0(EventFiringWebDriver.java:404)
	at com.sun.proxy.$Proxy10.click(Unknown Source)
	at org.openqa.selenium.support.events.EventFiringWebDriver$EventFiringWebElement.click(EventFiringWebDriver.java:417)
	at com.kms.katalon.core.webui.keyword.builtin.ClickKeyword$_click_closure1.doCall(ClickKeyword.groovy:69)
	at com.kms.katalon.core.webui.keyword.builtin.ClickKeyword$_click_closure1.call(ClickKeyword.groovy)
	at com.kms.katalon.core.webui.keyword.internal.WebUIKeywordMain.runKeyword(WebUIKeywordMain.groovy:20)
	at com.kms.katalon.core.webui.keyword.builtin.ClickKeyword.click(ClickKeyword.groovy:76)
	at com.kms.katalon.core.webui.keyword.builtin.ClickKeyword.execute(ClickKeyword.groovy:43)
	at com.kms.katalon.core.keyword.internal.KeywordExecutor.executeKeywordForPlatform(KeywordExecutor.groovy:73)
	at com.kms.katalon.core.webui.keyword.WebUiBuiltInKeywords.click(WebUiBuiltInKeywords.groovy:617)
	at com.kms.katalon.core.webui.keyword.WebUiBuiltInKeywords$click$1.call(Unknown Source)
	at Script1649242596279.run(Script1649242596279.groovy:22)
	... 13 more
)
[[ATTACHMENT|K:\\Work\\GitHub\\find-item-detail-test_v2\\Reports\\20220407_105703\\Item detail test\\20220407_105703\\1649301454063.png]]]]></system-out>
         <system-err><![CDATA[2022-04-07 11:17:19 - [TEST_CASE][FAILED] - Test Cases/Custom Item Details/TEST CASE/TC_DETAILS_UI_051: Test Cases/Custom Item Details/TEST CASE/TC_DETAILS_UI_051 FAILED.
Reason:
com.kms.katalon.core.exception.StepFailedException: Unable to click on object 'Object Repository/Staging Objects/Page_diagnostics/a_REQUEST FOR QUOTATION'
	at com.kms.katalon.core.webui.keyword.internal.WebUIKeywordMain.stepFailed(WebUIKeywordMain.groovy:64)
	at com.kms.katalon.core.webui.keyword.internal.WebUIKeywordMain.runKeyword(WebUIKeywordMain.groovy:26)
	at com.kms.katalon.core.webui.keyword.builtin.ClickKeyword.click(ClickKeyword.groovy:76)
	at com.kms.katalon.core.webui.keyword.builtin.ClickKeyword.execute(ClickKeyword.groovy:43)
	at com.kms.katalon.core.keyword.internal.KeywordExecutor.executeKeywordForPlatform(KeywordExecutor.groovy:73)
	at com.kms.katalon.core.webui.keyword.WebUiBuiltInKeywords.click(WebUiBuiltInKeywords.groovy:617)
	at com.kms.katalon.core.webui.keyword.WebUiBuiltInKeywords$click$1.call(Unknown Source)
	at TC_DETAILS_UI_051.run(TC_DETAILS_UI_051:22)
	at com.kms.katalon.core.main.ScriptEngine.run(ScriptEngine.java:194)
	at com.kms.katalon.core.main.ScriptEngine.runScriptAsRawText(ScriptEngine.java:119)
	at com.kms.katalon.core.main.TestCaseExecutor.runScript(TestCaseExecutor.java:339)
	at com.kms.katalon.core.main.TestCaseExecutor.doExecute(TestCaseExecutor.java:330)
	at com.kms.katalon.core.main.TestCaseExecutor.processExecutionPhase(TestCaseExecutor.java:309)
	at com.kms.katalon.core.main.TestCaseExecutor.accessMainPhase(TestCaseExecutor.java:301)
	at com.kms.katalon.core.main.TestCaseExecutor.execute(TestCaseExecutor.java:235)
	at com.kms.katalon.core.main.TestSuiteExecutor.accessTestCaseMainPhase(TestSuiteExecutor.java:191)
	at com.kms.katalon.core.main.TestSuiteExecutor.accessTestSuiteMainPhase(TestSuiteExecutor.java:141)
	at com.kms.katalon.core.main.TestSuiteExecutor.execute(TestSuiteExecutor.java:90)
	at com.kms.katalon.core.main.TestCaseMain.startTestSuite(TestCaseMain.java:157)
	at com.kms.katalon.core.main.TestCaseMain$startTestSuite$0.call(Unknown Source)
	at TempTestSuite1649300223264.run(TempTestSuite1649300223264.groovy:39)
Caused by: org.openqa.selenium.WebDriverException: unknown error: cannot determine loading status
from target frame detached
  (Session info: chrome=99.0.4844.84)
Build info: version: '3.141.59', revision: 'e82be7d358', time: '2018-11-14T08:25:53'
System info: host: 'DESKTOP-IJBB9BE', ip: '192.168.1.2', os.name: 'Windows 10', os.arch: 'amd64', os.version: '10.0', java.version: '1.8.0_181'
Driver info: com.kms.katalon.selenium.driver.CChromeDriver
Capabilities {acceptInsecureCerts: false, browserName: chrome, browserVersion: 99.0.4844.84, chrome: {chromedriverVersion: 99.0.4844.51 (d537ec02474b5..., userDataDir: C:\Users\Lexoter\AppData\Lo...}, goog:chromeOptions: {debuggerAddress: localhost:1345}, javascriptEnabled: true, networkConnectionEnabled: false, pageLoadStrategy: normal, platform: WINDOWS, platformName: WINDOWS, proxy: Proxy(), setWindowRect: true, strictFileInteractability: false, timeouts: {implicit: 0, pageLoad: 300000, script: 30000}, unhandledPromptBehavior: dismiss and notify, webauthn:extension:credBlob: true, webauthn:extension:largeBlob: true, webauthn:virtualAuthenticators: true}
Session ID: 2cf318305f54f88efd8a9e9f1aaa0546
	at org.openqa.selenium.remote.http.W3CHttpResponseCodec.createException(W3CHttpResponseCodec.java:187)
	at org.openqa.selenium.remote.http.W3CHttpResponseCodec.decode(W3CHttpResponseCodec.java:122)
	at org.openqa.selenium.remote.http.W3CHttpResponseCodec.decode(W3CHttpResponseCodec.java:49)
	at org.openqa.selenium.remote.HttpCommandExecutor.execute(HttpCommandExecutor.java:158)
	at org.openqa.selenium.remote.service.DriverCommandExecutor.execute(DriverCommandExecutor.java:83)
	at org.openqa.selenium.remote.RemoteWebDriver.execute(RemoteWebDriver.java:552)
	at com.kms.katalon.selenium.driver.CChromeDriver.execute(CChromeDriver.java:19)
	at org.openqa.selenium.remote.RemoteWebElement.execute(RemoteWebElement.java:285)
	at org.openqa.selenium.remote.RemoteWebElement.click(RemoteWebElement.java:84)
	at org.openqa.selenium.support.events.EventFiringWebDriver$EventFiringWebElement.lambda$new$0(EventFiringWebDriver.java:404)
	at com.sun.proxy.$Proxy10.click(Unknown Source)
	at org.openqa.selenium.support.events.EventFiringWebDriver$EventFiringWebElement.click(EventFiringWebDriver.java:417)
	at com.kms.katalon.core.webui.keyword.builtin.ClickKeyword$_click_closure1.doCall(ClickKeyword.groovy:69)
	at com.kms.katalon.core.webui.keyword.builtin.ClickKeyword$_click_closure1.call(ClickKeyword.groovy)
	at com.kms.katalon.core.webui.keyword.internal.WebUIKeywordMain.runKeyword(WebUIKeywordMain.groovy:20)
	... 19 more]]></system-err>
      </testcase>
      <system-out><![CDATA[2022-04-07 10:57:10 - [TEST_SUITE][FAILED] - Item detail test: Test Cases/Custom Item Details/TEST CASE/TC_DETAILS_UI_020 FAILED.
Reason:
com.kms.katalon.core.exception.StepFailedException: Call Test Case 'Test Cases/Custom Item Details/UTILITIES/ITEM_DETAIL_PAGE' failed
	at com.kms.katalon.core.keyword.builtin.CallTestCaseKeyword$_callTestCase_closure1.doCall(CallTestCaseKeyword.groovy:63)
	at com.kms.katalon.core.keyword.builtin.CallTestCaseKeyword$_callTestCase_closure1.call(CallTestCaseKeyword.groovy)
	at com.kms.katalon.core.keyword.internal.KeywordMain.runKeyword(KeywordMain.groovy:68)
	at com.kms.katalon.core.keyword.builtin.CallTestCaseKeyword.callTestCase(CallTestCaseKeyword.groovy:81)
	at com.kms.katalon.core.keyword.builtin.CallTestCaseKeyword.execute(CallTestCaseKeyword.groovy:44)
	at com.kms.katalon.core.keyword.internal.KeywordExecutor.executeKeywordForPlatform(KeywordExecutor.groovy:73)
	at com.kms.katalon.core.keyword.BuiltinKeywords.callTestCase(BuiltinKeywords.groovy:334)
	at TC_DETAILS_UI_020.run(TC_DETAILS_UI_020:28)
	at com.kms.katalon.core.main.ScriptEngine.run(ScriptEngine.java:194)
	at com.kms.katalon.core.main.ScriptEngine.runScriptAsRawText(ScriptEngine.java:119)
	at com.kms.katalon.core.main.TestCaseExecutor.runScript(TestCaseExecutor.java:339)
	at com.kms.katalon.core.main.TestCaseExecutor.doExecute(TestCaseExecutor.java:330)
	at com.kms.katalon.core.main.TestCaseExecutor.processExecutionPhase(TestCaseExecutor.java:309)
	at com.kms.katalon.core.main.TestCaseExecutor.accessMainPhase(TestCaseExecutor.java:301)
	at com.kms.katalon.core.main.TestCaseExecutor.execute(TestCaseExecutor.java:235)
	at com.kms.katalon.core.main.TestSuiteExecutor.accessTestCaseMainPhase(TestSuiteExecutor.java:191)
	at com.kms.katalon.core.main.TestSuiteExecutor.accessTestSuiteMainPhase(TestSuiteExecutor.java:141)
	at com.kms.katalon.core.main.TestSuiteExecutor.execute(TestSuiteExecutor.java:90)
	at com.kms.katalon.core.main.TestCaseMain.startTestSuite(TestCaseMain.java:157)
	at com.kms.katalon.core.main.TestCaseMain$startTestSuite$0.call(Unknown Source)
	at TempTestSuite1649300223264.run(TempTestSuite1649300223264.groovy:39)
Caused by: com.kms.katalon.core.exception.StepFailedException: Unable to click on object 'Object Repository/Staging Objects/Page_diagnostics/a_DIABETES DIAGNOSTICS'
	at com.kms.katalon.core.webui.keyword.internal.WebUIKeywordMain.stepFailed(WebUIKeywordMain.groovy:64)
	at com.kms.katalon.core.webui.keyword.internal.WebUIKeywordMain.runKeyword(WebUIKeywordMain.groovy:26)
	at com.kms.katalon.core.webui.keyword.builtin.ClickKeyword.click(ClickKeyword.groovy:76)
	at com.kms.katalon.core.webui.keyword.builtin.ClickKeyword.execute(ClickKeyword.groovy:43)
	at com.kms.katalon.core.keyword.internal.KeywordExecutor.executeKeywordForPlatform(KeywordExecutor.groovy:73)
	at com.kms.katalon.core.webui.keyword.WebUiBuiltInKeywords.click(WebUiBuiltInKeywords.groovy:605)
	at com.kms.katalon.core.webui.keyword.WebUiBuiltInKeywords$click$2.call(Unknown Source)
	at ITEM_DETAIL_PAGE.run(ITEM_DETAIL_PAGE:18)
	at com.kms.katalon.core.main.ScriptEngine.run(ScriptEngine.java:194)
	at com.kms.katalon.core.main.ScriptEngine.runScriptAsRawText(ScriptEngine.java:119)
	at com.kms.katalon.core.main.TestCaseExecutor.runScript(TestCaseExecutor.java:339)
	at com.kms.katalon.core.main.TestCaseExecutor.doExecute(TestCaseExecutor.java:330)
	at com.kms.katalon.core.main.TestCaseExecutor.processExecutionPhase(TestCaseExecutor.java:309)
	at com.kms.katalon.core.main.TestCaseExecutor.accessMainPhase(TestCaseExecutor.java:301)
	at com.kms.katalon.core.main.TestCaseExecutor.execute(TestCaseExecutor.java:235)
	at com.kms.katalon.core.main.TestCaseMain.runTestCase(TestCaseMain.java:114)
	at com.kms.katalon.core.keyword.builtin.CallTestCaseKeyword$_callTestCase_closure1.doCall(CallTestCaseKeyword.groovy:59)
	... 20 more
Caused by: org.openqa.selenium.WebDriverException: unknown error: cannot determine loading status
from target frame detached
  (Session info: chrome=99.0.4844.84)
Build info: version: '3.141.59', revision: 'e82be7d358', time: '2018-11-14T08:25:53'
System info: host: 'DESKTOP-IJBB9BE', ip: '192.168.1.2', os.name: 'Windows 10', os.arch: 'amd64', os.version: '10.0', java.version: '1.8.0_181'
Driver info: com.kms.katalon.selenium.driver.CChromeDriver
Capabilities {acceptInsecureCerts: false, browserName: chrome, browserVersion: 99.0.4844.84, chrome: {chromedriverVersion: 99.0.4844.51 (d537ec02474b5..., userDataDir: C:\Users\Lexoter\AppData\Lo...}, goog:chromeOptions: {debuggerAddress: localhost:13701}, javascriptEnabled: true, networkConnectionEnabled: false, pageLoadStrategy: normal, platform: WINDOWS, platformName: WINDOWS, proxy: Proxy(), setWindowRect: true, strictFileInteractability: false, timeouts: {implicit: 0, pageLoad: 300000, script: 30000}, unhandledPromptBehavior: dismiss and notify, webauthn:extension:credBlob: true, webauthn:extension:largeBlob: true, webauthn:virtualAuthenticators: true}
Session ID: 148fd5506bacac9eeebcdfbbe56f8b8a
	at org.openqa.selenium.remote.http.W3CHttpResponseCodec.createException(W3CHttpResponseCodec.java:187)
	at org.openqa.selenium.remote.http.W3CHttpResponseCodec.decode(W3CHttpResponseCodec.java:122)
	at org.openqa.selenium.remote.http.W3CHttpResponseCodec.decode(W3CHttpResponseCodec.java:49)
	at org.openqa.selenium.remote.HttpCommandExecutor.execute(HttpCommandExecutor.java:158)
	at org.openqa.selenium.remote.service.DriverCommandExecutor.execute(DriverCommandExecutor.java:83)
	at org.openqa.selenium.remote.RemoteWebDriver.execute(RemoteWebDriver.java:552)
	at com.kms.katalon.selenium.driver.CChromeDriver.execute(CChromeDriver.java:19)
	at org.openqa.selenium.remote.RemoteWebElement.execute(RemoteWebElement.java:285)
	at org.openqa.selenium.remote.RemoteWebElement.click(RemoteWebElement.java:84)
	at org.openqa.selenium.support.events.EventFiringWebDriver$EventFiringWebElement.lambda$new$0(EventFiringWebDriver.java:404)
	at com.sun.proxy.$Proxy10.click(Unknown Source)
	at org.openqa.selenium.support.events.EventFiringWebDriver$EventFiringWebElement.click(EventFiringWebDriver.java:417)
	at com.kms.katalon.core.webui.keyword.builtin.ClickKeyword$_click_closure1.doCall(ClickKeyword.groovy:69)
	at com.kms.katalon.core.webui.keyword.builtin.ClickKeyword$_click_closure1.call(ClickKeyword.groovy)
	at com.kms.katalon.core.webui.keyword.internal.WebUIKeywordMain.runKeyword(WebUIKeywordMain.groovy:20)
	... 35 more]]></system-out>
      <system-err><![CDATA[2022-04-07 10:57:10 - [TEST_SUITE][FAILED] - Item detail test: Test Cases/Custom Item Details/TEST CASE/TC_DETAILS_UI_020 FAILED.
Reason:
com.kms.katalon.core.exception.StepFailedException: Call Test Case 'Test Cases/Custom Item Details/UTILITIES/ITEM_DETAIL_PAGE' failed
	at com.kms.katalon.core.keyword.builtin.CallTestCaseKeyword$_callTestCase_closure1.doCall(CallTestCaseKeyword.groovy:63)
	at com.kms.katalon.core.keyword.builtin.CallTestCaseKeyword$_callTestCase_closure1.call(CallTestCaseKeyword.groovy)
	at com.kms.katalon.core.keyword.internal.KeywordMain.runKeyword(KeywordMain.groovy:68)
	at com.kms.katalon.core.keyword.builtin.CallTestCaseKeyword.callTestCase(CallTestCaseKeyword.groovy:81)
	at com.kms.katalon.core.keyword.builtin.CallTestCaseKeyword.execute(CallTestCaseKeyword.groovy:44)
	at com.kms.katalon.core.keyword.internal.KeywordExecutor.executeKeywordForPlatform(KeywordExecutor.groovy:73)
	at com.kms.katalon.core.keyword.BuiltinKeywords.callTestCase(BuiltinKeywords.groovy:334)
	at TC_DETAILS_UI_020.run(TC_DETAILS_UI_020:28)
	at com.kms.katalon.core.main.ScriptEngine.run(ScriptEngine.java:194)
	at com.kms.katalon.core.main.ScriptEngine.runScriptAsRawText(ScriptEngine.java:119)
	at com.kms.katalon.core.main.TestCaseExecutor.runScript(TestCaseExecutor.java:339)
	at com.kms.katalon.core.main.TestCaseExecutor.doExecute(TestCaseExecutor.java:330)
	at com.kms.katalon.core.main.TestCaseExecutor.processExecutionPhase(TestCaseExecutor.java:309)
	at com.kms.katalon.core.main.TestCaseExecutor.accessMainPhase(TestCaseExecutor.java:301)
	at com.kms.katalon.core.main.TestCaseExecutor.execute(TestCaseExecutor.java:235)
	at com.kms.katalon.core.main.TestSuiteExecutor.accessTestCaseMainPhase(TestSuiteExecutor.java:191)
	at com.kms.katalon.core.main.TestSuiteExecutor.accessTestSuiteMainPhase(TestSuiteExecutor.java:141)
	at com.kms.katalon.core.main.TestSuiteExecutor.execute(TestSuiteExecutor.java:90)
	at com.kms.katalon.core.main.TestCaseMain.startTestSuite(TestCaseMain.java:157)
	at com.kms.katalon.core.main.TestCaseMain$startTestSuite$0.call(Unknown Source)
	at TempTestSuite1649300223264.run(TempTestSuite1649300223264.groovy:39)
Caused by: com.kms.katalon.core.exception.StepFailedException: Unable to click on object 'Object Repository/Staging Objects/Page_diagnostics/a_DIABETES DIAGNOSTICS'
	at com.kms.katalon.core.webui.keyword.internal.WebUIKeywordMain.stepFailed(WebUIKeywordMain.groovy:64)
	at com.kms.katalon.core.webui.keyword.internal.WebUIKeywordMain.runKeyword(WebUIKeywordMain.groovy:26)
	at com.kms.katalon.core.webui.keyword.builtin.ClickKeyword.click(ClickKeyword.groovy:76)
	at com.kms.katalon.core.webui.keyword.builtin.ClickKeyword.execute(ClickKeyword.groovy:43)
	at com.kms.katalon.core.keyword.internal.KeywordExecutor.executeKeywordForPlatform(KeywordExecutor.groovy:73)
	at com.kms.katalon.core.webui.keyword.WebUiBuiltInKeywords.click(WebUiBuiltInKeywords.groovy:605)
	at com.kms.katalon.core.webui.keyword.WebUiBuiltInKeywords$click$2.call(Unknown Source)
	at ITEM_DETAIL_PAGE.run(ITEM_DETAIL_PAGE:18)
	at com.kms.katalon.core.main.ScriptEngine.run(ScriptEngine.java:194)
	at com.kms.katalon.core.main.ScriptEngine.runScriptAsRawText(ScriptEngine.java:119)
	at com.kms.katalon.core.main.TestCaseExecutor.runScript(TestCaseExecutor.java:339)
	at com.kms.katalon.core.main.TestCaseExecutor.doExecute(TestCaseExecutor.java:330)
	at com.kms.katalon.core.main.TestCaseExecutor.processExecutionPhase(TestCaseExecutor.java:309)
	at com.kms.katalon.core.main.TestCaseExecutor.accessMainPhase(TestCaseExecutor.java:301)
	at com.kms.katalon.core.main.TestCaseExecutor.execute(TestCaseExecutor.java:235)
	at com.kms.katalon.core.main.TestCaseMain.runTestCase(TestCaseMain.java:114)
	at com.kms.katalon.core.keyword.builtin.CallTestCaseKeyword$_callTestCase_closure1.doCall(CallTestCaseKeyword.groovy:59)
	... 20 more
Caused by: org.openqa.selenium.WebDriverException: unknown error: cannot determine loading status
from target frame detached
  (Session info: chrome=99.0.4844.84)
Build info: version: '3.141.59', revision: 'e82be7d358', time: '2018-11-14T08:25:53'
System info: host: 'DESKTOP-IJBB9BE', ip: '192.168.1.2', os.name: 'Windows 10', os.arch: 'amd64', os.version: '10.0', java.version: '1.8.0_181'
Driver info: com.kms.katalon.selenium.driver.CChromeDriver
Capabilities {acceptInsecureCerts: false, browserName: chrome, browserVersion: 99.0.4844.84, chrome: {chromedriverVersion: 99.0.4844.51 (d537ec02474b5..., userDataDir: C:\Users\Lexoter\AppData\Lo...}, goog:chromeOptions: {debuggerAddress: localhost:13701}, javascriptEnabled: true, networkConnectionEnabled: false, pageLoadStrategy: normal, platform: WINDOWS, platformName: WINDOWS, proxy: Proxy(), setWindowRect: true, strictFileInteractability: false, timeouts: {implicit: 0, pageLoad: 300000, script: 30000}, unhandledPromptBehavior: dismiss and notify, webauthn:extension:credBlob: true, webauthn:extension:largeBlob: true, webauthn:virtualAuthenticators: true}
Session ID: 148fd5506bacac9eeebcdfbbe56f8b8a
	at org.openqa.selenium.remote.http.W3CHttpResponseCodec.createException(W3CHttpResponseCodec.java:187)
	at org.openqa.selenium.remote.http.W3CHttpResponseCodec.decode(W3CHttpResponseCodec.java:122)
	at org.openqa.selenium.remote.http.W3CHttpResponseCodec.decode(W3CHttpResponseCodec.java:49)
	at org.openqa.selenium.remote.HttpCommandExecutor.execute(HttpCommandExecutor.java:158)
	at org.openqa.selenium.remote.service.DriverCommandExecutor.execute(DriverCommandExecutor.java:83)
	at org.openqa.selenium.remote.RemoteWebDriver.execute(RemoteWebDriver.java:552)
	at com.kms.katalon.selenium.driver.CChromeDriver.execute(CChromeDriver.java:19)
	at org.openqa.selenium.remote.RemoteWebElement.execute(RemoteWebElement.java:285)
	at org.openqa.selenium.remote.RemoteWebElement.click(RemoteWebElement.java:84)
	at org.openqa.selenium.support.events.EventFiringWebDriver$EventFiringWebElement.lambda$new$0(EventFiringWebDriver.java:404)
	at com.sun.proxy.$Proxy10.click(Unknown Source)
	at org.openqa.selenium.support.events.EventFiringWebDriver$EventFiringWebElement.click(EventFiringWebDriver.java:417)
	at com.kms.katalon.core.webui.keyword.builtin.ClickKeyword$_click_closure1.doCall(ClickKeyword.groovy:69)
	at com.kms.katalon.core.webui.keyword.builtin.ClickKeyword$_click_closure1.call(ClickKeyword.groovy)
	at com.kms.katalon.core.webui.keyword.internal.WebUIKeywordMain.runKeyword(WebUIKeywordMain.groovy:20)
	... 35 more]]></system-err>
   </testsuite>
</testsuites>
