<?xml version="1.0" encoding="UTF-8"?>
<testsuites name="Item detail test" time="1579.361" tests="51" failures="11" errors="0">
   <testsuite name="Item detail test" tests="51" failures="11" errors="0" time="1579.361" timestamp="2022-04-06 19:43:51" hostname="Lexoter - DESKTOP-IJBB9BE" id="Test Suites/Item detail test">
      <properties>
[...]
</properties>
      <testcase name="Test Cases/Custom Item Details/TEST CASE/TC_DETAILS_UI_001" time="53.371" classname="Test Cases/Custom Item Details/TEST CASE/TC_DETAILS_UI_001" status="PASSED">
         <system-out><![CDATA[2022-04-06 19:43:51 - [TEST_CASE][PASSED] - Test Cases/Custom Item Details/TEST CASE/TC_DETAILS_UI_001: Test Cases/Custom Item Details/TEST CASE/TC_DETAILS_UI_001

2022-04-06 19:43:51 - [TEST_STEP][PASSED] - callTestCase(findTestCase("Custom Item Details/UTILITIES/OPEN_BROWSER"), [:], STOP_ON_FAILURE): Call Test Case 'Test Cases/Custom Item Details/UTILITIES/OPEN_BROWSER' successfully

2022-04-06 19:43:51 - [TEST_CASE][PASSED] - Test Cases/Custom Item Details/UTILITIES/OPEN_BROWSER: Test Cases/Custom Item Details/UTILITIES/OPEN_BROWSER

2022-04-06 19:43:52 - [TEST_STEP][PASSED] - openBrowser("https://diagnostics.staging.arcadier.io/"): Browser is opened with url: 'https://diagnostics.staging.arcadier.io/'

2022-04-06 19:43:52 - [MESSAGE][INFO] - Starting 'Chrome' driver

2022-04-06 19:43:52 - [MESSAGE][INFO] - Action delay is set to 0 milliseconds

2022-04-06 19:44:29 - [MESSAGE][PASSED] - Browser is opened with url: 'https://diagnostics.staging.arcadier.io/'

2022-04-06 19:44:29 - [TEST_STEP][PASSED] - maximizeWindow(): Current window maximized

2022-04-06 19:44:29 - [MESSAGE][PASSED] - Current window maximized

2022-04-06 19:44:29 - [TEST_STEP][PASSED] - click(findTestObject("Item Details Objects/Page_diagnostics/a_Accept Cookies")): Object: 'Object Repository/Item Details Objects/Page_diagnostics/a_Accept Cookies' is clicked on

2022-04-06 19:44:32 - [MESSAGE][PASSED] - Object: 'Object Repository/Item Details Objects/Page_diagnostics/a_Accept Cookies' is clicked on

2022-04-06 19:44:32 - [TEST_STEP][PASSED] - click(findTestObject("New_Homepage/Page_diagnostics/a_COVID-19 DIAGNOSTICS"), STOP_ON_FAILURE): Object: 'Object Repository/New_Homepage/Page_diagnostics/a_COVID-19 DIAGNOSTICS' is clicked on

2022-04-06 19:44:34 - [MESSAGE][PASSED] - Object: 'Object Repository/New_Homepage/Page_diagnostics/a_COVID-19 DIAGNOSTICS' is clicked on

2022-04-06 19:44:34 - [TEST_STEP][PASSED] - mouseOver(findTestObject("New_Homepage/Page_diagnostics/a_Abbott Rapid Diagnostics PANBIO COVID-19 Ag Rapid Test Device (Nasopharyngeal)")): Object: 'Object Repository/New_Homepage/Page_diagnostics/a_Abbott Rapid Diagnostics PANBIO COVID-19 Ag Rapid Test Device (Nasopharyngeal)' is hovered

2022-04-06 19:44:37 - [MESSAGE][PASSED] - Object: 'Object Repository/New_Homepage/Page_diagnostics/a_Abbott Rapid Diagnostics PANBIO COVID-19 Ag Rapid Test Device (Nasopharyngeal)' is hovered

2022-04-06 19:44:37 - [TEST_STEP][PASSED] - click(findTestObject("New_Homepage/Page_diagnostics/a_Abbott Rapid Diagnostics PANBIO COVID-19 Ag Rapid Test Device (Nasopharyngeal)")): Object: 'Object Repository/New_Homepage/Page_diagnostics/a_Abbott Rapid Diagnostics PANBIO COVID-19 Ag Rapid Test Device (Nasopharyngeal)' is clicked on

2022-04-06 19:44:42 - [MESSAGE][PASSED] - Object: 'Object Repository/New_Homepage/Page_diagnostics/a_Abbott Rapid Diagnostics PANBIO COVID-19 Ag Rapid Test Device (Nasopharyngeal)' is clicked on

2022-04-06 19:44:42 - [MESSAGE][PASSED] - Call Test Case 'Test Cases/Custom Item Details/UTILITIES/OPEN_BROWSER' successfully

2022-04-06 19:44:42 - [TEST_STEP][PASSED] - waitForElementVisible(findTestObject("Item Details Objects/Page_diagnostics/div.item-details"), 0): Object 'Object Repository/Item Details Objects/Page_diagnostics/div.item-details' is visible

2022-04-06 19:44:42 - [MESSAGE][WARNING] - Timeout '0' is invalid. Using default page load timeout: '30'

2022-04-06 19:44:43 - [MESSAGE][PASSED] - Object 'Object Repository/Item Details Objects/Page_diagnostics/div.item-details' is visible

2022-04-06 19:44:43 - [TEST_STEP][PASSED] - callTestCase(findTestCase("Custom Item Details/UTILITIES/CLOSE_BROWSER"), [:], STOP_ON_FAILURE): Call Test Case 'Test Cases/Custom Item Details/UTILITIES/CLOSE_BROWSER' successfully

2022-04-06 19:44:44 - [TEST_CASE][PASSED] - Test Cases/Custom Item Details/UTILITIES/CLOSE_BROWSER: Test Cases/Custom Item Details/UTILITIES/CLOSE_BROWSER

2022-04-06 19:44:44 - [TEST_STEP][PASSED] - closeBrowser(): Browser is closed

2022-04-06 19:44:44 - [MESSAGE][PASSED] - Browser is closed

2022-04-06 19:44:44 - [MESSAGE][PASSED] - Call Test Case 'Test Cases/Custom Item Details/UTILITIES/CLOSE_BROWSER' successfully]]></system-out>
         <system-err><![CDATA[]]></system-err>
      </testcase>
      <testcase name="Test Cases/Custom Item Details/TEST CASE/TC_DETAILS_UI_002" time="14.082" classname="Test Cases/Custom Item Details/TEST CASE/TC_DETAILS_UI_002" status="PASSED">
         <system-out><![CDATA[2022-04-06 19:44:44 - [TEST_CASE][PASSED] - Test Cases/Custom Item Details/TEST CASE/TC_DETAILS_UI_002: Test Cases/Custom Item Details/TEST CASE/TC_DETAILS_UI_002

2022-04-06 19:44:45 - [TEST_STEP][PASSED] - callTestCase(findTestCase("Custom Item Details/UTILITIES/OPEN_BROWSER"), [:], STOP_ON_FAILURE): Call Test Case 'Test Cases/Custom Item Details/UTILITIES/OPEN_BROWSER' successfully

2022-04-06 19:44:45 - [TEST_CASE][PASSED] - Test Cases/Custom Item Details/UTILITIES/OPEN_BROWSER: Test Cases/Custom Item Details/UTILITIES/OPEN_BROWSER

2022-04-06 19:44:45 - [TEST_STEP][PASSED] - openBrowser("https://diagnostics.staging.arcadier.io/"): Browser is opened with url: 'https://diagnostics.staging.arcadier.io/'

2022-04-06 19:44:45 - [MESSAGE][INFO] - Starting 'Chrome' driver

2022-04-06 19:44:45 - [MESSAGE][INFO] - Action delay is set to 0 milliseconds

2022-04-06 19:44:48 - [MESSAGE][PASSED] - Browser is opened with url: 'https://diagnostics.staging.arcadier.io/'

2022-04-06 19:44:48 - [TEST_STEP][PASSED] - maximizeWindow(): Current window maximized

2022-04-06 19:44:48 - [MESSAGE][PASSED] - Current window maximized

2022-04-06 19:44:48 - [TEST_STEP][PASSED] - click(findTestObject("Item Details Objects/Page_diagnostics/a_Accept Cookies")): Object: 'Object Repository/Item Details Objects/Page_diagnostics/a_Accept Cookies' is clicked on

2022-04-06 19:44:49 - [MESSAGE][PASSED] - Object: 'Object Repository/Item Details Objects/Page_diagnostics/a_Accept Cookies' is clicked on

2022-04-06 19:44:49 - [TEST_STEP][PASSED] - click(findTestObject("New_Homepage/Page_diagnostics/a_COVID-19 DIAGNOSTICS"), STOP_ON_FAILURE): Object: 'Object Repository/New_Homepage/Page_diagnostics/a_COVID-19 DIAGNOSTICS' is clicked on

2022-04-06 19:44:52 - [MESSAGE][PASSED] - Object: 'Object Repository/New_Homepage/Page_diagnostics/a_COVID-19 DIAGNOSTICS' is clicked on

2022-04-06 19:44:52 - [TEST_STEP][PASSED] - mouseOver(findTestObject("New_Homepage/Page_diagnostics/a_Abbott Rapid Diagnostics PANBIO COVID-19 Ag Rapid Test Device (Nasopharyngeal)")): Object: 'Object Repository/New_Homepage/Page_diagnostics/a_Abbott Rapid Diagnostics PANBIO COVID-19 Ag Rapid Test Device (Nasopharyngeal)' is hovered

2022-04-06 19:44:54 - [MESSAGE][PASSED] - Object: 'Object Repository/New_Homepage/Page_diagnostics/a_Abbott Rapid Diagnostics PANBIO COVID-19 Ag Rapid Test Device (Nasopharyngeal)' is hovered

2022-04-06 19:44:54 - [TEST_STEP][PASSED] - click(findTestObject("New_Homepage/Page_diagnostics/a_Abbott Rapid Diagnostics PANBIO COVID-19 Ag Rapid Test Device (Nasopharyngeal)")): Object: 'Object Repository/New_Homepage/Page_diagnostics/a_Abbott Rapid Diagnostics PANBIO COVID-19 Ag Rapid Test Device (Nasopharyngeal)' is clicked on

2022-04-06 19:44:56 - [MESSAGE][PASSED] - Object: 'Object Repository/New_Homepage/Page_diagnostics/a_Abbott Rapid Diagnostics PANBIO COVID-19 Ag Rapid Test Device (Nasopharyngeal)' is clicked on

2022-04-06 19:44:56 - [MESSAGE][PASSED] - Call Test Case 'Test Cases/Custom Item Details/UTILITIES/OPEN_BROWSER' successfully

2022-04-06 19:44:56 - [TEST_STEP][PASSED] - waitForElementVisible(findTestObject("Item Details Objects/Page_diagnostics/div.item-detail-right"), 0): Object 'Object Repository/Item Details Objects/Page_diagnostics/div.item-detail-right' is visible

2022-04-06 19:44:56 - [MESSAGE][WARNING] - Timeout '0' is invalid. Using default page load timeout: '30'

2022-04-06 19:44:58 - [MESSAGE][PASSED] - Object 'Object Repository/Item Details Objects/Page_diagnostics/div.item-detail-right' is visible

2022-04-06 19:44:58 - [TEST_STEP][PASSED] - callTestCase(findTestCase("Custom Item Details/UTILITIES/CLOSE_BROWSER"), [:], STOP_ON_FAILURE): Call Test Case 'Test Cases/Custom Item Details/UTILITIES/CLOSE_BROWSER' successfully

2022-04-06 19:44:58 - [TEST_CASE][PASSED] - Test Cases/Custom Item Details/UTILITIES/CLOSE_BROWSER: Test Cases/Custom Item Details/UTILITIES/CLOSE_BROWSER

2022-04-06 19:44:58 - [TEST_STEP][PASSED] - closeBrowser(): Browser is closed

2022-04-06 19:44:58 - [MESSAGE][PASSED] - Browser is closed

2022-04-06 19:44:58 - [MESSAGE][PASSED] - Call Test Case 'Test Cases/Custom Item Details/UTILITIES/CLOSE_BROWSER' successfully]]></system-out>
         <system-err><![CDATA[]]></system-err>
      </testcase>
      <testcase name="Test Cases/Custom Item Details/TEST CASE/TC_DETAILS_UI_003" time="13.245" classname="Test Cases/Custom Item Details/TEST CASE/TC_DETAILS_UI_003" status="PASSED">
         <system-out><![CDATA[2022-04-06 19:44:58 - [TEST_CASE][PASSED] - Test Cases/Custom Item Details/TEST CASE/TC_DETAILS_UI_003: Test Cases/Custom Item Details/TEST CASE/TC_DETAILS_UI_003

2022-04-06 19:44:59 - [TEST_STEP][PASSED] - callTestCase(findTestCase("Custom Item Details/UTILITIES/OPEN_BROWSER"), [:], STOP_ON_FAILURE): Call Test Case 'Test Cases/Custom Item Details/UTILITIES/OPEN_BROWSER' successfully

2022-04-06 19:44:59 - [TEST_CASE][PASSED] - Test Cases/Custom Item Details/UTILITIES/OPEN_BROWSER: Test Cases/Custom Item Details/UTILITIES/OPEN_BROWSER

2022-04-06 19:44:59 - [TEST_STEP][PASSED] - openBrowser("https://diagnostics.staging.arcadier.io/"): Browser is opened with url: 'https://diagnostics.staging.arcadier.io/'

2022-04-06 19:44:59 - [MESSAGE][INFO] - Starting 'Chrome' driver

2022-04-06 19:44:59 - [MESSAGE][INFO] - Action delay is set to 0 milliseconds

2022-04-06 19:45:02 - [MESSAGE][PASSED] - Browser is opened with url: 'https://diagnostics.staging.arcadier.io/'

2022-04-06 19:45:02 - [TEST_STEP][PASSED] - maximizeWindow(): Current window maximized

2022-04-06 19:45:02 - [MESSAGE][PASSED] - Current window maximized

2022-04-06 19:45:02 - [TEST_STEP][PASSED] - click(findTestObject("Item Details Objects/Page_diagnostics/a_Accept Cookies")): Object: 'Object Repository/Item Details Objects/Page_diagnostics/a_Accept Cookies' is clicked on

2022-04-06 19:45:04 - [MESSAGE][PASSED] - Object: 'Object Repository/Item Details Objects/Page_diagnostics/a_Accept Cookies' is clicked on

2022-04-06 19:45:04 - [TEST_STEP][PASSED] - click(findTestObject("New_Homepage/Page_diagnostics/a_COVID-19 DIAGNOSTICS"), STOP_ON_FAILURE): Object: 'Object Repository/New_Homepage/Page_diagnostics/a_COVID-19 DIAGNOSTICS' is clicked on

2022-04-06 19:45:05 - [MESSAGE][PASSED] - Object: 'Object Repository/New_Homepage/Page_diagnostics/a_COVID-19 DIAGNOSTICS' is clicked on

2022-04-06 19:45:05 - [TEST_STEP][PASSED] - mouseOver(findTestObject("New_Homepage/Page_diagnostics/a_Abbott Rapid Diagnostics PANBIO COVID-19 Ag Rapid Test Device (Nasopharyngeal)")): Object: 'Object Repository/New_Homepage/Page_diagnostics/a_Abbott Rapid Diagnostics PANBIO COVID-19 Ag Rapid Test Device (Nasopharyngeal)' is hovered

2022-04-06 19:45:07 - [MESSAGE][PASSED] - Object: 'Object Repository/New_Homepage/Page_diagnostics/a_Abbott Rapid Diagnostics PANBIO COVID-19 Ag Rapid Test Device (Nasopharyngeal)' is hovered

2022-04-06 19:45:07 - [TEST_STEP][PASSED] - click(findTestObject("New_Homepage/Page_diagnostics/a_Abbott Rapid Diagnostics PANBIO COVID-19 Ag Rapid Test Device (Nasopharyngeal)")): Object: 'Object Repository/New_Homepage/Page_diagnostics/a_Abbott Rapid Diagnostics PANBIO COVID-19 Ag Rapid Test Device (Nasopharyngeal)' is clicked on

2022-04-06 19:45:10 - [MESSAGE][PASSED] - Object: 'Object Repository/New_Homepage/Page_diagnostics/a_Abbott Rapid Diagnostics PANBIO COVID-19 Ag Rapid Test Device (Nasopharyngeal)' is clicked on

2022-04-06 19:45:10 - [MESSAGE][PASSED] - Call Test Case 'Test Cases/Custom Item Details/UTILITIES/OPEN_BROWSER' successfully

2022-04-06 19:45:10 - [TEST_STEP][PASSED] - waitForElementVisible(findTestObject("Item Details Objects/Page_diagnostics/img.Item"), 0): Object 'Object Repository/Item Details Objects/Page_diagnostics/img.Item' is visible

2022-04-06 19:45:10 - [MESSAGE][WARNING] - Timeout '0' is invalid. Using default page load timeout: '30'

2022-04-06 19:45:11 - [MESSAGE][PASSED] - Object 'Object Repository/Item Details Objects/Page_diagnostics/img.Item' is visible

2022-04-06 19:45:11 - [TEST_STEP][PASSED] - callTestCase(findTestCase("Custom Item Details/UTILITIES/CLOSE_BROWSER"), [:], STOP_ON_FAILURE): Call Test Case 'Test Cases/Custom Item Details/UTILITIES/CLOSE_BROWSER' successfully

2022-04-06 19:45:11 - [TEST_CASE][PASSED] - Test Cases/Custom Item Details/UTILITIES/CLOSE_BROWSER: Test Cases/Custom Item Details/UTILITIES/CLOSE_BROWSER

2022-04-06 19:45:11 - [TEST_STEP][PASSED] - closeBrowser(): Browser is closed

2022-04-06 19:45:12 - [MESSAGE][PASSED] - Browser is closed

2022-04-06 19:45:12 - [MESSAGE][PASSED] - Call Test Case 'Test Cases/Custom Item Details/UTILITIES/CLOSE_BROWSER' successfully]]></system-out>
         <system-err><![CDATA[]]></system-err>
      </testcase>
      <testcase name="Test Cases/Custom Item Details/TEST CASE/TC_DETAILS_UI_004" time="14.897" classname="Test Cases/Custom Item Details/TEST CASE/TC_DETAILS_UI_004" status="PASSED">
         <system-out><![CDATA[2022-04-06 19:45:12 - [TEST_CASE][PASSED] - Test Cases/Custom Item Details/TEST CASE/TC_DETAILS_UI_004: Test Cases/Custom Item Details/TEST CASE/TC_DETAILS_UI_004

2022-04-06 19:45:12 - [TEST_STEP][PASSED] - callTestCase(findTestCase("Custom Item Details/UTILITIES/OPEN_BROWSER"), [:], STOP_ON_FAILURE): Call Test Case 'Test Cases/Custom Item Details/UTILITIES/OPEN_BROWSER' successfully

2022-04-06 19:45:12 - [TEST_CASE][PASSED] - Test Cases/Custom Item Details/UTILITIES/OPEN_BROWSER: Test Cases/Custom Item Details/UTILITIES/OPEN_BROWSER

2022-04-06 19:45:12 - [TEST_STEP][PASSED] - openBrowser("https://diagnostics.staging.arcadier.io/"): Browser is opened with url: 'https://diagnostics.staging.arcadier.io/'

2022-04-06 19:45:12 - [MESSAGE][INFO] - Starting 'Chrome' driver

2022-04-06 19:45:12 - [MESSAGE][INFO] - Action delay is set to 0 milliseconds

2022-04-06 19:45:15 - [MESSAGE][PASSED] - Browser is opened with url: 'https://diagnostics.staging.arcadier.io/'

2022-04-06 19:45:15 - [TEST_STEP][PASSED] - maximizeWindow(): Current window maximized

2022-04-06 19:45:15 - [MESSAGE][PASSED] - Current window maximized

2022-04-06 19:45:15 - [TEST_STEP][PASSED] - click(findTestObject("Item Details Objects/Page_diagnostics/a_Accept Cookies")): Object: 'Object Repository/Item Details Objects/Page_diagnostics/a_Accept Cookies' is clicked on

2022-04-06 19:45:17 - [MESSAGE][PASSED] - Object: 'Object Repository/Item Details Objects/Page_diagnostics/a_Accept Cookies' is clicked on

2022-04-06 19:45:17 - [TEST_STEP][PASSED] - click(findTestObject("New_Homepage/Page_diagnostics/a_COVID-19 DIAGNOSTICS"), STOP_ON_FAILURE): Object: 'Object Repository/New_Homepage/Page_diagnostics/a_COVID-19 DIAGNOSTICS' is clicked on

2022-04-06 19:45:20 - [MESSAGE][PASSED] - Object: 'Object Repository/New_Homepage/Page_diagnostics/a_COVID-19 DIAGNOSTICS' is clicked on

2022-04-06 19:45:20 - [TEST_STEP][PASSED] - mouseOver(findTestObject("New_Homepage/Page_diagnostics/a_Abbott Rapid Diagnostics PANBIO COVID-19 Ag Rapid Test Device (Nasopharyngeal)")): Object: 'Object Repository/New_Homepage/Page_diagnostics/a_Abbott Rapid Diagnostics PANBIO COVID-19 Ag Rapid Test Device (Nasopharyngeal)' is hovered

2022-04-06 19:45:22 - [MESSAGE][PASSED] - Object: 'Object Repository/New_Homepage/Page_diagnostics/a_Abbott Rapid Diagnostics PANBIO COVID-19 Ag Rapid Test Device (Nasopharyngeal)' is hovered

2022-04-06 19:45:22 - [TEST_STEP][PASSED] - click(findTestObject("New_Homepage/Page_diagnostics/a_Abbott Rapid Diagnostics PANBIO COVID-19 Ag Rapid Test Device (Nasopharyngeal)")): Object: 'Object Repository/New_Homepage/Page_diagnostics/a_Abbott Rapid Diagnostics PANBIO COVID-19 Ag Rapid Test Device (Nasopharyngeal)' is clicked on

2022-04-06 19:45:24 - [MESSAGE][PASSED] - Object: 'Object Repository/New_Homepage/Page_diagnostics/a_Abbott Rapid Diagnostics PANBIO COVID-19 Ag Rapid Test Device (Nasopharyngeal)' is clicked on

2022-04-06 19:45:24 - [MESSAGE][PASSED] - Call Test Case 'Test Cases/Custom Item Details/UTILITIES/OPEN_BROWSER' successfully

2022-04-06 19:45:24 - [TEST_STEP][PASSED] - waitForElementVisible(findTestObject("Item Details Objects/Page_diagnostics/div.merchant-name2"), 0): Object 'Object Repository/Item Details Objects/Page_diagnostics/div.merchant-name2' is visible

2022-04-06 19:45:24 - [MESSAGE][WARNING] - Timeout '0' is invalid. Using default page load timeout: '30'

2022-04-06 19:45:26 - [MESSAGE][PASSED] - Object 'Object Repository/Item Details Objects/Page_diagnostics/div.merchant-name2' is visible

2022-04-06 19:45:26 - [TEST_STEP][PASSED] - callTestCase(findTestCase("Custom Item Details/UTILITIES/CLOSE_BROWSER"), [:], STOP_ON_FAILURE): Call Test Case 'Test Cases/Custom Item Details/UTILITIES/CLOSE_BROWSER' successfully

2022-04-06 19:45:26 - [TEST_CASE][PASSED] - Test Cases/Custom Item Details/UTILITIES/CLOSE_BROWSER: Test Cases/Custom Item Details/UTILITIES/CLOSE_BROWSER

2022-04-06 19:45:26 - [TEST_STEP][PASSED] - closeBrowser(): Browser is closed

2022-04-06 19:45:27 - [MESSAGE][PASSED] - Browser is closed

2022-04-06 19:45:27 - [MESSAGE][PASSED] - Call Test Case 'Test Cases/Custom Item Details/UTILITIES/CLOSE_BROWSER' successfully]]></system-out>
         <system-err><![CDATA[]]></system-err>
      </testcase>
      <testcase name="Test Cases/Custom Item Details/TEST CASE/TC_DETAILS_UI_005" time="12.904" classname="Test Cases/Custom Item Details/TEST CASE/TC_DETAILS_UI_005" status="PASSED">
         <system-out><![CDATA[2022-04-06 19:45:27 - [TEST_CASE][PASSED] - Test Cases/Custom Item Details/TEST CASE/TC_DETAILS_UI_005: Test Cases/Custom Item Details/TEST CASE/TC_DETAILS_UI_005

2022-04-06 19:45:27 - [TEST_STEP][PASSED] - callTestCase(findTestCase("Custom Item Details/UTILITIES/OPEN_BROWSER"), [:], STOP_ON_FAILURE): Call Test Case 'Test Cases/Custom Item Details/UTILITIES/OPEN_BROWSER' successfully

2022-04-06 19:45:27 - [TEST_CASE][PASSED] - Test Cases/Custom Item Details/UTILITIES/OPEN_BROWSER: Test Cases/Custom Item Details/UTILITIES/OPEN_BROWSER

2022-04-06 19:45:27 - [TEST_STEP][PASSED] - openBrowser("https://diagnostics.staging.arcadier.io/"): Browser is opened with url: 'https://diagnostics.staging.arcadier.io/'

2022-04-06 19:45:27 - [MESSAGE][INFO] - Starting 'Chrome' driver

2022-04-06 19:45:27 - [MESSAGE][INFO] - Action delay is set to 0 milliseconds

2022-04-06 19:45:30 - [MESSAGE][PASSED] - Browser is opened with url: 'https://diagnostics.staging.arcadier.io/'

2022-04-06 19:45:30 - [TEST_STEP][PASSED] - maximizeWindow(): Current window maximized

2022-04-06 19:45:31 - [MESSAGE][PASSED] - Current window maximized

2022-04-06 19:45:31 - [TEST_STEP][PASSED] - click(findTestObject("Item Details Objects/Page_diagnostics/a_Accept Cookies")): Object: 'Object Repository/Item Details Objects/Page_diagnostics/a_Accept Cookies' is clicked on

2022-04-06 19:45:32 - [MESSAGE][PASSED] - Object: 'Object Repository/Item Details Objects/Page_diagnostics/a_Accept Cookies' is clicked on

2022-04-06 19:45:32 - [TEST_STEP][PASSED] - click(findTestObject("New_Homepage/Page_diagnostics/a_COVID-19 DIAGNOSTICS"), STOP_ON_FAILURE): Object: 'Object Repository/New_Homepage/Page_diagnostics/a_COVID-19 DIAGNOSTICS' is clicked on

2022-04-06 19:45:33 - [MESSAGE][PASSED] - Object: 'Object Repository/New_Homepage/Page_diagnostics/a_COVID-19 DIAGNOSTICS' is clicked on

2022-04-06 19:45:33 - [TEST_STEP][PASSED] - mouseOver(findTestObject("New_Homepage/Page_diagnostics/a_Abbott Rapid Diagnostics PANBIO COVID-19 Ag Rapid Test Device (Nasopharyngeal)")): Object: 'Object Repository/New_Homepage/Page_diagnostics/a_Abbott Rapid Diagnostics PANBIO COVID-19 Ag Rapid Test Device (Nasopharyngeal)' is hovered

2022-04-06 19:45:35 - [MESSAGE][PASSED] - Object: 'Object Repository/New_Homepage/Page_diagnostics/a_Abbott Rapid Diagnostics PANBIO COVID-19 Ag Rapid Test Device (Nasopharyngeal)' is hovered

2022-04-06 19:45:35 - [TEST_STEP][PASSED] - click(findTestObject("New_Homepage/Page_diagnostics/a_Abbott Rapid Diagnostics PANBIO COVID-19 Ag Rapid Test Device (Nasopharyngeal)")): Object: 'Object Repository/New_Homepage/Page_diagnostics/a_Abbott Rapid Diagnostics PANBIO COVID-19 Ag Rapid Test Device (Nasopharyngeal)' is clicked on

2022-04-06 19:45:37 - [MESSAGE][PASSED] - Object: 'Object Repository/New_Homepage/Page_diagnostics/a_Abbott Rapid Diagnostics PANBIO COVID-19 Ag Rapid Test Device (Nasopharyngeal)' is clicked on

2022-04-06 19:45:37 - [MESSAGE][PASSED] - Call Test Case 'Test Cases/Custom Item Details/UTILITIES/OPEN_BROWSER' successfully

2022-04-06 19:45:37 - [TEST_STEP][PASSED] - waitForElementVisible(findTestObject("Item Details Objects/Page_diagnostics/Merchant_name"), 0): Object 'Object Repository/Item Details Objects/Page_diagnostics/Merchant_name' is visible

2022-04-06 19:45:37 - [MESSAGE][WARNING] - Timeout '0' is invalid. Using default page load timeout: '30'

2022-04-06 19:45:38 - [MESSAGE][PASSED] - Object 'Object Repository/Item Details Objects/Page_diagnostics/Merchant_name' is visible

2022-04-06 19:45:38 - [TEST_STEP][PASSED] - verifyElementClickable(findTestObject("Item Details Objects/Page_diagnostics/Merchant_name")): Object 'Object Repository/Item Details Objects/Page_diagnostics/Merchant_name' is clickable

2022-04-06 19:45:39 - [MESSAGE][PASSED] - Object 'Object Repository/Item Details Objects/Page_diagnostics/Merchant_name' is clickable

2022-04-06 19:45:39 - [TEST_STEP][PASSED] - callTestCase(findTestCase("Custom Item Details/UTILITIES/CLOSE_BROWSER"), [:], STOP_ON_FAILURE): Call Test Case 'Test Cases/Custom Item Details/UTILITIES/CLOSE_BROWSER' successfully

2022-04-06 19:45:39 - [TEST_CASE][PASSED] - Test Cases/Custom Item Details/UTILITIES/CLOSE_BROWSER: Test Cases/Custom Item Details/UTILITIES/CLOSE_BROWSER

2022-04-06 19:45:39 - [TEST_STEP][PASSED] - closeBrowser(): Browser is closed

2022-04-06 19:45:40 - [MESSAGE][PASSED] - Browser is closed

2022-04-06 19:45:40 - [MESSAGE][PASSED] - Call Test Case 'Test Cases/Custom Item Details/UTILITIES/CLOSE_BROWSER' successfully]]></system-out>
         <system-err><![CDATA[]]></system-err>
      </testcase>
      <testcase name="Test Cases/Custom Item Details/TEST CASE/TC_DETAILS_UI_006" time="15.693" classname="Test Cases/Custom Item Details/TEST CASE/TC_DETAILS_UI_006" status="PASSED">
         <system-out><![CDATA[2022-04-06 19:45:40 - [TEST_CASE][PASSED] - Test Cases/Custom Item Details/TEST CASE/TC_DETAILS_UI_006: Test Cases/Custom Item Details/TEST CASE/TC_DETAILS_UI_006

2022-04-06 19:45:40 - [TEST_STEP][PASSED] - callTestCase(findTestCase("Custom Item Details/UTILITIES/OPEN_BROWSER"), [:], STOP_ON_FAILURE): Call Test Case 'Test Cases/Custom Item Details/UTILITIES/OPEN_BROWSER' successfully

2022-04-06 19:45:40 - [TEST_CASE][PASSED] - Test Cases/Custom Item Details/UTILITIES/OPEN_BROWSER: Test Cases/Custom Item Details/UTILITIES/OPEN_BROWSER

2022-04-06 19:45:40 - [TEST_STEP][PASSED] - openBrowser("https://diagnostics.staging.arcadier.io/"): Browser is opened with url: 'https://diagnostics.staging.arcadier.io/'

2022-04-06 19:45:40 - [MESSAGE][INFO] - Starting 'Chrome' driver

2022-04-06 19:45:40 - [MESSAGE][INFO] - Action delay is set to 0 milliseconds

2022-04-06 19:45:43 - [MESSAGE][PASSED] - Browser is opened with url: 'https://diagnostics.staging.arcadier.io/'

2022-04-06 19:45:43 - [TEST_STEP][PASSED] - maximizeWindow(): Current window maximized

2022-04-06 19:45:43 - [MESSAGE][PASSED] - Current window maximized

2022-04-06 19:45:43 - [TEST_STEP][PASSED] - click(findTestObject("Item Details Objects/Page_diagnostics/a_Accept Cookies")): Object: 'Object Repository/Item Details Objects/Page_diagnostics/a_Accept Cookies' is clicked on

2022-04-06 19:45:45 - [MESSAGE][PASSED] - Object: 'Object Repository/Item Details Objects/Page_diagnostics/a_Accept Cookies' is clicked on

2022-04-06 19:45:45 - [TEST_STEP][PASSED] - click(findTestObject("New_Homepage/Page_diagnostics/a_COVID-19 DIAGNOSTICS"), STOP_ON_FAILURE): Object: 'Object Repository/New_Homepage/Page_diagnostics/a_COVID-19 DIAGNOSTICS' is clicked on

2022-04-06 19:45:47 - [MESSAGE][PASSED] - Object: 'Object Repository/New_Homepage/Page_diagnostics/a_COVID-19 DIAGNOSTICS' is clicked on

2022-04-06 19:45:47 - [TEST_STEP][PASSED] - mouseOver(findTestObject("New_Homepage/Page_diagnostics/a_Abbott Rapid Diagnostics PANBIO COVID-19 Ag Rapid Test Device (Nasopharyngeal)")): Object: 'Object Repository/New_Homepage/Page_diagnostics/a_Abbott Rapid Diagnostics PANBIO COVID-19 Ag Rapid Test Device (Nasopharyngeal)' is hovered

2022-04-06 19:45:50 - [MESSAGE][PASSED] - Object: 'Object Repository/New_Homepage/Page_diagnostics/a_Abbott Rapid Diagnostics PANBIO COVID-19 Ag Rapid Test Device (Nasopharyngeal)' is hovered

2022-04-06 19:45:50 - [TEST_STEP][PASSED] - click(findTestObject("New_Homepage/Page_diagnostics/a_Abbott Rapid Diagnostics PANBIO COVID-19 Ag Rapid Test Device (Nasopharyngeal)")): Object: 'Object Repository/New_Homepage/Page_diagnostics/a_Abbott Rapid Diagnostics PANBIO COVID-19 Ag Rapid Test Device (Nasopharyngeal)' is clicked on

2022-04-06 19:45:52 - [MESSAGE][PASSED] - Object: 'Object Repository/New_Homepage/Page_diagnostics/a_Abbott Rapid Diagnostics PANBIO COVID-19 Ag Rapid Test Device (Nasopharyngeal)' is clicked on

2022-04-06 19:45:52 - [MESSAGE][PASSED] - Call Test Case 'Test Cases/Custom Item Details/UTILITIES/OPEN_BROWSER' successfully

2022-04-06 19:45:52 - [TEST_STEP][PASSED] - waitForElementVisible(findTestObject("Item Details Objects/Page_diagnostics/a_Contact_seller_btn"), 0): Object 'Object Repository/Item Details Objects/Page_diagnostics/a_Contact_seller_btn' is visible

2022-04-06 19:45:52 - [MESSAGE][WARNING] - Timeout '0' is invalid. Using default page load timeout: '30'

2022-04-06 19:45:54 - [MESSAGE][PASSED] - Object 'Object Repository/Item Details Objects/Page_diagnostics/a_Contact_seller_btn' is visible

2022-04-06 19:45:54 - [TEST_STEP][PASSED] - verifyElementClickable(findTestObject("Item Details Objects/Page_diagnostics/a_Contact_seller_btn")): Object 'Object Repository/Item Details Objects/Page_diagnostics/a_Contact_seller_btn' is clickable

2022-04-06 19:45:54 - [MESSAGE][PASSED] - Object 'Object Repository/Item Details Objects/Page_diagnostics/a_Contact_seller_btn' is clickable

2022-04-06 19:45:54 - [TEST_STEP][PASSED] - verifyElementText(findTestObject("Item Details Objects/Page_diagnostics/a_Contact_seller_btn"), "ASK THE SELLER"): Actual text and expected text of test object 'Object Repository/Item Details Objects/Page_diagnostics/a_Contact_seller_btn' are matched.

2022-04-06 19:45:54 - [MESSAGE][PASSED] - Actual text and expected text of test object 'Object Repository/Item Details Objects/Page_diagnostics/a_Contact_seller_btn' are matched.

2022-04-06 19:45:54 - [TEST_STEP][PASSED] - callTestCase(findTestCase("Custom Item Details/UTILITIES/CLOSE_BROWSER"), [:], STOP_ON_FAILURE): Call Test Case 'Test Cases/Custom Item Details/UTILITIES/CLOSE_BROWSER' successfully

2022-04-06 19:45:55 - [TEST_CASE][PASSED] - Test Cases/Custom Item Details/UTILITIES/CLOSE_BROWSER: Test Cases/Custom Item Details/UTILITIES/CLOSE_BROWSER

2022-04-06 19:45:55 - [TEST_STEP][PASSED] - closeBrowser(): Browser is closed

2022-04-06 19:45:55 - [MESSAGE][PASSED] - Browser is closed

2022-04-06 19:45:55 - [MESSAGE][PASSED] - Call Test Case 'Test Cases/Custom Item Details/UTILITIES/CLOSE_BROWSER' successfully]]></system-out>
         <system-err><![CDATA[]]></system-err>
      </testcase>
      <testcase name="Test Cases/Custom Item Details/TEST CASE/TC_DETAILS_UI_007" time="14.234" classname="Test Cases/Custom Item Details/TEST CASE/TC_DETAILS_UI_007" status="PASSED">
         <system-out><![CDATA[2022-04-06 19:45:55 - [TEST_CASE][PASSED] - Test Cases/Custom Item Details/TEST CASE/TC_DETAILS_UI_007: Test Cases/Custom Item Details/TEST CASE/TC_DETAILS_UI_007

2022-04-06 19:45:55 - [TEST_STEP][PASSED] - callTestCase(findTestCase("Custom Item Details/UTILITIES/OPEN_BROWSER"), [:], STOP_ON_FAILURE): Call Test Case 'Test Cases/Custom Item Details/UTILITIES/OPEN_BROWSER' successfully

2022-04-06 19:45:56 - [TEST_CASE][PASSED] - Test Cases/Custom Item Details/UTILITIES/OPEN_BROWSER: Test Cases/Custom Item Details/UTILITIES/OPEN_BROWSER

2022-04-06 19:45:56 - [TEST_STEP][PASSED] - openBrowser("https://diagnostics.staging.arcadier.io/"): Browser is opened with url: 'https://diagnostics.staging.arcadier.io/'

2022-04-06 19:45:56 - [MESSAGE][INFO] - Starting 'Chrome' driver

2022-04-06 19:45:56 - [MESSAGE][INFO] - Action delay is set to 0 milliseconds

2022-04-06 19:45:59 - [MESSAGE][PASSED] - Browser is opened with url: 'https://diagnostics.staging.arcadier.io/'

2022-04-06 19:45:59 - [TEST_STEP][PASSED] - maximizeWindow(): Current window maximized

2022-04-06 19:45:59 - [MESSAGE][PASSED] - Current window maximized

2022-04-06 19:45:59 - [TEST_STEP][PASSED] - click(findTestObject("Item Details Objects/Page_diagnostics/a_Accept Cookies")): Object: 'Object Repository/Item Details Objects/Page_diagnostics/a_Accept Cookies' is clicked on

2022-04-06 19:46:00 - [MESSAGE][PASSED] - Object: 'Object Repository/Item Details Objects/Page_diagnostics/a_Accept Cookies' is clicked on

2022-04-06 19:46:00 - [TEST_STEP][PASSED] - click(findTestObject("New_Homepage/Page_diagnostics/a_COVID-19 DIAGNOSTICS"), STOP_ON_FAILURE): Object: 'Object Repository/New_Homepage/Page_diagnostics/a_COVID-19 DIAGNOSTICS' is clicked on

2022-04-06 19:46:03 - [MESSAGE][PASSED] - Object: 'Object Repository/New_Homepage/Page_diagnostics/a_COVID-19 DIAGNOSTICS' is clicked on

2022-04-06 19:46:03 - [TEST_STEP][PASSED] - mouseOver(findTestObject("New_Homepage/Page_diagnostics/a_Abbott Rapid Diagnostics PANBIO COVID-19 Ag Rapid Test Device (Nasopharyngeal)")): Object: 'Object Repository/New_Homepage/Page_diagnostics/a_Abbott Rapid Diagnostics PANBIO COVID-19 Ag Rapid Test Device (Nasopharyngeal)' is hovered

2022-04-06 19:46:05 - [MESSAGE][PASSED] - Object: 'Object Repository/New_Homepage/Page_diagnostics/a_Abbott Rapid Diagnostics PANBIO COVID-19 Ag Rapid Test Device (Nasopharyngeal)' is hovered

2022-04-06 19:46:05 - [TEST_STEP][PASSED] - click(findTestObject("New_Homepage/Page_diagnostics/a_Abbott Rapid Diagnostics PANBIO COVID-19 Ag Rapid Test Device (Nasopharyngeal)")): Object: 'Object Repository/New_Homepage/Page_diagnostics/a_Abbott Rapid Diagnostics PANBIO COVID-19 Ag Rapid Test Device (Nasopharyngeal)' is clicked on

2022-04-06 19:46:07 - [MESSAGE][PASSED] - Object: 'Object Repository/New_Homepage/Page_diagnostics/a_Abbott Rapid Diagnostics PANBIO COVID-19 Ag Rapid Test Device (Nasopharyngeal)' is clicked on

2022-04-06 19:46:07 - [MESSAGE][PASSED] - Call Test Case 'Test Cases/Custom Item Details/UTILITIES/OPEN_BROWSER' successfully

2022-04-06 19:46:07 - [TEST_STEP][PASSED] - waitForElementVisible(findTestObject("Item Details Objects/Page_diagnostics/div.item-detail-left"), 0): Object 'Object Repository/Item Details Objects/Page_diagnostics/div.item-detail-left' is visible

2022-04-06 19:46:07 - [MESSAGE][WARNING] - Timeout '0' is invalid. Using default page load timeout: '30'

2022-04-06 19:46:09 - [MESSAGE][PASSED] - Object 'Object Repository/Item Details Objects/Page_diagnostics/div.item-detail-left' is visible

2022-04-06 19:46:09 - [TEST_STEP][PASSED] - callTestCase(findTestCase("Custom Item Details/UTILITIES/CLOSE_BROWSER"), [:], STOP_ON_FAILURE): Call Test Case 'Test Cases/Custom Item Details/UTILITIES/CLOSE_BROWSER' successfully

2022-04-06 19:46:09 - [TEST_CASE][PASSED] - Test Cases/Custom Item Details/UTILITIES/CLOSE_BROWSER: Test Cases/Custom Item Details/UTILITIES/CLOSE_BROWSER

2022-04-06 19:46:09 - [TEST_STEP][PASSED] - closeBrowser(): Browser is closed

2022-04-06 19:46:09 - [MESSAGE][PASSED] - Browser is closed

2022-04-06 19:46:09 - [MESSAGE][PASSED] - Call Test Case 'Test Cases/Custom Item Details/UTILITIES/CLOSE_BROWSER' successfully]]></system-out>
         <system-err><![CDATA[]]></system-err>
      </testcase>
      <testcase name="Test Cases/Custom Item Details/TEST CASE/TC_DETAILS_UI_008" time="14.395" classname="Test Cases/Custom Item Details/TEST CASE/TC_DETAILS_UI_008" status="PASSED">
         <system-out><![CDATA[2022-04-06 19:46:09 - [TEST_CASE][PASSED] - Test Cases/Custom Item Details/TEST CASE/TC_DETAILS_UI_008: Test Cases/Custom Item Details/TEST CASE/TC_DETAILS_UI_008

2022-04-06 19:46:10 - [TEST_STEP][PASSED] - callTestCase(findTestCase("Custom Item Details/UTILITIES/OPEN_BROWSER"), [:], STOP_ON_FAILURE): Call Test Case 'Test Cases/Custom Item Details/UTILITIES/OPEN_BROWSER' successfully

2022-04-06 19:46:10 - [TEST_CASE][PASSED] - Test Cases/Custom Item Details/UTILITIES/OPEN_BROWSER: Test Cases/Custom Item Details/UTILITIES/OPEN_BROWSER

2022-04-06 19:46:10 - [TEST_STEP][PASSED] - openBrowser("https://diagnostics.staging.arcadier.io/"): Browser is opened with url: 'https://diagnostics.staging.arcadier.io/'

2022-04-06 19:46:10 - [MESSAGE][INFO] - Starting 'Chrome' driver

2022-04-06 19:46:10 - [MESSAGE][INFO] - Action delay is set to 0 milliseconds

2022-04-06 19:46:13 - [MESSAGE][PASSED] - Browser is opened with url: 'https://diagnostics.staging.arcadier.io/'

2022-04-06 19:46:13 - [TEST_STEP][PASSED] - maximizeWindow(): Current window maximized

2022-04-06 19:46:13 - [MESSAGE][PASSED] - Current window maximized

2022-04-06 19:46:13 - [TEST_STEP][PASSED] - click(findTestObject("Item Details Objects/Page_diagnostics/a_Accept Cookies")): Object: 'Object Repository/Item Details Objects/Page_diagnostics/a_Accept Cookies' is clicked on

2022-04-06 19:46:16 - [MESSAGE][PASSED] - Object: 'Object Repository/Item Details Objects/Page_diagnostics/a_Accept Cookies' is clicked on

2022-04-06 19:46:16 - [TEST_STEP][PASSED] - click(findTestObject("New_Homepage/Page_diagnostics/a_COVID-19 DIAGNOSTICS"), STOP_ON_FAILURE): Object: 'Object Repository/New_Homepage/Page_diagnostics/a_COVID-19 DIAGNOSTICS' is clicked on

2022-04-06 19:46:17 - [MESSAGE][PASSED] - Object: 'Object Repository/New_Homepage/Page_diagnostics/a_COVID-19 DIAGNOSTICS' is clicked on

2022-04-06 19:46:17 - [TEST_STEP][PASSED] - mouseOver(findTestObject("New_Homepage/Page_diagnostics/a_Abbott Rapid Diagnostics PANBIO COVID-19 Ag Rapid Test Device (Nasopharyngeal)")): Object: 'Object Repository/New_Homepage/Page_diagnostics/a_Abbott Rapid Diagnostics PANBIO COVID-19 Ag Rapid Test Device (Nasopharyngeal)' is hovered

2022-04-06 19:46:19 - [MESSAGE][PASSED] - Object: 'Object Repository/New_Homepage/Page_diagnostics/a_Abbott Rapid Diagnostics PANBIO COVID-19 Ag Rapid Test Device (Nasopharyngeal)' is hovered

2022-04-06 19:46:19 - [TEST_STEP][PASSED] - click(findTestObject("New_Homepage/Page_diagnostics/a_Abbott Rapid Diagnostics PANBIO COVID-19 Ag Rapid Test Device (Nasopharyngeal)")): Object: 'Object Repository/New_Homepage/Page_diagnostics/a_Abbott Rapid Diagnostics PANBIO COVID-19 Ag Rapid Test Device (Nasopharyngeal)' is clicked on

2022-04-06 19:46:22 - [MESSAGE][PASSED] - Object: 'Object Repository/New_Homepage/Page_diagnostics/a_Abbott Rapid Diagnostics PANBIO COVID-19 Ag Rapid Test Device (Nasopharyngeal)' is clicked on

2022-04-06 19:46:22 - [MESSAGE][PASSED] - Call Test Case 'Test Cases/Custom Item Details/UTILITIES/OPEN_BROWSER' successfully

2022-04-06 19:46:22 - [TEST_STEP][PASSED] - waitForElementVisible(findTestObject("Item Details Objects/Page_diagnostics/div_itemDetailName"), 0): Object 'Object Repository/Item Details Objects/Page_diagnostics/div_itemDetailName' is visible

2022-04-06 19:46:22 - [MESSAGE][WARNING] - Timeout '0' is invalid. Using default page load timeout: '30'

2022-04-06 19:46:23 - [MESSAGE][PASSED] - Object 'Object Repository/Item Details Objects/Page_diagnostics/div_itemDetailName' is visible

2022-04-06 19:46:23 - [TEST_STEP][PASSED] - callTestCase(findTestCase("Custom Item Details/UTILITIES/CLOSE_BROWSER"), [:], STOP_ON_FAILURE): Call Test Case 'Test Cases/Custom Item Details/UTILITIES/CLOSE_BROWSER' successfully

2022-04-06 19:46:23 - [TEST_CASE][PASSED] - Test Cases/Custom Item Details/UTILITIES/CLOSE_BROWSER: Test Cases/Custom Item Details/UTILITIES/CLOSE_BROWSER

2022-04-06 19:46:23 - [TEST_STEP][PASSED] - closeBrowser(): Browser is closed

2022-04-06 19:46:24 - [MESSAGE][PASSED] - Browser is closed

2022-04-06 19:46:24 - [MESSAGE][PASSED] - Call Test Case 'Test Cases/Custom Item Details/UTILITIES/CLOSE_BROWSER' successfully]]></system-out>
         <system-err><![CDATA[]]></system-err>
      </testcase>
      <testcase name="Test Cases/Custom Item Details/TEST CASE/TC_DETAILS_UI_009" time="44.285" classname="Test Cases/Custom Item Details/TEST CASE/TC_DETAILS_UI_009" status="PASSED">
         <system-out><![CDATA[2022-04-06 19:46:24 - [TEST_CASE][PASSED] - Test Cases/Custom Item Details/TEST CASE/TC_DETAILS_UI_009: Test Cases/Custom Item Details/TEST CASE/TC_DETAILS_UI_009

2022-04-06 19:46:24 - [TEST_STEP][PASSED] - callTestCase(findTestCase("Custom Item Details/UTILITIES/OPEN_BROWSER"), [:], STOP_ON_FAILURE): Call Test Case 'Test Cases/Custom Item Details/UTILITIES/OPEN_BROWSER' successfully

2022-04-06 19:46:24 - [TEST_CASE][PASSED] - Test Cases/Custom Item Details/UTILITIES/OPEN_BROWSER: Test Cases/Custom Item Details/UTILITIES/OPEN_BROWSER

2022-04-06 19:46:24 - [TEST_STEP][PASSED] - openBrowser("https://diagnostics.staging.arcadier.io/"): Browser is opened with url: 'https://diagnostics.staging.arcadier.io/'

2022-04-06 19:46:24 - [MESSAGE][INFO] - Starting 'Chrome' driver

2022-04-06 19:46:24 - [MESSAGE][INFO] - Action delay is set to 0 milliseconds

2022-04-06 19:46:27 - [MESSAGE][PASSED] - Browser is opened with url: 'https://diagnostics.staging.arcadier.io/'

2022-04-06 19:46:27 - [TEST_STEP][PASSED] - maximizeWindow(): Current window maximized

2022-04-06 19:46:28 - [MESSAGE][PASSED] - Current window maximized

2022-04-06 19:46:28 - [TEST_STEP][PASSED] - click(findTestObject("Item Details Objects/Page_diagnostics/a_Accept Cookies")): Object: 'Object Repository/Item Details Objects/Page_diagnostics/a_Accept Cookies' is clicked on

2022-04-06 19:46:29 - [MESSAGE][PASSED] - Object: 'Object Repository/Item Details Objects/Page_diagnostics/a_Accept Cookies' is clicked on

2022-04-06 19:46:29 - [TEST_STEP][PASSED] - click(findTestObject("New_Homepage/Page_diagnostics/a_COVID-19 DIAGNOSTICS"), STOP_ON_FAILURE): Object: 'Object Repository/New_Homepage/Page_diagnostics/a_COVID-19 DIAGNOSTICS' is clicked on

2022-04-06 19:46:32 - [MESSAGE][PASSED] - Object: 'Object Repository/New_Homepage/Page_diagnostics/a_COVID-19 DIAGNOSTICS' is clicked on

2022-04-06 19:46:32 - [TEST_STEP][PASSED] - mouseOver(findTestObject("New_Homepage/Page_diagnostics/a_Abbott Rapid Diagnostics PANBIO COVID-19 Ag Rapid Test Device (Nasopharyngeal)")): Object: 'Object Repository/New_Homepage/Page_diagnostics/a_Abbott Rapid Diagnostics PANBIO COVID-19 Ag Rapid Test Device (Nasopharyngeal)' is hovered

2022-04-06 19:46:33 - [MESSAGE][PASSED] - Object: 'Object Repository/New_Homepage/Page_diagnostics/a_Abbott Rapid Diagnostics PANBIO COVID-19 Ag Rapid Test Device (Nasopharyngeal)' is hovered

2022-04-06 19:46:33 - [TEST_STEP][PASSED] - click(findTestObject("New_Homepage/Page_diagnostics/a_Abbott Rapid Diagnostics PANBIO COVID-19 Ag Rapid Test Device (Nasopharyngeal)")): Object: 'Object Repository/New_Homepage/Page_diagnostics/a_Abbott Rapid Diagnostics PANBIO COVID-19 Ag Rapid Test Device (Nasopharyngeal)' is clicked on

2022-04-06 19:46:36 - [MESSAGE][PASSED] - Object: 'Object Repository/New_Homepage/Page_diagnostics/a_Abbott Rapid Diagnostics PANBIO COVID-19 Ag Rapid Test Device (Nasopharyngeal)' is clicked on

2022-04-06 19:46:36 - [MESSAGE][PASSED] - Call Test Case 'Test Cases/Custom Item Details/UTILITIES/OPEN_BROWSER' successfully

2022-04-06 19:46:36 - [TEST_STEP][PASSED] - waitForElementVisible(findTestObject("Item Details Objects/Page_diagnostics/div.item-id"), 0): Object 'Object Repository/Item Details Objects/Page_diagnostics/div.item-id' is not visible after 30 second(s)

2022-04-06 19:46:36 - [MESSAGE][WARNING] - Timeout '0' is invalid. Using default page load timeout: '30'

2022-04-06 19:47:07 - [MESSAGE][WARNING] - Object 'Object Repository/Item Details Objects/Page_diagnostics/div.item-id' is not visible after 30 second(s)

2022-04-06 19:47:07 - [TEST_STEP][PASSED] - callTestCase(findTestCase("Custom Item Details/UTILITIES/CLOSE_BROWSER"), [:], STOP_ON_FAILURE): Call Test Case 'Test Cases/Custom Item Details/UTILITIES/CLOSE_BROWSER' successfully

2022-04-06 19:47:07 - [TEST_CASE][PASSED] - Test Cases/Custom Item Details/UTILITIES/CLOSE_BROWSER: Test Cases/Custom Item Details/UTILITIES/CLOSE_BROWSER

2022-04-06 19:47:07 - [TEST_STEP][PASSED] - closeBrowser(): Browser is closed

2022-04-06 19:47:08 - [MESSAGE][PASSED] - Browser is closed

2022-04-06 19:47:08 - [MESSAGE][PASSED] - Call Test Case 'Test Cases/Custom Item Details/UTILITIES/CLOSE_BROWSER' successfully]]></system-out>
         <system-err><![CDATA[]]></system-err>
      </testcase>
      <testcase name="Test Cases/Custom Item Details/TEST CASE/TC_DETAILS_UI_010" time="12.771" classname="Test Cases/Custom Item Details/TEST CASE/TC_DETAILS_UI_010" status="PASSED">
         <system-out><![CDATA[2022-04-06 19:47:08 - [TEST_CASE][PASSED] - Test Cases/Custom Item Details/TEST CASE/TC_DETAILS_UI_010: Test Cases/Custom Item Details/TEST CASE/TC_DETAILS_UI_010

2022-04-06 19:47:08 - [TEST_STEP][PASSED] - callTestCase(findTestCase("Custom Item Details/UTILITIES/OPEN_BROWSER"), [:], STOP_ON_FAILURE): Call Test Case 'Test Cases/Custom Item Details/UTILITIES/OPEN_BROWSER' successfully

2022-04-06 19:47:08 - [TEST_CASE][PASSED] - Test Cases/Custom Item Details/UTILITIES/OPEN_BROWSER: Test Cases/Custom Item Details/UTILITIES/OPEN_BROWSER

2022-04-06 19:47:08 - [TEST_STEP][PASSED] - openBrowser("https://diagnostics.staging.arcadier.io/"): Browser is opened with url: 'https://diagnostics.staging.arcadier.io/'

2022-04-06 19:47:08 - [MESSAGE][INFO] - Starting 'Chrome' driver

2022-04-06 19:47:08 - [MESSAGE][INFO] - Action delay is set to 0 milliseconds

2022-04-06 19:47:12 - [MESSAGE][PASSED] - Browser is opened with url: 'https://diagnostics.staging.arcadier.io/'

2022-04-06 19:47:12 - [TEST_STEP][PASSED] - maximizeWindow(): Current window maximized

2022-04-06 19:47:12 - [MESSAGE][PASSED] - Current window maximized

2022-04-06 19:47:12 - [TEST_STEP][PASSED] - click(findTestObject("Item Details Objects/Page_diagnostics/a_Accept Cookies")): Object: 'Object Repository/Item Details Objects/Page_diagnostics/a_Accept Cookies' is clicked on

2022-04-06 19:47:13 - [MESSAGE][PASSED] - Object: 'Object Repository/Item Details Objects/Page_diagnostics/a_Accept Cookies' is clicked on

2022-04-06 19:47:13 - [TEST_STEP][PASSED] - click(findTestObject("New_Homepage/Page_diagnostics/a_COVID-19 DIAGNOSTICS"), STOP_ON_FAILURE): Object: 'Object Repository/New_Homepage/Page_diagnostics/a_COVID-19 DIAGNOSTICS' is clicked on

2022-04-06 19:47:15 - [MESSAGE][PASSED] - Object: 'Object Repository/New_Homepage/Page_diagnostics/a_COVID-19 DIAGNOSTICS' is clicked on

2022-04-06 19:47:15 - [TEST_STEP][PASSED] - mouseOver(findTestObject("New_Homepage/Page_diagnostics/a_Abbott Rapid Diagnostics PANBIO COVID-19 Ag Rapid Test Device (Nasopharyngeal)")): Object: 'Object Repository/New_Homepage/Page_diagnostics/a_Abbott Rapid Diagnostics PANBIO COVID-19 Ag Rapid Test Device (Nasopharyngeal)' is hovered

2022-04-06 19:47:16 - [MESSAGE][PASSED] - Object: 'Object Repository/New_Homepage/Page_diagnostics/a_Abbott Rapid Diagnostics PANBIO COVID-19 Ag Rapid Test Device (Nasopharyngeal)' is hovered

2022-04-06 19:47:16 - [TEST_STEP][PASSED] - click(findTestObject("New_Homepage/Page_diagnostics/a_Abbott Rapid Diagnostics PANBIO COVID-19 Ag Rapid Test Device (Nasopharyngeal)")): Object: 'Object Repository/New_Homepage/Page_diagnostics/a_Abbott Rapid Diagnostics PANBIO COVID-19 Ag Rapid Test Device (Nasopharyngeal)' is clicked on

2022-04-06 19:47:19 - [MESSAGE][PASSED] - Object: 'Object Repository/New_Homepage/Page_diagnostics/a_Abbott Rapid Diagnostics PANBIO COVID-19 Ag Rapid Test Device (Nasopharyngeal)' is clicked on

2022-04-06 19:47:19 - [MESSAGE][PASSED] - Call Test Case 'Test Cases/Custom Item Details/UTILITIES/OPEN_BROWSER' successfully

2022-04-06 19:47:19 - [TEST_STEP][PASSED] - waitForElementVisible(findTestObject("Item Details Objects/Page_diagnostics/div.new-button-area"), 0): Object 'Object Repository/Item Details Objects/Page_diagnostics/div.new-button-area' is visible

2022-04-06 19:47:19 - [MESSAGE][WARNING] - Timeout '0' is invalid. Using default page load timeout: '30'

2022-04-06 19:47:20 - [MESSAGE][PASSED] - Object 'Object Repository/Item Details Objects/Page_diagnostics/div.new-button-area' is visible

2022-04-06 19:47:20 - [TEST_STEP][PASSED] - callTestCase(findTestCase("Custom Item Details/UTILITIES/CLOSE_BROWSER"), [:], STOP_ON_FAILURE): Call Test Case 'Test Cases/Custom Item Details/UTILITIES/CLOSE_BROWSER' successfully

2022-04-06 19:47:20 - [TEST_CASE][PASSED] - Test Cases/Custom Item Details/UTILITIES/CLOSE_BROWSER: Test Cases/Custom Item Details/UTILITIES/CLOSE_BROWSER

2022-04-06 19:47:20 - [TEST_STEP][PASSED] - closeBrowser(): Browser is closed

2022-04-06 19:47:21 - [MESSAGE][PASSED] - Browser is closed

2022-04-06 19:47:21 - [MESSAGE][PASSED] - Call Test Case 'Test Cases/Custom Item Details/UTILITIES/CLOSE_BROWSER' successfully]]></system-out>
         <system-err><![CDATA[]]></system-err>
      </testcase>
      <testcase name="Test Cases/Custom Item Details/TEST CASE/TC_DETAILS_UI_011" time="13.172" classname="Test Cases/Custom Item Details/TEST CASE/TC_DETAILS_UI_011" status="PASSED">
         <system-out><![CDATA[2022-04-06 19:47:21 - [TEST_CASE][PASSED] - Test Cases/Custom Item Details/TEST CASE/TC_DETAILS_UI_011: Test Cases/Custom Item Details/TEST CASE/TC_DETAILS_UI_011

2022-04-06 19:47:21 - [TEST_STEP][PASSED] - callTestCase(findTestCase("Custom Item Details/UTILITIES/OPEN_BROWSER"), [:], STOP_ON_FAILURE): Call Test Case 'Test Cases/Custom Item Details/UTILITIES/OPEN_BROWSER' successfully

2022-04-06 19:47:21 - [TEST_CASE][PASSED] - Test Cases/Custom Item Details/UTILITIES/OPEN_BROWSER: Test Cases/Custom Item Details/UTILITIES/OPEN_BROWSER

2022-04-06 19:47:21 - [TEST_STEP][PASSED] - openBrowser("https://diagnostics.staging.arcadier.io/"): Browser is opened with url: 'https://diagnostics.staging.arcadier.io/'

2022-04-06 19:47:21 - [MESSAGE][INFO] - Starting 'Chrome' driver

2022-04-06 19:47:21 - [MESSAGE][INFO] - Action delay is set to 0 milliseconds

2022-04-06 19:47:25 - [MESSAGE][PASSED] - Browser is opened with url: 'https://diagnostics.staging.arcadier.io/'

2022-04-06 19:47:25 - [TEST_STEP][PASSED] - maximizeWindow(): Current window maximized

2022-04-06 19:47:25 - [MESSAGE][PASSED] - Current window maximized

2022-04-06 19:47:25 - [TEST_STEP][PASSED] - click(findTestObject("Item Details Objects/Page_diagnostics/a_Accept Cookies")): Object: 'Object Repository/Item Details Objects/Page_diagnostics/a_Accept Cookies' is clicked on

2022-04-06 19:47:26 - [MESSAGE][PASSED] - Object: 'Object Repository/Item Details Objects/Page_diagnostics/a_Accept Cookies' is clicked on

2022-04-06 19:47:26 - [TEST_STEP][PASSED] - click(findTestObject("New_Homepage/Page_diagnostics/a_COVID-19 DIAGNOSTICS"), STOP_ON_FAILURE): Object: 'Object Repository/New_Homepage/Page_diagnostics/a_COVID-19 DIAGNOSTICS' is clicked on

2022-04-06 19:47:28 - [MESSAGE][PASSED] - Object: 'Object Repository/New_Homepage/Page_diagnostics/a_COVID-19 DIAGNOSTICS' is clicked on

2022-04-06 19:47:28 - [TEST_STEP][PASSED] - mouseOver(findTestObject("New_Homepage/Page_diagnostics/a_Abbott Rapid Diagnostics PANBIO COVID-19 Ag Rapid Test Device (Nasopharyngeal)")): Object: 'Object Repository/New_Homepage/Page_diagnostics/a_Abbott Rapid Diagnostics PANBIO COVID-19 Ag Rapid Test Device (Nasopharyngeal)' is hovered

2022-04-06 19:47:30 - [MESSAGE][PASSED] - Object: 'Object Repository/New_Homepage/Page_diagnostics/a_Abbott Rapid Diagnostics PANBIO COVID-19 Ag Rapid Test Device (Nasopharyngeal)' is hovered

2022-04-06 19:47:30 - [TEST_STEP][PASSED] - click(findTestObject("New_Homepage/Page_diagnostics/a_Abbott Rapid Diagnostics PANBIO COVID-19 Ag Rapid Test Device (Nasopharyngeal)")): Object: 'Object Repository/New_Homepage/Page_diagnostics/a_Abbott Rapid Diagnostics PANBIO COVID-19 Ag Rapid Test Device (Nasopharyngeal)' is clicked on

2022-04-06 19:47:32 - [MESSAGE][PASSED] - Object: 'Object Repository/New_Homepage/Page_diagnostics/a_Abbott Rapid Diagnostics PANBIO COVID-19 Ag Rapid Test Device (Nasopharyngeal)' is clicked on

2022-04-06 19:47:32 - [MESSAGE][PASSED] - Call Test Case 'Test Cases/Custom Item Details/UTILITIES/OPEN_BROWSER' successfully

2022-04-06 19:47:32 - [TEST_STEP][PASSED] - waitForElementVisible(findTestObject("Item Details Objects/Page_diagnostics/div.item-price-text"), 0): Object 'Object Repository/Item Details Objects/Page_diagnostics/div.item-price-text' is visible

2022-04-06 19:47:32 - [MESSAGE][WARNING] - Timeout '0' is invalid. Using default page load timeout: '30'

2022-04-06 19:47:33 - [MESSAGE][PASSED] - Object 'Object Repository/Item Details Objects/Page_diagnostics/div.item-price-text' is visible

2022-04-06 19:47:33 - [TEST_STEP][PASSED] - callTestCase(findTestCase("Custom Item Details/UTILITIES/CLOSE_BROWSER"), [:], STOP_ON_FAILURE): Call Test Case 'Test Cases/Custom Item Details/UTILITIES/CLOSE_BROWSER' successfully

2022-04-06 19:47:33 - [TEST_CASE][PASSED] - Test Cases/Custom Item Details/UTILITIES/CLOSE_BROWSER: Test Cases/Custom Item Details/UTILITIES/CLOSE_BROWSER

2022-04-06 19:47:33 - [TEST_STEP][PASSED] - closeBrowser(): Browser is closed

2022-04-06 19:47:34 - [MESSAGE][PASSED] - Browser is closed

2022-04-06 19:47:34 - [MESSAGE][PASSED] - Call Test Case 'Test Cases/Custom Item Details/UTILITIES/CLOSE_BROWSER' successfully]]></system-out>
         <system-err><![CDATA[]]></system-err>
      </testcase>
      <testcase name="Test Cases/Custom Item Details/TEST CASE/TC_DETAILS_UI_012" time="15.697" classname="Test Cases/Custom Item Details/TEST CASE/TC_DETAILS_UI_012" status="PASSED">
         <system-out><![CDATA[2022-04-06 19:47:34 - [TEST_CASE][PASSED] - Test Cases/Custom Item Details/TEST CASE/TC_DETAILS_UI_012: Test Cases/Custom Item Details/TEST CASE/TC_DETAILS_UI_012

2022-04-06 19:47:34 - [TEST_STEP][PASSED] - callTestCase(findTestCase("Custom Item Details/UTILITIES/OPEN_BROWSER"), [:], STOP_ON_FAILURE): Call Test Case 'Test Cases/Custom Item Details/UTILITIES/OPEN_BROWSER' successfully

2022-04-06 19:47:34 - [TEST_CASE][PASSED] - Test Cases/Custom Item Details/UTILITIES/OPEN_BROWSER: Test Cases/Custom Item Details/UTILITIES/OPEN_BROWSER

2022-04-06 19:47:34 - [TEST_STEP][PASSED] - openBrowser("https://diagnostics.staging.arcadier.io/"): Browser is opened with url: 'https://diagnostics.staging.arcadier.io/'

2022-04-06 19:47:34 - [MESSAGE][INFO] - Starting 'Chrome' driver

2022-04-06 19:47:34 - [MESSAGE][INFO] - Action delay is set to 0 milliseconds

2022-04-06 19:47:38 - [MESSAGE][PASSED] - Browser is opened with url: 'https://diagnostics.staging.arcadier.io/'

2022-04-06 19:47:38 - [TEST_STEP][PASSED] - maximizeWindow(): Current window maximized

2022-04-06 19:47:38 - [MESSAGE][PASSED] - Current window maximized

2022-04-06 19:47:38 - [TEST_STEP][PASSED] - click(findTestObject("Item Details Objects/Page_diagnostics/a_Accept Cookies")): Object: 'Object Repository/Item Details Objects/Page_diagnostics/a_Accept Cookies' is clicked on

2022-04-06 19:47:41 - [MESSAGE][PASSED] - Object: 'Object Repository/Item Details Objects/Page_diagnostics/a_Accept Cookies' is clicked on

2022-04-06 19:47:41 - [TEST_STEP][PASSED] - click(findTestObject("New_Homepage/Page_diagnostics/a_COVID-19 DIAGNOSTICS"), STOP_ON_FAILURE): Object: 'Object Repository/New_Homepage/Page_diagnostics/a_COVID-19 DIAGNOSTICS' is clicked on

2022-04-06 19:47:42 - [MESSAGE][PASSED] - Object: 'Object Repository/New_Homepage/Page_diagnostics/a_COVID-19 DIAGNOSTICS' is clicked on

2022-04-06 19:47:42 - [TEST_STEP][PASSED] - mouseOver(findTestObject("New_Homepage/Page_diagnostics/a_Abbott Rapid Diagnostics PANBIO COVID-19 Ag Rapid Test Device (Nasopharyngeal)")): Object: 'Object Repository/New_Homepage/Page_diagnostics/a_Abbott Rapid Diagnostics PANBIO COVID-19 Ag Rapid Test Device (Nasopharyngeal)' is hovered

2022-04-06 19:47:44 - [MESSAGE][PASSED] - Object: 'Object Repository/New_Homepage/Page_diagnostics/a_Abbott Rapid Diagnostics PANBIO COVID-19 Ag Rapid Test Device (Nasopharyngeal)' is hovered

2022-04-06 19:47:44 - [TEST_STEP][PASSED] - click(findTestObject("New_Homepage/Page_diagnostics/a_Abbott Rapid Diagnostics PANBIO COVID-19 Ag Rapid Test Device (Nasopharyngeal)")): Object: 'Object Repository/New_Homepage/Page_diagnostics/a_Abbott Rapid Diagnostics PANBIO COVID-19 Ag Rapid Test Device (Nasopharyngeal)' is clicked on

2022-04-06 19:47:46 - [MESSAGE][PASSED] - Object: 'Object Repository/New_Homepage/Page_diagnostics/a_Abbott Rapid Diagnostics PANBIO COVID-19 Ag Rapid Test Device (Nasopharyngeal)' is clicked on

2022-04-06 19:47:46 - [MESSAGE][PASSED] - Call Test Case 'Test Cases/Custom Item Details/UTILITIES/OPEN_BROWSER' successfully

2022-04-06 19:47:46 - [TEST_STEP][PASSED] - waitForElementVisible(findTestObject("Item Details Objects/Page_diagnostics/a_Procure_Directly_From_Seller"), 0): Object 'Object Repository/Item Details Objects/Page_diagnostics/a_Procure_Directly_From_Seller' is visible

2022-04-06 19:47:46 - [MESSAGE][WARNING] - Timeout '0' is invalid. Using default page load timeout: '30'

2022-04-06 19:47:48 - [MESSAGE][PASSED] - Object 'Object Repository/Item Details Objects/Page_diagnostics/a_Procure_Directly_From_Seller' is visible

2022-04-06 19:47:48 - [TEST_STEP][PASSED] - verifyElementClickable(findTestObject("Item Details Objects/Page_diagnostics/a_Procure_Directly_From_Seller")): Object 'Object Repository/Item Details Objects/Page_diagnostics/a_Procure_Directly_From_Seller' is clickable

2022-04-06 19:47:48 - [MESSAGE][PASSED] - Object 'Object Repository/Item Details Objects/Page_diagnostics/a_Procure_Directly_From_Seller' is clickable

2022-04-06 19:47:48 - [TEST_STEP][PASSED] - click(findTestObject("Item Details Objects/Page_diagnostics/a_Procure_Directly_From_Seller")): Object: 'Object Repository/Item Details Objects/Page_diagnostics/a_Procure_Directly_From_Seller' is clicked on

2022-04-06 19:47:49 - [MESSAGE][PASSED] - Object: 'Object Repository/Item Details Objects/Page_diagnostics/a_Procure_Directly_From_Seller' is clicked on

2022-04-06 19:47:49 - [TEST_STEP][PASSED] - callTestCase(findTestCase("Custom Item Details/UTILITIES/CLOSE_BROWSER"), [:], STOP_ON_FAILURE): Call Test Case 'Test Cases/Custom Item Details/UTILITIES/CLOSE_BROWSER' successfully

2022-04-06 19:47:49 - [TEST_CASE][PASSED] - Test Cases/Custom Item Details/UTILITIES/CLOSE_BROWSER: Test Cases/Custom Item Details/UTILITIES/CLOSE_BROWSER

2022-04-06 19:47:49 - [TEST_STEP][PASSED] - closeBrowser(): Browser is closed

2022-04-06 19:47:50 - [MESSAGE][PASSED] - Browser is closed

2022-04-06 19:47:50 - [MESSAGE][PASSED] - Call Test Case 'Test Cases/Custom Item Details/UTILITIES/CLOSE_BROWSER' successfully]]></system-out>
         <system-err><![CDATA[]]></system-err>
      </testcase>
      <testcase name="Test Cases/Custom Item Details/TEST CASE/TC_DETAILS_UI_013" time="13.429" classname="Test Cases/Custom Item Details/TEST CASE/TC_DETAILS_UI_013" status="PASSED">
         <system-out><![CDATA[2022-04-06 19:47:50 - [TEST_CASE][PASSED] - Test Cases/Custom Item Details/TEST CASE/TC_DETAILS_UI_013: Test Cases/Custom Item Details/TEST CASE/TC_DETAILS_UI_013

2022-04-06 19:47:50 - [TEST_STEP][PASSED] - callTestCase(findTestCase("Custom Item Details/UTILITIES/OPEN_BROWSER"), [:], STOP_ON_FAILURE): Call Test Case 'Test Cases/Custom Item Details/UTILITIES/OPEN_BROWSER' successfully

2022-04-06 19:47:50 - [TEST_CASE][PASSED] - Test Cases/Custom Item Details/UTILITIES/OPEN_BROWSER: Test Cases/Custom Item Details/UTILITIES/OPEN_BROWSER

2022-04-06 19:47:50 - [TEST_STEP][PASSED] - openBrowser("https://diagnostics.staging.arcadier.io/"): Browser is opened with url: 'https://diagnostics.staging.arcadier.io/'

2022-04-06 19:47:50 - [MESSAGE][INFO] - Starting 'Chrome' driver

2022-04-06 19:47:50 - [MESSAGE][INFO] - Action delay is set to 0 milliseconds

2022-04-06 19:47:53 - [MESSAGE][PASSED] - Browser is opened with url: 'https://diagnostics.staging.arcadier.io/'

2022-04-06 19:47:53 - [TEST_STEP][PASSED] - maximizeWindow(): Current window maximized

2022-04-06 19:47:53 - [MESSAGE][PASSED] - Current window maximized

2022-04-06 19:47:53 - [TEST_STEP][PASSED] - click(findTestObject("Item Details Objects/Page_diagnostics/a_Accept Cookies")): Object: 'Object Repository/Item Details Objects/Page_diagnostics/a_Accept Cookies' is clicked on

2022-04-06 19:47:55 - [MESSAGE][PASSED] - Object: 'Object Repository/Item Details Objects/Page_diagnostics/a_Accept Cookies' is clicked on

2022-04-06 19:47:55 - [TEST_STEP][PASSED] - click(findTestObject("New_Homepage/Page_diagnostics/a_COVID-19 DIAGNOSTICS"), STOP_ON_FAILURE): Object: 'Object Repository/New_Homepage/Page_diagnostics/a_COVID-19 DIAGNOSTICS' is clicked on

2022-04-06 19:47:56 - [MESSAGE][PASSED] - Object: 'Object Repository/New_Homepage/Page_diagnostics/a_COVID-19 DIAGNOSTICS' is clicked on

2022-04-06 19:47:56 - [TEST_STEP][PASSED] - mouseOver(findTestObject("New_Homepage/Page_diagnostics/a_Abbott Rapid Diagnostics PANBIO COVID-19 Ag Rapid Test Device (Nasopharyngeal)")): Object: 'Object Repository/New_Homepage/Page_diagnostics/a_Abbott Rapid Diagnostics PANBIO COVID-19 Ag Rapid Test Device (Nasopharyngeal)' is hovered

2022-04-06 19:47:58 - [MESSAGE][PASSED] - Object: 'Object Repository/New_Homepage/Page_diagnostics/a_Abbott Rapid Diagnostics PANBIO COVID-19 Ag Rapid Test Device (Nasopharyngeal)' is hovered

2022-04-06 19:47:58 - [TEST_STEP][PASSED] - click(findTestObject("New_Homepage/Page_diagnostics/a_Abbott Rapid Diagnostics PANBIO COVID-19 Ag Rapid Test Device (Nasopharyngeal)")): Object: 'Object Repository/New_Homepage/Page_diagnostics/a_Abbott Rapid Diagnostics PANBIO COVID-19 Ag Rapid Test Device (Nasopharyngeal)' is clicked on

2022-04-06 19:48:01 - [MESSAGE][PASSED] - Object: 'Object Repository/New_Homepage/Page_diagnostics/a_Abbott Rapid Diagnostics PANBIO COVID-19 Ag Rapid Test Device (Nasopharyngeal)' is clicked on

2022-04-06 19:48:01 - [MESSAGE][PASSED] - Call Test Case 'Test Cases/Custom Item Details/UTILITIES/OPEN_BROWSER' successfully

2022-04-06 19:48:01 - [TEST_STEP][PASSED] - waitForElementPresent(findTestObject("Item Details Objects/Page_diagnostics/btn_Procure_grey"), 0): Object 'Object Repository/Item Details Objects/Page_diagnostics/btn_Procure_grey' is present

2022-04-06 19:48:01 - [MESSAGE][WARNING] - Timeout '0' is invalid. Using default page load timeout: '30'

2022-04-06 19:48:03 - [MESSAGE][PASSED] - Object 'Object Repository/Item Details Objects/Page_diagnostics/btn_Procure_grey' is present

2022-04-06 19:48:03 - [TEST_STEP][PASSED] - callTestCase(findTestCase("Custom Item Details/UTILITIES/CLOSE_BROWSER"), [:], STOP_ON_FAILURE): Call Test Case 'Test Cases/Custom Item Details/UTILITIES/CLOSE_BROWSER' successfully

2022-04-06 19:48:03 - [TEST_CASE][PASSED] - Test Cases/Custom Item Details/UTILITIES/CLOSE_BROWSER: Test Cases/Custom Item Details/UTILITIES/CLOSE_BROWSER

2022-04-06 19:48:03 - [TEST_STEP][PASSED] - closeBrowser(): Browser is closed

2022-04-06 19:48:03 - [MESSAGE][PASSED] - Browser is closed

2022-04-06 19:48:03 - [MESSAGE][PASSED] - Call Test Case 'Test Cases/Custom Item Details/UTILITIES/CLOSE_BROWSER' successfully]]></system-out>
         <system-err><![CDATA[]]></system-err>
      </testcase>
      <testcase name="Test Cases/Custom Item Details/TEST CASE/TC_DETAILS_UI_014" time="14.132" classname="Test Cases/Custom Item Details/TEST CASE/TC_DETAILS_UI_014" status="PASSED">
         <system-out><![CDATA[2022-04-06 19:48:03 - [TEST_CASE][PASSED] - Test Cases/Custom Item Details/TEST CASE/TC_DETAILS_UI_014: Test Cases/Custom Item Details/TEST CASE/TC_DETAILS_UI_014

2022-04-06 19:48:03 - [TEST_STEP][PASSED] - callTestCase(findTestCase("Custom Item Details/UTILITIES/OPEN_BROWSER"), [:], STOP_ON_FAILURE): Call Test Case 'Test Cases/Custom Item Details/UTILITIES/OPEN_BROWSER' successfully

2022-04-06 19:48:03 - [TEST_CASE][PASSED] - Test Cases/Custom Item Details/UTILITIES/OPEN_BROWSER: Test Cases/Custom Item Details/UTILITIES/OPEN_BROWSER

2022-04-06 19:48:03 - [TEST_STEP][PASSED] - openBrowser("https://diagnostics.staging.arcadier.io/"): Browser is opened with url: 'https://diagnostics.staging.arcadier.io/'

2022-04-06 19:48:03 - [MESSAGE][INFO] - Starting 'Chrome' driver

2022-04-06 19:48:03 - [MESSAGE][INFO] - Action delay is set to 0 milliseconds

2022-04-06 19:48:07 - [MESSAGE][PASSED] - Browser is opened with url: 'https://diagnostics.staging.arcadier.io/'

2022-04-06 19:48:07 - [TEST_STEP][PASSED] - maximizeWindow(): Current window maximized

2022-04-06 19:48:07 - [MESSAGE][PASSED] - Current window maximized

2022-04-06 19:48:07 - [TEST_STEP][PASSED] - click(findTestObject("Item Details Objects/Page_diagnostics/a_Accept Cookies")): Object: 'Object Repository/Item Details Objects/Page_diagnostics/a_Accept Cookies' is clicked on

2022-04-06 19:48:08 - [MESSAGE][PASSED] - Object: 'Object Repository/Item Details Objects/Page_diagnostics/a_Accept Cookies' is clicked on

2022-04-06 19:48:08 - [TEST_STEP][PASSED] - click(findTestObject("New_Homepage/Page_diagnostics/a_COVID-19 DIAGNOSTICS"), STOP_ON_FAILURE): Object: 'Object Repository/New_Homepage/Page_diagnostics/a_COVID-19 DIAGNOSTICS' is clicked on

2022-04-06 19:48:10 - [MESSAGE][PASSED] - Object: 'Object Repository/New_Homepage/Page_diagnostics/a_COVID-19 DIAGNOSTICS' is clicked on

2022-04-06 19:48:10 - [TEST_STEP][PASSED] - mouseOver(findTestObject("New_Homepage/Page_diagnostics/a_Abbott Rapid Diagnostics PANBIO COVID-19 Ag Rapid Test Device (Nasopharyngeal)")): Object: 'Object Repository/New_Homepage/Page_diagnostics/a_Abbott Rapid Diagnostics PANBIO COVID-19 Ag Rapid Test Device (Nasopharyngeal)' is hovered

2022-04-06 19:48:12 - [MESSAGE][PASSED] - Object: 'Object Repository/New_Homepage/Page_diagnostics/a_Abbott Rapid Diagnostics PANBIO COVID-19 Ag Rapid Test Device (Nasopharyngeal)' is hovered

2022-04-06 19:48:12 - [TEST_STEP][PASSED] - click(findTestObject("New_Homepage/Page_diagnostics/a_Abbott Rapid Diagnostics PANBIO COVID-19 Ag Rapid Test Device (Nasopharyngeal)")): Object: 'Object Repository/New_Homepage/Page_diagnostics/a_Abbott Rapid Diagnostics PANBIO COVID-19 Ag Rapid Test Device (Nasopharyngeal)' is clicked on

2022-04-06 19:48:14 - [MESSAGE][PASSED] - Object: 'Object Repository/New_Homepage/Page_diagnostics/a_Abbott Rapid Diagnostics PANBIO COVID-19 Ag Rapid Test Device (Nasopharyngeal)' is clicked on

2022-04-06 19:48:14 - [MESSAGE][PASSED] - Call Test Case 'Test Cases/Custom Item Details/UTILITIES/OPEN_BROWSER' successfully

2022-04-06 19:48:14 - [TEST_STEP][PASSED] - waitForElementVisible(findTestObject("Staging Objects/Page_diagnostics/div_Description"), 0): Object 'Object Repository/Staging Objects/Page_diagnostics/div_Description' is visible

2022-04-06 19:48:14 - [MESSAGE][WARNING] - Timeout '0' is invalid. Using default page load timeout: '30'

2022-04-06 19:48:16 - [MESSAGE][PASSED] - Object 'Object Repository/Staging Objects/Page_diagnostics/div_Description' is visible

2022-04-06 19:48:16 - [TEST_STEP][PASSED] - verifyElementClickable(findTestObject("Staging Objects/Page_diagnostics/div_Description")): Object 'Object Repository/Staging Objects/Page_diagnostics/div_Description' is clickable

2022-04-06 19:48:16 - [MESSAGE][PASSED] - Object 'Object Repository/Staging Objects/Page_diagnostics/div_Description' is clickable

2022-04-06 19:48:16 - [TEST_STEP][PASSED] - verifyElementText(findTestObject("Staging Objects/Page_diagnostics/div_Description"), "Description"): Actual text and expected text of test object 'Object Repository/Staging Objects/Page_diagnostics/div_Description' are matched.

2022-04-06 19:48:16 - [MESSAGE][PASSED] - Actual text and expected text of test object 'Object Repository/Staging Objects/Page_diagnostics/div_Description' are matched.

2022-04-06 19:48:16 - [TEST_STEP][PASSED] - click(findTestObject("Staging Objects/Page_diagnostics/div_Description")): Object: 'Object Repository/Staging Objects/Page_diagnostics/div_Description' is clicked on

2022-04-06 19:48:17 - [MESSAGE][PASSED] - Object: 'Object Repository/Staging Objects/Page_diagnostics/div_Description' is clicked on

2022-04-06 19:48:17 - [TEST_STEP][PASSED] - callTestCase(findTestCase("Custom Item Details/UTILITIES/CLOSE_BROWSER"), [:], STOP_ON_FAILURE): Call Test Case 'Test Cases/Custom Item Details/UTILITIES/CLOSE_BROWSER' successfully

2022-04-06 19:48:17 - [TEST_CASE][PASSED] - Test Cases/Custom Item Details/UTILITIES/CLOSE_BROWSER: Test Cases/Custom Item Details/UTILITIES/CLOSE_BROWSER

2022-04-06 19:48:17 - [TEST_STEP][PASSED] - closeBrowser(): Browser is closed

2022-04-06 19:48:17 - [MESSAGE][PASSED] - Browser is closed

2022-04-06 19:48:17 - [MESSAGE][PASSED] - Call Test Case 'Test Cases/Custom Item Details/UTILITIES/CLOSE_BROWSER' successfully]]></system-out>
         <system-err><![CDATA[]]></system-err>
      </testcase>
      <testcase name="Test Cases/Custom Item Details/TEST CASE/TC_DETAILS_UI_015" time="13.463" classname="Test Cases/Custom Item Details/TEST CASE/TC_DETAILS_UI_015" status="PASSED">
         <system-out><![CDATA[2022-04-06 19:48:17 - [TEST_CASE][PASSED] - Test Cases/Custom Item Details/TEST CASE/TC_DETAILS_UI_015: Test Cases/Custom Item Details/TEST CASE/TC_DETAILS_UI_015

2022-04-06 19:48:18 - [TEST_STEP][PASSED] - callTestCase(findTestCase("Custom Item Details/UTILITIES/OPEN_BROWSER"), [:], STOP_ON_FAILURE): Call Test Case 'Test Cases/Custom Item Details/UTILITIES/OPEN_BROWSER' successfully

2022-04-06 19:48:18 - [TEST_CASE][PASSED] - Test Cases/Custom Item Details/UTILITIES/OPEN_BROWSER: Test Cases/Custom Item Details/UTILITIES/OPEN_BROWSER

2022-04-06 19:48:18 - [TEST_STEP][PASSED] - openBrowser("https://diagnostics.staging.arcadier.io/"): Browser is opened with url: 'https://diagnostics.staging.arcadier.io/'

2022-04-06 19:48:18 - [MESSAGE][INFO] - Starting 'Chrome' driver

2022-04-06 19:48:18 - [MESSAGE][INFO] - Action delay is set to 0 milliseconds

2022-04-06 19:48:21 - [MESSAGE][PASSED] - Browser is opened with url: 'https://diagnostics.staging.arcadier.io/'

2022-04-06 19:48:21 - [TEST_STEP][PASSED] - maximizeWindow(): Current window maximized

2022-04-06 19:48:21 - [MESSAGE][PASSED] - Current window maximized

2022-04-06 19:48:21 - [TEST_STEP][PASSED] - click(findTestObject("Item Details Objects/Page_diagnostics/a_Accept Cookies")): Object: 'Object Repository/Item Details Objects/Page_diagnostics/a_Accept Cookies' is clicked on

2022-04-06 19:48:23 - [MESSAGE][PASSED] - Object: 'Object Repository/Item Details Objects/Page_diagnostics/a_Accept Cookies' is clicked on

2022-04-06 19:48:23 - [TEST_STEP][PASSED] - click(findTestObject("New_Homepage/Page_diagnostics/a_COVID-19 DIAGNOSTICS"), STOP_ON_FAILURE): Object: 'Object Repository/New_Homepage/Page_diagnostics/a_COVID-19 DIAGNOSTICS' is clicked on

2022-04-06 19:48:24 - [MESSAGE][PASSED] - Object: 'Object Repository/New_Homepage/Page_diagnostics/a_COVID-19 DIAGNOSTICS' is clicked on

2022-04-06 19:48:24 - [TEST_STEP][PASSED] - mouseOver(findTestObject("New_Homepage/Page_diagnostics/a_Abbott Rapid Diagnostics PANBIO COVID-19 Ag Rapid Test Device (Nasopharyngeal)")): Object: 'Object Repository/New_Homepage/Page_diagnostics/a_Abbott Rapid Diagnostics PANBIO COVID-19 Ag Rapid Test Device (Nasopharyngeal)' is hovered

2022-04-06 19:48:25 - [MESSAGE][PASSED] - Object: 'Object Repository/New_Homepage/Page_diagnostics/a_Abbott Rapid Diagnostics PANBIO COVID-19 Ag Rapid Test Device (Nasopharyngeal)' is hovered

2022-04-06 19:48:25 - [TEST_STEP][PASSED] - click(findTestObject("New_Homepage/Page_diagnostics/a_Abbott Rapid Diagnostics PANBIO COVID-19 Ag Rapid Test Device (Nasopharyngeal)")): Object: 'Object Repository/New_Homepage/Page_diagnostics/a_Abbott Rapid Diagnostics PANBIO COVID-19 Ag Rapid Test Device (Nasopharyngeal)' is clicked on

2022-04-06 19:48:28 - [MESSAGE][PASSED] - Object: 'Object Repository/New_Homepage/Page_diagnostics/a_Abbott Rapid Diagnostics PANBIO COVID-19 Ag Rapid Test Device (Nasopharyngeal)' is clicked on

2022-04-06 19:48:28 - [MESSAGE][PASSED] - Call Test Case 'Test Cases/Custom Item Details/UTILITIES/OPEN_BROWSER' successfully

2022-04-06 19:48:28 - [TEST_STEP][PASSED] - waitForElementVisible(findTestObject("Staging Objects/Page_diagnostics/div_Technical Specifications"), 0): Object 'Object Repository/Staging Objects/Page_diagnostics/div_Technical Specifications' is visible

2022-04-06 19:48:28 - [MESSAGE][WARNING] - Timeout '0' is invalid. Using default page load timeout: '30'

2022-04-06 19:48:29 - [MESSAGE][PASSED] - Object 'Object Repository/Staging Objects/Page_diagnostics/div_Technical Specifications' is visible

2022-04-06 19:48:29 - [TEST_STEP][PASSED] - verifyElementClickable(findTestObject("Staging Objects/Page_diagnostics/div_Technical Specifications")): Object 'Object Repository/Staging Objects/Page_diagnostics/div_Technical Specifications' is clickable

2022-04-06 19:48:29 - [MESSAGE][PASSED] - Object 'Object Repository/Staging Objects/Page_diagnostics/div_Technical Specifications' is clickable

2022-04-06 19:48:29 - [TEST_STEP][PASSED] - verifyElementText(findTestObject("Staging Objects/Page_diagnostics/div_Technical Specifications"), "Technical Specifications"): Actual text and expected text of test object 'Object Repository/Staging Objects/Page_diagnostics/div_Technical Specifications' are matched.

2022-04-06 19:48:30 - [MESSAGE][PASSED] - Actual text and expected text of test object 'Object Repository/Staging Objects/Page_diagnostics/div_Technical Specifications' are matched.

2022-04-06 19:48:30 - [TEST_STEP][PASSED] - click(findTestObject("Staging Objects/Page_diagnostics/div_Technical Specifications")): Object: 'Object Repository/Staging Objects/Page_diagnostics/div_Technical Specifications' is clicked on

2022-04-06 19:48:30 - [MESSAGE][PASSED] - Object: 'Object Repository/Staging Objects/Page_diagnostics/div_Technical Specifications' is clicked on

2022-04-06 19:48:30 - [TEST_STEP][PASSED] - callTestCase(findTestCase("Custom Item Details/UTILITIES/CLOSE_BROWSER"), [:], STOP_ON_FAILURE): Call Test Case 'Test Cases/Custom Item Details/UTILITIES/CLOSE_BROWSER' successfully

2022-04-06 19:48:30 - [TEST_CASE][PASSED] - Test Cases/Custom Item Details/UTILITIES/CLOSE_BROWSER: Test Cases/Custom Item Details/UTILITIES/CLOSE_BROWSER

2022-04-06 19:48:30 - [TEST_STEP][PASSED] - closeBrowser(): Browser is closed

2022-04-06 19:48:31 - [MESSAGE][PASSED] - Browser is closed

2022-04-06 19:48:31 - [MESSAGE][PASSED] - Call Test Case 'Test Cases/Custom Item Details/UTILITIES/CLOSE_BROWSER' successfully]]></system-out>
         <system-err><![CDATA[]]></system-err>
      </testcase>
      <testcase name="Test Cases/Custom Item Details/TEST CASE/TC_DETAILS_UI_016" time="14.388" classname="Test Cases/Custom Item Details/TEST CASE/TC_DETAILS_UI_016" status="PASSED">
         <system-out><![CDATA[2022-04-06 19:48:31 - [TEST_CASE][PASSED] - Test Cases/Custom Item Details/TEST CASE/TC_DETAILS_UI_016: Test Cases/Custom Item Details/TEST CASE/TC_DETAILS_UI_016

2022-04-06 19:48:31 - [TEST_STEP][PASSED] - callTestCase(findTestCase("Custom Item Details/UTILITIES/OPEN_BROWSER"), [:], STOP_ON_FAILURE): Call Test Case 'Test Cases/Custom Item Details/UTILITIES/OPEN_BROWSER' successfully

2022-04-06 19:48:31 - [TEST_CASE][PASSED] - Test Cases/Custom Item Details/UTILITIES/OPEN_BROWSER: Test Cases/Custom Item Details/UTILITIES/OPEN_BROWSER

2022-04-06 19:48:31 - [TEST_STEP][PASSED] - openBrowser("https://diagnostics.staging.arcadier.io/"): Browser is opened with url: 'https://diagnostics.staging.arcadier.io/'

2022-04-06 19:48:31 - [MESSAGE][INFO] - Starting 'Chrome' driver

2022-04-06 19:48:31 - [MESSAGE][INFO] - Action delay is set to 0 milliseconds

2022-04-06 19:48:34 - [MESSAGE][PASSED] - Browser is opened with url: 'https://diagnostics.staging.arcadier.io/'

2022-04-06 19:48:34 - [TEST_STEP][PASSED] - maximizeWindow(): Current window maximized

2022-04-06 19:48:35 - [MESSAGE][PASSED] - Current window maximized

2022-04-06 19:48:35 - [TEST_STEP][PASSED] - click(findTestObject("Item Details Objects/Page_diagnostics/a_Accept Cookies")): Object: 'Object Repository/Item Details Objects/Page_diagnostics/a_Accept Cookies' is clicked on

2022-04-06 19:48:36 - [MESSAGE][PASSED] - Object: 'Object Repository/Item Details Objects/Page_diagnostics/a_Accept Cookies' is clicked on

2022-04-06 19:48:36 - [TEST_STEP][PASSED] - click(findTestObject("New_Homepage/Page_diagnostics/a_COVID-19 DIAGNOSTICS"), STOP_ON_FAILURE): Object: 'Object Repository/New_Homepage/Page_diagnostics/a_COVID-19 DIAGNOSTICS' is clicked on

2022-04-06 19:48:38 - [MESSAGE][PASSED] - Object: 'Object Repository/New_Homepage/Page_diagnostics/a_COVID-19 DIAGNOSTICS' is clicked on

2022-04-06 19:48:38 - [TEST_STEP][PASSED] - mouseOver(findTestObject("New_Homepage/Page_diagnostics/a_Abbott Rapid Diagnostics PANBIO COVID-19 Ag Rapid Test Device (Nasopharyngeal)")): Object: 'Object Repository/New_Homepage/Page_diagnostics/a_Abbott Rapid Diagnostics PANBIO COVID-19 Ag Rapid Test Device (Nasopharyngeal)' is hovered

2022-04-06 19:48:40 - [MESSAGE][PASSED] - Object: 'Object Repository/New_Homepage/Page_diagnostics/a_Abbott Rapid Diagnostics PANBIO COVID-19 Ag Rapid Test Device (Nasopharyngeal)' is hovered

2022-04-06 19:48:40 - [TEST_STEP][PASSED] - click(findTestObject("New_Homepage/Page_diagnostics/a_Abbott Rapid Diagnostics PANBIO COVID-19 Ag Rapid Test Device (Nasopharyngeal)")): Object: 'Object Repository/New_Homepage/Page_diagnostics/a_Abbott Rapid Diagnostics PANBIO COVID-19 Ag Rapid Test Device (Nasopharyngeal)' is clicked on

2022-04-06 19:48:42 - [MESSAGE][PASSED] - Object: 'Object Repository/New_Homepage/Page_diagnostics/a_Abbott Rapid Diagnostics PANBIO COVID-19 Ag Rapid Test Device (Nasopharyngeal)' is clicked on

2022-04-06 19:48:42 - [MESSAGE][PASSED] - Call Test Case 'Test Cases/Custom Item Details/UTILITIES/OPEN_BROWSER' successfully

2022-04-06 19:48:42 - [TEST_STEP][PASSED] - waitForElementVisible(findTestObject("Staging Objects/Page_diagnostics/div_Product Attributes"), 0): Object 'Object Repository/Staging Objects/Page_diagnostics/div_Product Attributes' is visible

2022-04-06 19:48:42 - [MESSAGE][WARNING] - Timeout '0' is invalid. Using default page load timeout: '30'

2022-04-06 19:48:44 - [MESSAGE][PASSED] - Object 'Object Repository/Staging Objects/Page_diagnostics/div_Product Attributes' is visible

2022-04-06 19:48:44 - [TEST_STEP][PASSED] - verifyElementClickable(findTestObject("Staging Objects/Page_diagnostics/div_Product Attributes")): Object 'Object Repository/Staging Objects/Page_diagnostics/div_Product Attributes' is clickable

2022-04-06 19:48:44 - [MESSAGE][PASSED] - Object 'Object Repository/Staging Objects/Page_diagnostics/div_Product Attributes' is clickable

2022-04-06 19:48:44 - [TEST_STEP][PASSED] - verifyElementText(findTestObject("Staging Objects/Page_diagnostics/div_Product Attributes"), "Product Attributes"): Actual text and expected text of test object 'Object Repository/Staging Objects/Page_diagnostics/div_Product Attributes' are matched.

2022-04-06 19:48:44 - [MESSAGE][PASSED] - Actual text and expected text of test object 'Object Repository/Staging Objects/Page_diagnostics/div_Product Attributes' are matched.

2022-04-06 19:48:44 - [TEST_STEP][PASSED] - click(findTestObject("Staging Objects/Page_diagnostics/div_Product Attributes")): Object: 'Object Repository/Staging Objects/Page_diagnostics/div_Product Attributes' is clicked on

2022-04-06 19:48:45 - [MESSAGE][PASSED] - Object: 'Object Repository/Staging Objects/Page_diagnostics/div_Product Attributes' is clicked on

2022-04-06 19:48:45 - [TEST_STEP][PASSED] - callTestCase(findTestCase("Custom Item Details/UTILITIES/CLOSE_BROWSER"), [:], STOP_ON_FAILURE): Call Test Case 'Test Cases/Custom Item Details/UTILITIES/CLOSE_BROWSER' successfully

2022-04-06 19:48:45 - [TEST_CASE][PASSED] - Test Cases/Custom Item Details/UTILITIES/CLOSE_BROWSER: Test Cases/Custom Item Details/UTILITIES/CLOSE_BROWSER

2022-04-06 19:48:45 - [TEST_STEP][PASSED] - closeBrowser(): Browser is closed

2022-04-06 19:48:45 - [MESSAGE][PASSED] - Browser is closed

2022-04-06 19:48:45 - [MESSAGE][PASSED] - Call Test Case 'Test Cases/Custom Item Details/UTILITIES/CLOSE_BROWSER' successfully]]></system-out>
         <system-err><![CDATA[]]></system-err>
      </testcase>
      <testcase name="Test Cases/Custom Item Details/TEST CASE/TC_DETAILS_UI_017" time="14.86" classname="Test Cases/Custom Item Details/TEST CASE/TC_DETAILS_UI_017" status="PASSED">
         <system-out><![CDATA[2022-04-06 19:48:45 - [TEST_CASE][PASSED] - Test Cases/Custom Item Details/TEST CASE/TC_DETAILS_UI_017: Test Cases/Custom Item Details/TEST CASE/TC_DETAILS_UI_017

2022-04-06 19:48:45 - [TEST_STEP][PASSED] - callTestCase(findTestCase("Custom Item Details/UTILITIES/OPEN_BROWSER"), [:], STOP_ON_FAILURE): Call Test Case 'Test Cases/Custom Item Details/UTILITIES/OPEN_BROWSER' successfully

2022-04-06 19:48:45 - [TEST_CASE][PASSED] - Test Cases/Custom Item Details/UTILITIES/OPEN_BROWSER: Test Cases/Custom Item Details/UTILITIES/OPEN_BROWSER

2022-04-06 19:48:45 - [TEST_STEP][PASSED] - openBrowser("https://diagnostics.staging.arcadier.io/"): Browser is opened with url: 'https://diagnostics.staging.arcadier.io/'

2022-04-06 19:48:45 - [MESSAGE][INFO] - Starting 'Chrome' driver

2022-04-06 19:48:45 - [MESSAGE][INFO] - Action delay is set to 0 milliseconds

2022-04-06 19:48:49 - [MESSAGE][PASSED] - Browser is opened with url: 'https://diagnostics.staging.arcadier.io/'

2022-04-06 19:48:49 - [TEST_STEP][PASSED] - maximizeWindow(): Current window maximized

2022-04-06 19:48:49 - [MESSAGE][PASSED] - Current window maximized

2022-04-06 19:48:49 - [TEST_STEP][PASSED] - click(findTestObject("Item Details Objects/Page_diagnostics/a_Accept Cookies")): Object: 'Object Repository/Item Details Objects/Page_diagnostics/a_Accept Cookies' is clicked on

2022-04-06 19:48:50 - [MESSAGE][PASSED] - Object: 'Object Repository/Item Details Objects/Page_diagnostics/a_Accept Cookies' is clicked on

2022-04-06 19:48:50 - [TEST_STEP][PASSED] - click(findTestObject("New_Homepage/Page_diagnostics/a_COVID-19 DIAGNOSTICS"), STOP_ON_FAILURE): Object: 'Object Repository/New_Homepage/Page_diagnostics/a_COVID-19 DIAGNOSTICS' is clicked on

2022-04-06 19:48:53 - [MESSAGE][PASSED] - Object: 'Object Repository/New_Homepage/Page_diagnostics/a_COVID-19 DIAGNOSTICS' is clicked on

[...]

2022-04-06 20:09:30 - [MESSAGE][PASSED] - Object 'Object Repository/Item Details Objects/Page_diagnostics/div_Price_Box' is NOT visible

2022-04-06 20:09:30 - [TEST_STEP][PASSED] - callTestCase(findTestCase("Custom Item Details/UTILITIES/CLOSE_BROWSER"), [:], STOP_ON_FAILURE): Call Test Case 'Test Cases/Custom Item Details/UTILITIES/CLOSE_BROWSER' successfully

2022-04-06 20:09:30 - [TEST_CASE][PASSED] - Test Cases/Custom Item Details/UTILITIES/CLOSE_BROWSER: Test Cases/Custom Item Details/UTILITIES/CLOSE_BROWSER

2022-04-06 20:09:30 - [TEST_STEP][PASSED] - closeBrowser(): Browser is closed

2022-04-06 20:09:31 - [MESSAGE][PASSED] - Browser is closed

2022-04-06 20:09:31 - [MESSAGE][PASSED] - Call Test Case 'Test Cases/Custom Item Details/UTILITIES/CLOSE_BROWSER' successfully]]></system-out>
         <system-err><![CDATA[]]></system-err>
      </testcase>
      <testcase name="Test Cases/Custom Item Details/TEST CASE/TC_DETAILS_UI_050" time="14.459" classname="Test Cases/Custom Item Details/TEST CASE/TC_DETAILS_UI_050" status="PASSED">
         <system-out><![CDATA[2022-04-06 20:09:31 - [TEST_CASE][PASSED] - Test Cases/Custom Item Details/TEST CASE/TC_DETAILS_UI_050: Test Cases/Custom Item Details/TEST CASE/TC_DETAILS_UI_050

2022-04-06 20:09:31 - [TEST_STEP][PASSED] - callTestCase(findTestCase("Custom Item Details/UTILITIES/OPEN_BROWSER"), [:], STOP_ON_FAILURE): Call Test Case 'Test Cases/Custom Item Details/UTILITIES/OPEN_BROWSER' successfully

2022-04-06 20:09:31 - [TEST_CASE][PASSED] - Test Cases/Custom Item Details/UTILITIES/OPEN_BROWSER: Test Cases/Custom Item Details/UTILITIES/OPEN_BROWSER

2022-04-06 20:09:31 - [TEST_STEP][PASSED] - openBrowser("https://diagnostics.staging.arcadier.io/"): Browser is opened with url: 'https://diagnostics.staging.arcadier.io/'

2022-04-06 20:09:31 - [MESSAGE][INFO] - Starting 'Chrome' driver

2022-04-06 20:09:31 - [MESSAGE][INFO] - Action delay is set to 0 milliseconds

2022-04-06 20:09:34 - [MESSAGE][PASSED] - Browser is opened with url: 'https://diagnostics.staging.arcadier.io/'

2022-04-06 20:09:34 - [TEST_STEP][PASSED] - maximizeWindow(): Current window maximized

2022-04-06 20:09:34 - [MESSAGE][PASSED] - Current window maximized

2022-04-06 20:09:34 - [TEST_STEP][PASSED] - click(findTestObject("Item Details Objects/Page_diagnostics/a_Accept Cookies")): Object: 'Object Repository/Item Details Objects/Page_diagnostics/a_Accept Cookies' is clicked on

2022-04-06 20:09:36 - [MESSAGE][PASSED] - Object: 'Object Repository/Item Details Objects/Page_diagnostics/a_Accept Cookies' is clicked on

2022-04-06 20:09:36 - [TEST_STEP][PASSED] - click(findTestObject("New_Homepage/Page_diagnostics/a_COVID-19 DIAGNOSTICS"), STOP_ON_FAILURE): Object: 'Object Repository/New_Homepage/Page_diagnostics/a_COVID-19 DIAGNOSTICS' is clicked on

2022-04-06 20:09:39 - [MESSAGE][PASSED] - Object: 'Object Repository/New_Homepage/Page_diagnostics/a_COVID-19 DIAGNOSTICS' is clicked on

2022-04-06 20:09:39 - [TEST_STEP][PASSED] - mouseOver(findTestObject("New_Homepage/Page_diagnostics/a_Abbott Rapid Diagnostics PANBIO COVID-19 Ag Rapid Test Device (Nasopharyngeal)")): Object: 'Object Repository/New_Homepage/Page_diagnostics/a_Abbott Rapid Diagnostics PANBIO COVID-19 Ag Rapid Test Device (Nasopharyngeal)' is hovered

2022-04-06 20:09:41 - [MESSAGE][PASSED] - Object: 'Object Repository/New_Homepage/Page_diagnostics/a_Abbott Rapid Diagnostics PANBIO COVID-19 Ag Rapid Test Device (Nasopharyngeal)' is hovered

2022-04-06 20:09:41 - [TEST_STEP][PASSED] - click(findTestObject("New_Homepage/Page_diagnostics/a_Abbott Rapid Diagnostics PANBIO COVID-19 Ag Rapid Test Device (Nasopharyngeal)")): Object: 'Object Repository/New_Homepage/Page_diagnostics/a_Abbott Rapid Diagnostics PANBIO COVID-19 Ag Rapid Test Device (Nasopharyngeal)' is clicked on

2022-04-06 20:09:43 - [MESSAGE][PASSED] - Object: 'Object Repository/New_Homepage/Page_diagnostics/a_Abbott Rapid Diagnostics PANBIO COVID-19 Ag Rapid Test Device (Nasopharyngeal)' is clicked on

2022-04-06 20:09:43 - [MESSAGE][PASSED] - Call Test Case 'Test Cases/Custom Item Details/UTILITIES/OPEN_BROWSER' successfully

2022-04-06 20:09:43 - [TEST_STEP][PASSED] - verifyElementPresent(findTestObject("New_Homepage/Page_diagnostics/div_Ex works price exclusive of taxes and shipping costs"), 0): Object 'Object Repository/New_Homepage/Page_diagnostics/div_Ex works price exclusive of taxes and shipping costs' is present

2022-04-06 20:09:43 - [MESSAGE][WARNING] - Timeout '0' is invalid. Using default page load timeout: '30'

2022-04-06 20:09:44 - [MESSAGE][PASSED] - Object 'Object Repository/New_Homepage/Page_diagnostics/div_Ex works price exclusive of taxes and shipping costs' is present

2022-04-06 20:09:44 - [TEST_STEP][PASSED] - callTestCase(findTestCase("Custom Item Details/UTILITIES/CLOSE_BROWSER"), [:], STOP_ON_FAILURE): Call Test Case 'Test Cases/Custom Item Details/UTILITIES/CLOSE_BROWSER' successfully

2022-04-06 20:09:45 - [TEST_CASE][PASSED] - Test Cases/Custom Item Details/UTILITIES/CLOSE_BROWSER: Test Cases/Custom Item Details/UTILITIES/CLOSE_BROWSER

2022-04-06 20:09:45 - [TEST_STEP][PASSED] - closeBrowser(): Browser is closed

2022-04-06 20:09:45 - [MESSAGE][PASSED] - Browser is closed

2022-04-06 20:09:45 - [MESSAGE][PASSED] - Call Test Case 'Test Cases/Custom Item Details/UTILITIES/CLOSE_BROWSER' successfully]]></system-out>
         <system-err><![CDATA[]]></system-err>
      </testcase>
      <testcase name="Test Cases/Custom Item Details/TEST CASE/TC_DETAILS_UI_051" time="24.1" classname="Test Cases/Custom Item Details/TEST CASE/TC_DETAILS_UI_051" status="PASSED">
         <system-out><![CDATA[2022-04-06 20:09:45 - [TEST_CASE][PASSED] - Test Cases/Custom Item Details/TEST CASE/TC_DETAILS_UI_051: Test Cases/Custom Item Details/TEST CASE/TC_DETAILS_UI_051

2022-04-06 20:09:45 - [TEST_STEP][PASSED] - callTestCase(findTestCase("Custom Item Details/UTILITIES/OPEN_BROWSER"), [:], STOP_ON_FAILURE): Call Test Case 'Test Cases/Custom Item Details/UTILITIES/OPEN_BROWSER' successfully

2022-04-06 20:09:45 - [TEST_CASE][PASSED] - Test Cases/Custom Item Details/UTILITIES/OPEN_BROWSER: Test Cases/Custom Item Details/UTILITIES/OPEN_BROWSER

2022-04-06 20:09:45 - [TEST_STEP][PASSED] - openBrowser("https://diagnostics.staging.arcadier.io/"): Browser is opened with url: 'https://diagnostics.staging.arcadier.io/'

2022-04-06 20:09:45 - [MESSAGE][INFO] - Starting 'Chrome' driver

2022-04-06 20:09:45 - [MESSAGE][INFO] - Action delay is set to 0 milliseconds

2022-04-06 20:09:49 - [MESSAGE][PASSED] - Browser is opened with url: 'https://diagnostics.staging.arcadier.io/'

2022-04-06 20:09:49 - [TEST_STEP][PASSED] - maximizeWindow(): Current window maximized

2022-04-06 20:09:49 - [MESSAGE][PASSED] - Current window maximized

2022-04-06 20:09:49 - [TEST_STEP][PASSED] - click(findTestObject("Item Details Objects/Page_diagnostics/a_Accept Cookies")): Object: 'Object Repository/Item Details Objects/Page_diagnostics/a_Accept Cookies' is clicked on

2022-04-06 20:09:51 - [MESSAGE][PASSED] - Object: 'Object Repository/Item Details Objects/Page_diagnostics/a_Accept Cookies' is clicked on

2022-04-06 20:09:51 - [TEST_STEP][PASSED] - click(findTestObject("New_Homepage/Page_diagnostics/a_COVID-19 DIAGNOSTICS"), STOP_ON_FAILURE): Object: 'Object Repository/New_Homepage/Page_diagnostics/a_COVID-19 DIAGNOSTICS' is clicked on

2022-04-06 20:09:54 - [MESSAGE][PASSED] - Object: 'Object Repository/New_Homepage/Page_diagnostics/a_COVID-19 DIAGNOSTICS' is clicked on

2022-04-06 20:09:54 - [TEST_STEP][PASSED] - mouseOver(findTestObject("New_Homepage/Page_diagnostics/a_Abbott Rapid Diagnostics PANBIO COVID-19 Ag Rapid Test Device (Nasopharyngeal)")): Object: 'Object Repository/New_Homepage/Page_diagnostics/a_Abbott Rapid Diagnostics PANBIO COVID-19 Ag Rapid Test Device (Nasopharyngeal)' is hovered

2022-04-06 20:09:55 - [MESSAGE][PASSED] - Object: 'Object Repository/New_Homepage/Page_diagnostics/a_Abbott Rapid Diagnostics PANBIO COVID-19 Ag Rapid Test Device (Nasopharyngeal)' is hovered

2022-04-06 20:09:55 - [TEST_STEP][PASSED] - click(findTestObject("New_Homepage/Page_diagnostics/a_Abbott Rapid Diagnostics PANBIO COVID-19 Ag Rapid Test Device (Nasopharyngeal)")): Object: 'Object Repository/New_Homepage/Page_diagnostics/a_Abbott Rapid Diagnostics PANBIO COVID-19 Ag Rapid Test Device (Nasopharyngeal)' is clicked on

2022-04-06 20:09:57 - [MESSAGE][PASSED] - Object: 'Object Repository/New_Homepage/Page_diagnostics/a_Abbott Rapid Diagnostics PANBIO COVID-19 Ag Rapid Test Device (Nasopharyngeal)' is clicked on

2022-04-06 20:09:57 - [MESSAGE][PASSED] - Call Test Case 'Test Cases/Custom Item Details/UTILITIES/OPEN_BROWSER' successfully

2022-04-06 20:09:57 - [TEST_STEP][PASSED] - waitForElementVisible(findTestObject("Staging Objects/Page_diagnostics/a_REQUEST FOR QUOTATION"), 0): Object 'Object Repository/Staging Objects/Page_diagnostics/a_REQUEST FOR QUOTATION' is visible

2022-04-06 20:09:57 - [MESSAGE][WARNING] - Timeout '0' is invalid. Using default page load timeout: '30'

2022-04-06 20:09:59 - [MESSAGE][PASSED] - Object 'Object Repository/Staging Objects/Page_diagnostics/a_REQUEST FOR QUOTATION' is visible

2022-04-06 20:09:59 - [TEST_STEP][PASSED] - click(findTestObject("Staging Objects/Page_diagnostics/a_REQUEST FOR QUOTATION")): Object: 'Object Repository/Staging Objects/Page_diagnostics/a_REQUEST FOR QUOTATION' is clicked on

2022-04-06 20:10:00 - [MESSAGE][PASSED] - Object: 'Object Repository/Staging Objects/Page_diagnostics/a_REQUEST FOR QUOTATION' is clicked on

2022-04-06 20:10:00 - [TEST_STEP][PASSED] - callTestCase(findTestCase("Custom Item Details/UTILITIES/LOGIN"), [:], STOP_ON_FAILURE): Call Test Case 'Test Cases/Custom Item Details/UTILITIES/LOGIN' successfully

2022-04-06 20:10:00 - [TEST_CASE][PASSED] - Test Cases/Custom Item Details/UTILITIES/LOGIN: Test Cases/Custom Item Details/UTILITIES/LOGIN

2022-04-06 20:10:00 - [TEST_STEP][PASSED] - click(findTestObject("Login Page/Page_diagnostics/a_Sign_In_as_ Buyer")): Object: 'Object Repository/Login Page/Page_diagnostics/a_Sign_In_as_ Buyer' is clicked on

2022-04-06 20:10:00 - [MESSAGE][PASSED] - Object: 'Object Repository/Login Page/Page_diagnostics/a_Sign_In_as_ Buyer' is clicked on

2022-04-06 20:10:00 - [TEST_STEP][PASSED] - setText(findTestObject("Login Page/Page_diagnostics/input_EmailUsername"), "admin"): Text 'admin' is set on object 'Object Repository/Login Page/Page_diagnostics/input_EmailUsername'

2022-04-06 20:10:01 - [MESSAGE][PASSED] - Text 'admin' is set on object 'Object Repository/Login Page/Page_diagnostics/input_EmailUsername'

2022-04-06 20:10:01 - [TEST_STEP][PASSED] - setText(findTestObject("Login Page/Page_diagnostics/input_Password"), "Diagnostics123!"): Text 'Diagnostics123!' is set on object 'Object Repository/Login Page/Page_diagnostics/input_Password'

2022-04-06 20:10:02 - [MESSAGE][PASSED] - Text 'Diagnostics123!' is set on object 'Object Repository/Login Page/Page_diagnostics/input_Password'

2022-04-06 20:10:02 - [TEST_STEP][PASSED] - click(findTestObject("Login Page/Page_diagnostics/input_Login-Submit")): Object: 'Object Repository/Login Page/Page_diagnostics/input_Login-Submit' is clicked on

2022-04-06 20:10:06 - [MESSAGE][PASSED] - Object: 'Object Repository/Login Page/Page_diagnostics/input_Login-Submit' is clicked on

2022-04-06 20:10:06 - [MESSAGE][PASSED] - Call Test Case 'Test Cases/Custom Item Details/UTILITIES/LOGIN' successfully

2022-04-06 20:10:06 - [TEST_STEP][PASSED] - verifyElementPresent(findTestObject("New_Homepage/Page_diagnostics/input_Ex works price exclusive of taxes and shipping costs_qty"), 0): Object 'Object Repository/New_Homepage/Page_diagnostics/input_Ex works price exclusive of taxes and shipping costs_qty' is present

2022-04-06 20:10:06 - [MESSAGE][WARNING] - Timeout '0' is invalid. Using default page load timeout: '30'

2022-04-06 20:10:08 - [MESSAGE][PASSED] - Object 'Object Repository/New_Homepage/Page_diagnostics/input_Ex works price exclusive of taxes and shipping costs_qty' is present

2022-04-06 20:10:08 - [TEST_STEP][PASSED] - click(findTestObject("New_Homepage/Page_diagnostics/input_Ex works price exclusive of taxes and shipping costs_qty")): Object: 'Object Repository/New_Homepage/Page_diagnostics/input_Ex works price exclusive of taxes and shipping costs_qty' is clicked on

2022-04-06 20:10:08 - [MESSAGE][PASSED] - Object: 'Object Repository/New_Homepage/Page_diagnostics/input_Ex works price exclusive of taxes and shipping costs_qty' is clicked on

2022-04-06 20:10:08 - [TEST_STEP][PASSED] - setText(findTestObject("New_Homepage/Page_diagnostics/input_Ex works price exclusive of taxes and shipping costs_qty"), "1000000000"): Text '1000000000' is set on object 'Object Repository/New_Homepage/Page_diagnostics/input_Ex works price exclusive of taxes and shipping costs_qty'

2022-04-06 20:10:09 - [MESSAGE][PASSED] - Text '1000000000' is set on object 'Object Repository/New_Homepage/Page_diagnostics/input_Ex works price exclusive of taxes and shipping costs_qty'

2022-04-06 20:10:09 - [TEST_STEP][PASSED] - callTestCase(findTestCase("Custom Item Details/UTILITIES/CLOSE_BROWSER"), [:], STOP_ON_FAILURE): Call Test Case 'Test Cases/Custom Item Details/UTILITIES/CLOSE_BROWSER' successfully

2022-04-06 20:10:09 - [TEST_CASE][PASSED] - Test Cases/Custom Item Details/UTILITIES/CLOSE_BROWSER: Test Cases/Custom Item Details/UTILITIES/CLOSE_BROWSER

2022-04-06 20:10:09 - [TEST_STEP][PASSED] - closeBrowser(): Browser is closed

2022-04-06 20:10:09 - [MESSAGE][PASSED] - Browser is closed

2022-04-06 20:10:09 - [MESSAGE][PASSED] - Call Test Case 'Test Cases/Custom Item Details/UTILITIES/CLOSE_BROWSER' successfully]]></system-out>
         <system-err><![CDATA[]]></system-err>
      </testcase>
      <system-out><![CDATA[2022-04-06 19:43:51 - [TEST_SUITE][FAILED] - Item detail test: Test Cases/Custom Item Details/TEST CASE/TC_DETAILS_UI_022 FAILED.
Reason:
com.kms.katalon.core.exception.StepFailedException: Unable to verify object 'Object Repository/Staging Objects/Page_diagnostics/span_Alerts' is present
	at com.kms.katalon.core.webui.keyword.internal.WebUIKeywordMain.stepFailed(WebUIKeywordMain.groovy:64)
	at com.kms.katalon.core.webui.keyword.internal.WebUIKeywordMain.runKeyword(WebUIKeywordMain.groovy:26)
	at com.kms.katalon.core.webui.keyword.builtin.VerifyElementPresentKeyword.verifyElementPresent(VerifyElementPresentKeyword.groovy:92)
	at com.kms.katalon.core.webui.keyword.builtin.VerifyElementPresentKeyword.execute(VerifyElementPresentKeyword.groovy:68)
	at com.kms.katalon.core.keyword.internal.KeywordExecutor.executeKeywordForPlatform(KeywordExecutor.groovy:73)
	at com.kms.katalon.core.webui.keyword.WebUiBuiltInKeywords.verifyElementPresent(WebUiBuiltInKeywords.groovy:1461)
	at com.kms.katalon.core.webui.keyword.WebUiBuiltInKeywords$verifyElementPresent$9.call(Unknown Source)
	at TC_DETAILS_UI_022.run(TC_DETAILS_UI_022:22)
	at com.kms.katalon.core.main.ScriptEngine.run(ScriptEngine.java:194)
	at com.kms.katalon.core.main.ScriptEngine.runScriptAsRawText(ScriptEngine.java:119)
	at com.kms.katalon.core.main.TestCaseExecutor.runScript(TestCaseExecutor.java:339)
	at com.kms.katalon.core.main.TestCaseExecutor.doExecute(TestCaseExecutor.java:330)
	at com.kms.katalon.core.main.TestCaseExecutor.processExecutionPhase(TestCaseExecutor.java:309)
	at com.kms.katalon.core.main.TestCaseExecutor.accessMainPhase(TestCaseExecutor.java:301)
	at com.kms.katalon.core.main.TestCaseExecutor.execute(TestCaseExecutor.java:235)
	at com.kms.katalon.core.main.TestSuiteExecutor.accessTestCaseMainPhase(TestSuiteExecutor.java:191)
	at com.kms.katalon.core.main.TestSuiteExecutor.accessTestSuiteMainPhase(TestSuiteExecutor.java:141)
	at com.kms.katalon.core.main.TestSuiteExecutor.execute(TestSuiteExecutor.java:90)
	at com.kms.katalon.core.main.TestCaseMain.startTestSuite(TestCaseMain.java:157)
	at com.kms.katalon.core.main.TestCaseMain$startTestSuite$0.call(Unknown Source)
	at TempTestSuite1649245424728.run(TempTestSuite1649245424728.groovy:39)
Caused by: com.kms.katalon.core.exception.StepFailedException: com.kms.katalon.core.webui.exception.WebElementNotFoundException: Web element with id: 'Object Repository/Staging Objects/Page_diagnostics/span_Alerts' located by '//*[(text() = 'Alerts:' or . = 'Alerts:')]' not found
	at com.kms.katalon.core.webui.keyword.internal.WebUIKeywordMain.stepFailed(WebUIKeywordMain.groovy:64)
	at com.kms.katalon.core.webui.keyword.builtin.VerifyElementPresentKeyword$_verifyElementPresent_closure1.doCall(VerifyElementPresentKeyword.groovy:85)
	at com.kms.katalon.core.webui.keyword.builtin.VerifyElementPresentKeyword$_verifyElementPresent_closure1.call(VerifyElementPresentKeyword.groovy)
	at com.kms.katalon.core.webui.keyword.internal.WebUIKeywordMain.runKeyword(WebUIKeywordMain.groovy:20)
	... 19 more]]></system-out>
      <system-err><![CDATA[2022-04-06 19:43:51 - [TEST_SUITE][FAILED] - Item detail test: Test Cases/Custom Item Details/TEST CASE/TC_DETAILS_UI_022 FAILED.
Reason:
com.kms.katalon.core.exception.StepFailedException: Unable to verify object 'Object Repository/Staging Objects/Page_diagnostics/span_Alerts' is present
	at com.kms.katalon.core.webui.keyword.internal.WebUIKeywordMain.stepFailed(WebUIKeywordMain.groovy:64)
	at com.kms.katalon.core.webui.keyword.internal.WebUIKeywordMain.runKeyword(WebUIKeywordMain.groovy:26)
	at com.kms.katalon.core.webui.keyword.builtin.VerifyElementPresentKeyword.verifyElementPresent(VerifyElementPresentKeyword.groovy:92)
	at com.kms.katalon.core.webui.keyword.builtin.VerifyElementPresentKeyword.execute(VerifyElementPresentKeyword.groovy:68)
	at com.kms.katalon.core.keyword.internal.KeywordExecutor.executeKeywordForPlatform(KeywordExecutor.groovy:73)
	at com.kms.katalon.core.webui.keyword.WebUiBuiltInKeywords.verifyElementPresent(WebUiBuiltInKeywords.groovy:1461)
	at com.kms.katalon.core.webui.keyword.WebUiBuiltInKeywords$verifyElementPresent$9.call(Unknown Source)
	at TC_DETAILS_UI_022.run(TC_DETAILS_UI_022:22)
	at com.kms.katalon.core.main.ScriptEngine.run(ScriptEngine.java:194)
	at com.kms.katalon.core.main.ScriptEngine.runScriptAsRawText(ScriptEngine.java:119)
	at com.kms.katalon.core.main.TestCaseExecutor.runScript(TestCaseExecutor.java:339)
	at com.kms.katalon.core.main.TestCaseExecutor.doExecute(TestCaseExecutor.java:330)
	at com.kms.katalon.core.main.TestCaseExecutor.processExecutionPhase(TestCaseExecutor.java:309)
	at com.kms.katalon.core.main.TestCaseExecutor.accessMainPhase(TestCaseExecutor.java:301)
	at com.kms.katalon.core.main.TestCaseExecutor.execute(TestCaseExecutor.java:235)
	at com.kms.katalon.core.main.TestSuiteExecutor.accessTestCaseMainPhase(TestSuiteExecutor.java:191)
	at com.kms.katalon.core.main.TestSuiteExecutor.accessTestSuiteMainPhase(TestSuiteExecutor.java:141)
	at com.kms.katalon.core.main.TestSuiteExecutor.execute(TestSuiteExecutor.java:90)
	at com.kms.katalon.core.main.TestCaseMain.startTestSuite(TestCaseMain.java:157)
	at com.kms.katalon.core.main.TestCaseMain$startTestSuite$0.call(Unknown Source)
	at TempTestSuite1649245424728.run(TempTestSuite1649245424728.groovy:39)
Caused by: com.kms.katalon.core.exception.StepFailedException: com.kms.katalon.core.webui.exception.WebElementNotFoundException: Web element with id: 'Object Repository/Staging Objects/Page_diagnostics/span_Alerts' located by '//*[(text() = 'Alerts:' or . = 'Alerts:')]' not found
	at com.kms.katalon.core.webui.keyword.internal.WebUIKeywordMain.stepFailed(WebUIKeywordMain.groovy:64)
	at com.kms.katalon.core.webui.keyword.builtin.VerifyElementPresentKeyword$_verifyElementPresent_closure1.doCall(VerifyElementPresentKeyword.groovy:85)
	at com.kms.katalon.core.webui.keyword.builtin.VerifyElementPresentKeyword$_verifyElementPresent_closure1.call(VerifyElementPresentKeyword.groovy)
	at com.kms.katalon.core.webui.keyword.internal.WebUIKeywordMain.runKeyword(WebUIKeywordMain.groovy:20)
	... 19 more]]></system-err>
   </testsuite>
</testsuites>
